#
# There is insufficient memory for the Java Runtime Environment to continue.
# Native memory allocation (malloc) failed to allocate 1441136 bytes for Chunk::new
# Possible reasons:
#   The system is out of physical RAM or swap space
#   The process is running with CompressedOops enabled, and the Java Heap may be blocking the growth of the native heap
# Possible solutions:
#   Reduce memory load on the system
#   Increase physical memory or swap space
#   Check if swap backing store is full
#   Decrease Java heap size (-Xmx/-Xms)
#   Decrease number of Java threads
#   Decrease Java thread stack sizes (-Xss)
#   Set larger code cache with -XX:ReservedCodeCacheSize=
#   JVM is running with Unscaled Compressed Oops mode in which the Java heap is
#     placed in the first 4GB address space. The Java Heap base address is the
#     maximum limit for the native heap growth. Please use -XX:HeapBaseMinAddress
#     to set the Java Heap base and to place the Java Heap above 4GB virtual address.
# This output file may be truncated or incomplete.
#
#  Out of Memory Error (./src/hotspot/share/memory/arena.cpp:197), pid=9808, tid=15736
#
# JRE version: OpenJDK Runtime Environment (11.0.10) (build 11.0.10+0-b96-7249189)
# Java VM: OpenJDK 64-Bit Server VM (11.0.10+0-b96-7249189, mixed mode, tiered, compressed oops, g1 gc, windows-amd64)
# No core dump will be written. Minidumps are not enabled by default on client versions of Windows
#

---------------  S U M M A R Y ------------

Command Line: --add-opens=java.base/java.util=ALL-UNNAMED --add-opens=java.base/java.lang=ALL-UNNAMED --add-opens=java.base/java.lang.invoke=ALL-UNNAMED --add-opens=java.base/java.util=ALL-UNNAMED --add-opens=java.prefs/java.util.prefs=ALL-UNNAMED --add-opens=java.prefs/java.util.prefs=ALL-UNNAMED --add-opens=java.base/java.nio.charset=ALL-UNNAMED --add-opens=java.base/java.net=ALL-UNNAMED --add-opens=java.base/java.util.concurrent.atomic=ALL-UNNAMED -Xmx2048m -Dfile.encoding=UTF-8 -Duser.country=KR -Duser.language=ko -Duser.variant org.gradle.launcher.daemon.bootstrap.GradleDaemon 7.0.2

Host: Intel(R) Core(TM) i5-9400F CPU @ 2.90GHz, 6 cores, 15G,  Windows 10 , 64 bit Build 19041 (10.0.19041.1348)
Time: Fri Dec 17 09:27:51 2021 대한민국 표준시 elapsed time: 2.195280 seconds (0d 0h 0m 2s)

---------------  T H R E A D  ---------------

Current thread (0x000002baafd86000):  JavaThread "C2 CompilerThread1" daemon [_thread_in_native, id=15736, stack(0x000000ea7eb00000,0x000000ea7ec00000)]


Current CompileTask:
C2:   2195 1915   !   4       java.lang.ClassLoader::loadClass (122 bytes)

Stack: [0x000000ea7eb00000,0x000000ea7ec00000]
Native frames: (J=compiled Java code, j=interpreted, Vv=VM code, C=native code)
V  [jvm.dll+0x5ecfaa]
V  [jvm.dll+0x722bd5]
V  [jvm.dll+0x72412d]
V  [jvm.dll+0x7247e3]
V  [jvm.dll+0x242928]
V  [jvm.dll+0xbc4fc]
V  [jvm.dll+0xbca0c]
V  [jvm.dll+0x352d3b]
V  [jvm.dll+0x320ad3]
V  [jvm.dll+0x31ffca]
V  [jvm.dll+0x1fb602]
V  [jvm.dll+0x1fa7f4]
V  [jvm.dll+0x18354c]
V  [jvm.dll+0x208ee7]
V  [jvm.dll+0x207731]
V  [jvm.dll+0x6eb1cf]
V  [jvm.dll+0x6e3d45]
V  [jvm.dll+0x5ebe96]
C  [ucrtbase.dll+0x21bb2]
C  [KERNEL32.DLL+0x17034]
C  [ntdll.dll+0x52651]


---------------  P R O C E S S  ---------------

Threads class SMR info:
_java_thread_list=0x000002baaf60dac0, length=24, elements={
0x000002ba90bae800, 0x000002baad3f8000, 0x000002baad403000, 0x000002baad46f000,
0x000002baad470000, 0x000002baad471000, 0x000002baad474000, 0x000002baad47a800,
0x000002baad489800, 0x000002baad5e7000, 0x000002baaeddf800, 0x000002baaf5d4800,
0x000002baad731000, 0x000002baaecd8800, 0x000002baae86f000, 0x000002baae8a0800,
0x000002baaf76a800, 0x000002baafa27000, 0x000002baaeab6000, 0x000002baafdad000,
0x000002baafd86000, 0x000002baafdac800, 0x000002baafdab800, 0x000002baafdab000
}

Java Threads: ( => current thread )
  0x000002ba90bae800 JavaThread "main" [_thread_blocked, id=9012, stack(0x000000ea7cb00000,0x000000ea7cc00000)]
  0x000002baad3f8000 JavaThread "Reference Handler" daemon [_thread_blocked, id=22060, stack(0x000000ea7d200000,0x000000ea7d300000)]
  0x000002baad403000 JavaThread "Finalizer" daemon [_thread_blocked, id=13944, stack(0x000000ea7d300000,0x000000ea7d400000)]
  0x000002baad46f000 JavaThread "Signal Dispatcher" daemon [_thread_blocked, id=14396, stack(0x000000ea7d400000,0x000000ea7d500000)]
  0x000002baad470000 JavaThread "Attach Listener" daemon [_thread_blocked, id=10424, stack(0x000000ea7d500000,0x000000ea7d600000)]
  0x000002baad471000 JavaThread "Service Thread" daemon [_thread_blocked, id=15616, stack(0x000000ea7d600000,0x000000ea7d700000)]
  0x000002baad474000 JavaThread "C2 CompilerThread0" daemon [_thread_blocked, id=7092, stack(0x000000ea7d700000,0x000000ea7d800000)]
  0x000002baad47a800 JavaThread "C1 CompilerThread0" daemon [_thread_blocked, id=15600, stack(0x000000ea7d800000,0x000000ea7d900000)]
  0x000002baad489800 JavaThread "Sweeper thread" daemon [_thread_blocked, id=19468, stack(0x000000ea7d900000,0x000000ea7da00000)]
  0x000002baad5e7000 JavaThread "Common-Cleaner" daemon [_thread_blocked, id=15208, stack(0x000000ea7da00000,0x000000ea7db00000)]
  0x000002baaeddf800 JavaThread "Daemon health stats" [_thread_blocked, id=9932, stack(0x000000ea7e200000,0x000000ea7e300000)]
  0x000002baaf5d4800 JavaThread "Incoming local TCP Connector on port 11187" [_thread_in_native, id=7428, stack(0x000000ea7dc00000,0x000000ea7dd00000)]
  0x000002baad731000 JavaThread "Daemon periodic checks" [_thread_blocked, id=24336, stack(0x000000ea7e300000,0x000000ea7e400000)]
  0x000002baaecd8800 JavaThread "Daemon" [_thread_blocked, id=1412, stack(0x000000ea7e400000,0x000000ea7e500000)]
  0x000002baae86f000 JavaThread "Handler for socket connection from /127.0.0.1:11187 to /127.0.0.1:11188" [_thread_in_native, id=23872, stack(0x000000ea7e500000,0x000000ea7e600000)]
  0x000002baae8a0800 JavaThread "Cancel handler" [_thread_blocked, id=5936, stack(0x000000ea7e600000,0x000000ea7e700000)]
  0x000002baaf76a800 JavaThread "Daemon worker" [_thread_in_vm, id=16364, stack(0x000000ea7e700000,0x000000ea7e800000)]
  0x000002baafa27000 JavaThread "Asynchronous log dispatcher for DefaultDaemonConnection: socket connection from /127.0.0.1:11187 to /127.0.0.1:11188" [_thread_blocked, id=12180, stack(0x000000ea7e800000,0x000000ea7e900000)]
  0x000002baaeab6000 JavaThread "Stdin handler" [_thread_blocked, id=14188, stack(0x000000ea7e900000,0x000000ea7ea00000)]
  0x000002baafdad000 JavaThread "Daemon client event forwarder" [_thread_blocked, id=18036, stack(0x000000ea7ea00000,0x000000ea7eb00000)]
=>0x000002baafd86000 JavaThread "C2 CompilerThread1" daemon [_thread_in_native, id=15736, stack(0x000000ea7eb00000,0x000000ea7ec00000)]
  0x000002baafdac800 JavaThread "Cache worker for file hash cache (C:\Users\dhekd\.gradle\caches\7.0.2\fileHashes)" [_thread_blocked, id=20728, stack(0x000000ea7ec00000,0x000000ea7ed00000)]
  0x000002baafdab800 JavaThread "File lock request listener" [_thread_in_native, id=22280, stack(0x000000ea7ed00000,0x000000ea7ee00000)]
  0x000002baafdab000 JavaThread "Cache worker for journal cache (C:\Users\dhekd\.gradle\caches\journal-1)" [_thread_blocked, id=17680, stack(0x000000ea7ef00000,0x000000ea7f000000)]

Other Threads:
  0x000002baad3f5800 VMThread "VM Thread" [stack: 0x000000ea7d100000,0x000000ea7d200000] [id=10244]
  0x000002baad5e8800 WatcherThread [stack: 0x000000ea7db00000,0x000000ea7dc00000] [id=1932]
  0x000002ba90bc8000 GCTaskThread "GC Thread#0" [stack: 0x000000ea7cc00000,0x000000ea7cd00000] [id=26316]
  0x000002baadb6c000 GCTaskThread "GC Thread#1" [stack: 0x000000ea7dd00000,0x000000ea7de00000] [id=13772]
  0x000002baae123000 GCTaskThread "GC Thread#2" [stack: 0x000000ea7de00000,0x000000ea7df00000] [id=27900]
  0x000002baadd5a000 GCTaskThread "GC Thread#3" [stack: 0x000000ea7df00000,0x000000ea7e000000] [id=10692]
  0x000002baae1ca000 GCTaskThread "GC Thread#4" [stack: 0x000000ea7e000000,0x000000ea7e100000] [id=14348]
  0x000002baadf70000 GCTaskThread "GC Thread#5" [stack: 0x000000ea7e100000,0x000000ea7e200000] [id=28012]
  0x000002ba90bf9000 ConcurrentGCThread "G1 Main Marker" [stack: 0x000000ea7cd00000,0x000000ea7ce00000] [id=14988]
  0x000002ba90bfa000 ConcurrentGCThread "G1 Conc#0" [stack: 0x000000ea7ce00000,0x000000ea7cf00000] [id=14100]
  0x000002baaf7cf800 ConcurrentGCThread "G1 Conc#1" [stack: 0x000000ea7ee00000,0x000000ea7ef00000] [id=21492]
  0x000002baaca3e800 ConcurrentGCThread "G1 Refine#0" [stack: 0x000000ea7cf00000,0x000000ea7d000000] [id=18368]
  0x000002baaca3f000 ConcurrentGCThread "G1 Young RemSet Sampling" [stack: 0x000000ea7d000000,0x000000ea7d100000] [id=7696]

Threads with active compile tasks:
C2 CompilerThread1   2223 1915   !   4       java.lang.ClassLoader::loadClass (122 bytes)

VM state:not at safepoint (normal execution)

VM Mutex/Monitor currently owned by a thread: None

Heap address: 0x0000000080000000, size: 2048 MB, Compressed Oops mode: 32-bit
Narrow klass base: 0x0000000000000000, Narrow klass shift: 3
Compressed class space size: 1073741824 Address: 0x0000000100000000

Heap:
 garbage-first heap   total 262144K, used 36566K [0x0000000080000000, 0x0000000100000000)
  region size 1024K, 22 young (22528K), 1 survivors (1024K)
 Metaspace       used 22214K, capacity 22835K, committed 23040K, reserved 1069056K
  class space    used 2825K, capacity 3036K, committed 3072K, reserved 1048576K
Heap Regions: E=young(eden), S=young(survivor), O=old, HS=humongous(starts), HC=humongous(continues), CS=collection set, F=free, A=archive, TAMS=top-at-mark-start (previous, next)
|   0|0x0000000080000000, 0x0000000080100000, 0x0000000080100000|100%| O|  |TAMS 0x0000000080100000, 0x0000000080000000| Untracked 
|   1|0x0000000080100000, 0x0000000080200000, 0x0000000080200000|100%| O|  |TAMS 0x0000000080200000, 0x0000000080100000| Untracked 
|   2|0x0000000080200000, 0x0000000080300000, 0x0000000080300000|100%| O|  |TAMS 0x0000000080300000, 0x0000000080200000| Untracked 
|   3|0x0000000080300000, 0x0000000080400000, 0x0000000080400000|100%|HS|  |TAMS 0x0000000080400000, 0x0000000080300000| Complete 
|   4|0x0000000080400000, 0x0000000080500000, 0x0000000080500000|100%|HC|  |TAMS 0x0000000080500000, 0x0000000080400000| Complete 
|   5|0x0000000080500000, 0x0000000080600000, 0x0000000080600000|100%|HC|  |TAMS 0x0000000080600000, 0x0000000080500000| Complete 
|   6|0x0000000080600000, 0x0000000080700000, 0x0000000080700000|100%| O|  |TAMS 0x0000000080700000, 0x0000000080600000| Untracked 
|   7|0x0000000080700000, 0x0000000080800000, 0x0000000080800000|100%| O|  |TAMS 0x0000000080800000, 0x0000000080700000| Untracked 
|   8|0x0000000080800000, 0x0000000080900000, 0x0000000080900000|100%| O|  |TAMS 0x0000000080900000, 0x0000000080800000| Untracked 
|   9|0x0000000080900000, 0x0000000080a00000, 0x0000000080a00000|100%| O|  |TAMS 0x0000000080a00000, 0x0000000080900000| Untracked 
|  10|0x0000000080a00000, 0x0000000080b00000, 0x0000000080b00000|100%| O|  |TAMS 0x0000000080b00000, 0x0000000080a00000| Untracked 
|  11|0x0000000080b00000, 0x0000000080c00000, 0x0000000080c00000|100%| O|  |TAMS 0x0000000080c00000, 0x0000000080b00000| Untracked 
|  12|0x0000000080c00000, 0x0000000080d00000, 0x0000000080d00000|100%| O|  |TAMS 0x0000000080d00000, 0x0000000080c00000| Untracked 
|  13|0x0000000080d00000, 0x0000000080e00000, 0x0000000080e00000|100%| O|  |TAMS 0x0000000080e00000, 0x0000000080d00000| Untracked 
|  14|0x0000000080e00000, 0x0000000080f00000, 0x0000000080f00000|100%| O|  |TAMS 0x0000000080f00000, 0x0000000080e00000| Untracked 
|  15|0x0000000080f00000, 0x0000000080fcf000, 0x0000000081000000| 80%| O|  |TAMS 0x0000000080fcf000, 0x0000000080f00000| Untracked 
|  16|0x0000000081000000, 0x0000000081000000, 0x0000000081100000|  0%| F|  |TAMS 0x0000000081000000, 0x0000000081000000| Untracked 
|  17|0x0000000081100000, 0x0000000081100000, 0x0000000081200000|  0%| F|  |TAMS 0x0000000081100000, 0x0000000081100000| Untracked 
|  18|0x0000000081200000, 0x0000000081200000, 0x0000000081300000|  0%| F|  |TAMS 0x0000000081200000, 0x0000000081200000| Untracked 
|  19|0x0000000081300000, 0x0000000081300000, 0x0000000081400000|  0%| F|  |TAMS 0x0000000081300000, 0x0000000081300000| Untracked 
|  20|0x0000000081400000, 0x0000000081400000, 0x0000000081500000|  0%| F|  |TAMS 0x0000000081400000, 0x0000000081400000| Untracked 
|  21|0x0000000081500000, 0x0000000081500000, 0x0000000081600000|  0%| F|  |TAMS 0x0000000081500000, 0x0000000081500000| Untracked 
|  22|0x0000000081600000, 0x0000000081600000, 0x0000000081700000|  0%| F|  |TAMS 0x0000000081600000, 0x0000000081600000| Untracked 
|  23|0x0000000081700000, 0x0000000081700000, 0x0000000081800000|  0%| F|  |TAMS 0x0000000081700000, 0x0000000081700000| Untracked 
|  24|0x0000000081800000, 0x0000000081800000, 0x0000000081900000|  0%| F|  |TAMS 0x0000000081800000, 0x0000000081800000| Untracked 
|  25|0x0000000081900000, 0x0000000081900000, 0x0000000081a00000|  0%| F|  |TAMS 0x0000000081900000, 0x0000000081900000| Untracked 
|  26|0x0000000081a00000, 0x0000000081a00000, 0x0000000081b00000|  0%| F|  |TAMS 0x0000000081a00000, 0x0000000081a00000| Untracked 
|  27|0x0000000081b00000, 0x0000000081b00000, 0x0000000081c00000|  0%| F|  |TAMS 0x0000000081b00000, 0x0000000081b00000| Untracked 
|  28|0x0000000081c00000, 0x0000000081c00000, 0x0000000081d00000|  0%| F|  |TAMS 0x0000000081c00000, 0x0000000081c00000| Untracked 
|  29|0x0000000081d00000, 0x0000000081d00000, 0x0000000081e00000|  0%| F|  |TAMS 0x0000000081d00000, 0x0000000081d00000| Untracked 
|  30|0x0000000081e00000, 0x0000000081e00000, 0x0000000081f00000|  0%| F|  |TAMS 0x0000000081e00000, 0x0000000081e00000| Untracked 
|  31|0x0000000081f00000, 0x0000000081f00000, 0x0000000082000000|  0%| F|  |TAMS 0x0000000081f00000, 0x0000000081f00000| Untracked 
|  32|0x0000000082000000, 0x0000000082000000, 0x0000000082100000|  0%| F|  |TAMS 0x0000000082000000, 0x0000000082000000| Untracked 
|  33|0x0000000082100000, 0x0000000082100000, 0x0000000082200000|  0%| F|  |TAMS 0x0000000082100000, 0x0000000082100000| Untracked 
|  34|0x0000000082200000, 0x0000000082200000, 0x0000000082300000|  0%| F|  |TAMS 0x0000000082200000, 0x0000000082200000| Untracked 
|  35|0x0000000082300000, 0x0000000082300000, 0x0000000082400000|  0%| F|  |TAMS 0x0000000082300000, 0x0000000082300000| Untracked 
|  36|0x0000000082400000, 0x0000000082400000, 0x0000000082500000|  0%| F|  |TAMS 0x0000000082400000, 0x0000000082400000| Untracked 
|  37|0x0000000082500000, 0x0000000082500000, 0x0000000082600000|  0%| F|  |TAMS 0x0000000082500000, 0x0000000082500000| Untracked 
|  38|0x0000000082600000, 0x0000000082600000, 0x0000000082700000|  0%| F|  |TAMS 0x0000000082600000, 0x0000000082600000| Untracked 
|  39|0x0000000082700000, 0x0000000082700000, 0x0000000082800000|  0%| F|  |TAMS 0x0000000082700000, 0x0000000082700000| Untracked 
|  40|0x0000000082800000, 0x0000000082800000, 0x0000000082900000|  0%| F|  |TAMS 0x0000000082800000, 0x0000000082800000| Untracked 
|  41|0x0000000082900000, 0x0000000082900000, 0x0000000082a00000|  0%| F|  |TAMS 0x0000000082900000, 0x0000000082900000| Untracked 
|  42|0x0000000082a00000, 0x0000000082a00000, 0x0000000082b00000|  0%| F|  |TAMS 0x0000000082a00000, 0x0000000082a00000| Untracked 
|  43|0x0000000082b00000, 0x0000000082b00000, 0x0000000082c00000|  0%| F|  |TAMS 0x0000000082b00000, 0x0000000082b00000| Untracked 
|  44|0x0000000082c00000, 0x0000000082c00000, 0x0000000082d00000|  0%| F|  |TAMS 0x0000000082c00000, 0x0000000082c00000| Untracked 
|  45|0x0000000082d00000, 0x0000000082d00000, 0x0000000082e00000|  0%| F|  |TAMS 0x0000000082d00000, 0x0000000082d00000| Untracked 
|  46|0x0000000082e00000, 0x0000000082e00000, 0x0000000082f00000|  0%| F|  |TAMS 0x0000000082e00000, 0x0000000082e00000| Untracked 
|  47|0x0000000082f00000, 0x0000000082f00000, 0x0000000083000000|  0%| F|  |TAMS 0x0000000082f00000, 0x0000000082f00000| Untracked 
|  48|0x0000000083000000, 0x0000000083000000, 0x0000000083100000|  0%| F|  |TAMS 0x0000000083000000, 0x0000000083000000| Untracked 
|  49|0x0000000083100000, 0x0000000083100000, 0x0000000083200000|  0%| F|  |TAMS 0x0000000083100000, 0x0000000083100000| Untracked 
|  50|0x0000000083200000, 0x0000000083200000, 0x0000000083300000|  0%| F|  |TAMS 0x0000000083200000, 0x0000000083200000| Untracked 
|  51|0x0000000083300000, 0x0000000083300000, 0x0000000083400000|  0%| F|  |TAMS 0x0000000083300000, 0x0000000083300000| Untracked 
|  52|0x0000000083400000, 0x0000000083400000, 0x0000000083500000|  0%| F|  |TAMS 0x0000000083400000, 0x0000000083400000| Untracked 
|  53|0x0000000083500000, 0x0000000083500000, 0x0000000083600000|  0%| F|  |TAMS 0x0000000083500000, 0x0000000083500000| Untracked 
|  54|0x0000000083600000, 0x0000000083600000, 0x0000000083700000|  0%| F|  |TAMS 0x0000000083600000, 0x0000000083600000| Untracked 
|  55|0x0000000083700000, 0x0000000083700000, 0x0000000083800000|  0%| F|  |TAMS 0x0000000083700000, 0x0000000083700000| Untracked 
|  56|0x0000000083800000, 0x0000000083800000, 0x0000000083900000|  0%| F|  |TAMS 0x0000000083800000, 0x0000000083800000| Untracked 
|  57|0x0000000083900000, 0x0000000083900000, 0x0000000083a00000|  0%| F|  |TAMS 0x0000000083900000, 0x0000000083900000| Untracked 
|  58|0x0000000083a00000, 0x0000000083a00000, 0x0000000083b00000|  0%| F|  |TAMS 0x0000000083a00000, 0x0000000083a00000| Untracked 
|  59|0x0000000083b00000, 0x0000000083b00000, 0x0000000083c00000|  0%| F|  |TAMS 0x0000000083b00000, 0x0000000083b00000| Untracked 
|  60|0x0000000083c00000, 0x0000000083c00000, 0x0000000083d00000|  0%| F|  |TAMS 0x0000000083c00000, 0x0000000083c00000| Untracked 
|  61|0x0000000083d00000, 0x0000000083d00000, 0x0000000083e00000|  0%| F|  |TAMS 0x0000000083d00000, 0x0000000083d00000| Untracked 
|  62|0x0000000083e00000, 0x0000000083e00000, 0x0000000083f00000|  0%| F|  |TAMS 0x0000000083e00000, 0x0000000083e00000| Untracked 
|  63|0x0000000083f00000, 0x0000000083f00000, 0x0000000084000000|  0%| F|  |TAMS 0x0000000083f00000, 0x0000000083f00000| Untracked 
|  64|0x0000000084000000, 0x0000000084000000, 0x0000000084100000|  0%| F|  |TAMS 0x0000000084000000, 0x0000000084000000| Untracked 
|  65|0x0000000084100000, 0x0000000084100000, 0x0000000084200000|  0%| F|  |TAMS 0x0000000084100000, 0x0000000084100000| Untracked 
|  66|0x0000000084200000, 0x0000000084200000, 0x0000000084300000|  0%| F|  |TAMS 0x0000000084200000, 0x0000000084200000| Untracked 
|  67|0x0000000084300000, 0x0000000084300000, 0x0000000084400000|  0%| F|  |TAMS 0x0000000084300000, 0x0000000084300000| Untracked 
|  68|0x0000000084400000, 0x0000000084400000, 0x0000000084500000|  0%| F|  |TAMS 0x0000000084400000, 0x0000000084400000| Untracked 
|  69|0x0000000084500000, 0x0000000084500000, 0x0000000084600000|  0%| F|  |TAMS 0x0000000084500000, 0x0000000084500000| Untracked 
|  70|0x0000000084600000, 0x0000000084600000, 0x0000000084700000|  0%| F|  |TAMS 0x0000000084600000, 0x0000000084600000| Untracked 
|  71|0x0000000084700000, 0x0000000084700000, 0x0000000084800000|  0%| F|  |TAMS 0x0000000084700000, 0x0000000084700000| Untracked 
|  72|0x0000000084800000, 0x0000000084800000, 0x0000000084900000|  0%| F|  |TAMS 0x0000000084800000, 0x0000000084800000| Untracked 
|  73|0x0000000084900000, 0x0000000084900000, 0x0000000084a00000|  0%| F|  |TAMS 0x0000000084900000, 0x0000000084900000| Untracked 
|  74|0x0000000084a00000, 0x0000000084a00000, 0x0000000084b00000|  0%| F|  |TAMS 0x0000000084a00000, 0x0000000084a00000| Untracked 
|  75|0x0000000084b00000, 0x0000000084b00000, 0x0000000084c00000|  0%| F|  |TAMS 0x0000000084b00000, 0x0000000084b00000| Untracked 
|  76|0x0000000084c00000, 0x0000000084c00000, 0x0000000084d00000|  0%| F|  |TAMS 0x0000000084c00000, 0x0000000084c00000| Untracked 
|  77|0x0000000084d00000, 0x0000000084d00000, 0x0000000084e00000|  0%| F|  |TAMS 0x0000000084d00000, 0x0000000084d00000| Untracked 
|  78|0x0000000084e00000, 0x0000000084e00000, 0x0000000084f00000|  0%| F|  |TAMS 0x0000000084e00000, 0x0000000084e00000| Untracked 
|  79|0x0000000084f00000, 0x0000000084f00000, 0x0000000085000000|  0%| F|  |TAMS 0x0000000084f00000, 0x0000000084f00000| Untracked 
|  80|0x0000000085000000, 0x0000000085000000, 0x0000000085100000|  0%| F|  |TAMS 0x0000000085000000, 0x0000000085000000| Untracked 
|  81|0x0000000085100000, 0x0000000085100000, 0x0000000085200000|  0%| F|  |TAMS 0x0000000085100000, 0x0000000085100000| Untracked 
|  82|0x0000000085200000, 0x0000000085200000, 0x0000000085300000|  0%| F|  |TAMS 0x0000000085200000, 0x0000000085200000| Untracked 
|  83|0x0000000085300000, 0x0000000085300000, 0x0000000085400000|  0%| F|  |TAMS 0x0000000085300000, 0x0000000085300000| Untracked 
|  84|0x0000000085400000, 0x0000000085400000, 0x0000000085500000|  0%| F|  |TAMS 0x0000000085400000, 0x0000000085400000| Untracked 
|  85|0x0000000085500000, 0x0000000085500000, 0x0000000085600000|  0%| F|  |TAMS 0x0000000085500000, 0x0000000085500000| Untracked 
|  86|0x0000000085600000, 0x0000000085600000, 0x0000000085700000|  0%| F|  |TAMS 0x0000000085600000, 0x0000000085600000| Untracked 
|  87|0x0000000085700000, 0x0000000085700000, 0x0000000085800000|  0%| F|  |TAMS 0x0000000085700000, 0x0000000085700000| Untracked 
|  88|0x0000000085800000, 0x0000000085800000, 0x0000000085900000|  0%| F|  |TAMS 0x0000000085800000, 0x0000000085800000| Untracked 
|  89|0x0000000085900000, 0x0000000085900000, 0x0000000085a00000|  0%| F|  |TAMS 0x0000000085900000, 0x0000000085900000| Untracked 
|  90|0x0000000085a00000, 0x0000000085a00000, 0x0000000085b00000|  0%| F|  |TAMS 0x0000000085a00000, 0x0000000085a00000| Untracked 
|  91|0x0000000085b00000, 0x0000000085b00000, 0x0000000085c00000|  0%| F|  |TAMS 0x0000000085b00000, 0x0000000085b00000| Untracked 
|  92|0x0000000085c00000, 0x0000000085c00000, 0x0000000085d00000|  0%| F|  |TAMS 0x0000000085c00000, 0x0000000085c00000| Untracked 
|  93|0x0000000085d00000, 0x0000000085d00000, 0x0000000085e00000|  0%| F|  |TAMS 0x0000000085d00000, 0x0000000085d00000| Untracked 
|  94|0x0000000085e00000, 0x0000000085e00000, 0x0000000085f00000|  0%| F|  |TAMS 0x0000000085e00000, 0x0000000085e00000| Untracked 
|  95|0x0000000085f00000, 0x0000000085f00000, 0x0000000086000000|  0%| F|  |TAMS 0x0000000085f00000, 0x0000000085f00000| Untracked 
|  96|0x0000000086000000, 0x0000000086000000, 0x0000000086100000|  0%| F|  |TAMS 0x0000000086000000, 0x0000000086000000| Untracked 
|  97|0x0000000086100000, 0x0000000086100000, 0x0000000086200000|  0%| F|  |TAMS 0x0000000086100000, 0x0000000086100000| Untracked 
|  98|0x0000000086200000, 0x0000000086200000, 0x0000000086300000|  0%| F|  |TAMS 0x0000000086200000, 0x0000000086200000| Untracked 
|  99|0x0000000086300000, 0x0000000086300000, 0x0000000086400000|  0%| F|  |TAMS 0x0000000086300000, 0x0000000086300000| Untracked 
| 100|0x0000000086400000, 0x0000000086400000, 0x0000000086500000|  0%| F|  |TAMS 0x0000000086400000, 0x0000000086400000| Untracked 
| 101|0x0000000086500000, 0x0000000086500000, 0x0000000086600000|  0%| F|  |TAMS 0x0000000086500000, 0x0000000086500000| Untracked 
| 102|0x0000000086600000, 0x0000000086600000, 0x0000000086700000|  0%| F|  |TAMS 0x0000000086600000, 0x0000000086600000| Untracked 
| 103|0x0000000086700000, 0x0000000086700000, 0x0000000086800000|  0%| F|  |TAMS 0x0000000086700000, 0x0000000086700000| Untracked 
| 104|0x0000000086800000, 0x0000000086800000, 0x0000000086900000|  0%| F|  |TAMS 0x0000000086800000, 0x0000000086800000| Untracked 
| 105|0x0000000086900000, 0x0000000086900000, 0x0000000086a00000|  0%| F|  |TAMS 0x0000000086900000, 0x0000000086900000| Untracked 
| 106|0x0000000086a00000, 0x0000000086a00000, 0x0000000086b00000|  0%| F|  |TAMS 0x0000000086a00000, 0x0000000086a00000| Untracked 
| 107|0x0000000086b00000, 0x0000000086b00000, 0x0000000086c00000|  0%| F|  |TAMS 0x0000000086b00000, 0x0000000086b00000| Untracked 
| 108|0x0000000086c00000, 0x0000000086c00000, 0x0000000086d00000|  0%| F|  |TAMS 0x0000000086c00000, 0x0000000086c00000| Untracked 
| 109|0x0000000086d00000, 0x0000000086d00000, 0x0000000086e00000|  0%| F|  |TAMS 0x0000000086d00000, 0x0000000086d00000| Untracked 
| 110|0x0000000086e00000, 0x0000000086e00000, 0x0000000086f00000|  0%| F|  |TAMS 0x0000000086e00000, 0x0000000086e00000| Untracked 
| 111|0x0000000086f00000, 0x0000000086f00000, 0x0000000087000000|  0%| F|  |TAMS 0x0000000086f00000, 0x0000000086f00000| Untracked 
| 112|0x0000000087000000, 0x0000000087000000, 0x0000000087100000|  0%| F|  |TAMS 0x0000000087000000, 0x0000000087000000| Untracked 
| 113|0x0000000087100000, 0x0000000087100000, 0x0000000087200000|  0%| F|  |TAMS 0x0000000087100000, 0x0000000087100000| Untracked 
| 114|0x0000000087200000, 0x0000000087200000, 0x0000000087300000|  0%| F|  |TAMS 0x0000000087200000, 0x0000000087200000| Untracked 
| 115|0x0000000087300000, 0x0000000087300000, 0x0000000087400000|  0%| F|  |TAMS 0x0000000087300000, 0x0000000087300000| Untracked 
| 116|0x0000000087400000, 0x0000000087400000, 0x0000000087500000|  0%| F|  |TAMS 0x0000000087400000, 0x0000000087400000| Untracked 
| 117|0x0000000087500000, 0x0000000087500000, 0x0000000087600000|  0%| F|  |TAMS 0x0000000087500000, 0x0000000087500000| Untracked 
| 118|0x0000000087600000, 0x0000000087600000, 0x0000000087700000|  0%| F|  |TAMS 0x0000000087600000, 0x0000000087600000| Untracked 
| 119|0x0000000087700000, 0x0000000087700000, 0x0000000087800000|  0%| F|  |TAMS 0x0000000087700000, 0x0000000087700000| Untracked 
| 120|0x0000000087800000, 0x0000000087800000, 0x0000000087900000|  0%| F|  |TAMS 0x0000000087800000, 0x0000000087800000| Untracked 
| 121|0x0000000087900000, 0x0000000087900000, 0x0000000087a00000|  0%| F|  |TAMS 0x0000000087900000, 0x0000000087900000| Untracked 
| 122|0x0000000087a00000, 0x0000000087a00000, 0x0000000087b00000|  0%| F|  |TAMS 0x0000000087a00000, 0x0000000087a00000| Untracked 
| 123|0x0000000087b00000, 0x0000000087b00000, 0x0000000087c00000|  0%| F|  |TAMS 0x0000000087b00000, 0x0000000087b00000| Untracked 
| 124|0x0000000087c00000, 0x0000000087c00000, 0x0000000087d00000|  0%| F|  |TAMS 0x0000000087c00000, 0x0000000087c00000| Untracked 
| 125|0x0000000087d00000, 0x0000000087d00000, 0x0000000087e00000|  0%| F|  |TAMS 0x0000000087d00000, 0x0000000087d00000| Untracked 
| 126|0x0000000087e00000, 0x0000000087e00000, 0x0000000087f00000|  0%| F|  |TAMS 0x0000000087e00000, 0x0000000087e00000| Untracked 
| 127|0x0000000087f00000, 0x0000000087f00000, 0x0000000088000000|  0%| F|  |TAMS 0x0000000087f00000, 0x0000000087f00000| Untracked 
| 128|0x0000000088000000, 0x0000000088000000, 0x0000000088100000|  0%| F|  |TAMS 0x0000000088000000, 0x0000000088000000| Untracked 
| 129|0x0000000088100000, 0x0000000088100000, 0x0000000088200000|  0%| F|  |TAMS 0x0000000088100000, 0x0000000088100000| Untracked 
| 130|0x0000000088200000, 0x0000000088200000, 0x0000000088300000|  0%| F|  |TAMS 0x0000000088200000, 0x0000000088200000| Untracked 
| 131|0x0000000088300000, 0x0000000088300000, 0x0000000088400000|  0%| F|  |TAMS 0x0000000088300000, 0x0000000088300000| Untracked 
| 132|0x0000000088400000, 0x0000000088400000, 0x0000000088500000|  0%| F|  |TAMS 0x0000000088400000, 0x0000000088400000| Untracked 
| 133|0x0000000088500000, 0x0000000088500000, 0x0000000088600000|  0%| F|  |TAMS 0x0000000088500000, 0x0000000088500000| Untracked 
| 134|0x0000000088600000, 0x0000000088600000, 0x0000000088700000|  0%| F|  |TAMS 0x0000000088600000, 0x0000000088600000| Untracked 
| 135|0x0000000088700000, 0x0000000088700000, 0x0000000088800000|  0%| F|  |TAMS 0x0000000088700000, 0x0000000088700000| Untracked 
| 136|0x0000000088800000, 0x0000000088800000, 0x0000000088900000|  0%| F|  |TAMS 0x0000000088800000, 0x0000000088800000| Untracked 
| 137|0x0000000088900000, 0x0000000088900000, 0x0000000088a00000|  0%| F|  |TAMS 0x0000000088900000, 0x0000000088900000| Untracked 
| 138|0x0000000088a00000, 0x0000000088a00000, 0x0000000088b00000|  0%| F|  |TAMS 0x0000000088a00000, 0x0000000088a00000| Untracked 
| 139|0x0000000088b00000, 0x0000000088b00000, 0x0000000088c00000|  0%| F|  |TAMS 0x0000000088b00000, 0x0000000088b00000| Untracked 
| 140|0x0000000088c00000, 0x0000000088c00000, 0x0000000088d00000|  0%| F|  |TAMS 0x0000000088c00000, 0x0000000088c00000| Untracked 
| 141|0x0000000088d00000, 0x0000000088d00000, 0x0000000088e00000|  0%| F|  |TAMS 0x0000000088d00000, 0x0000000088d00000| Untracked 
| 142|0x0000000088e00000, 0x0000000088e00000, 0x0000000088f00000|  0%| F|  |TAMS 0x0000000088e00000, 0x0000000088e00000| Untracked 
| 143|0x0000000088f00000, 0x0000000088f00000, 0x0000000089000000|  0%| F|  |TAMS 0x0000000088f00000, 0x0000000088f00000| Untracked 
| 144|0x0000000089000000, 0x0000000089000000, 0x0000000089100000|  0%| F|  |TAMS 0x0000000089000000, 0x0000000089000000| Untracked 
| 145|0x0000000089100000, 0x0000000089100000, 0x0000000089200000|  0%| F|  |TAMS 0x0000000089100000, 0x0000000089100000| Untracked 
| 146|0x0000000089200000, 0x0000000089200000, 0x0000000089300000|  0%| F|  |TAMS 0x0000000089200000, 0x0000000089200000| Untracked 
| 147|0x0000000089300000, 0x0000000089300000, 0x0000000089400000|  0%| F|  |TAMS 0x0000000089300000, 0x0000000089300000| Untracked 
| 148|0x0000000089400000, 0x0000000089400000, 0x0000000089500000|  0%| F|  |TAMS 0x0000000089400000, 0x0000000089400000| Untracked 
| 149|0x0000000089500000, 0x0000000089500000, 0x0000000089600000|  0%| F|  |TAMS 0x0000000089500000, 0x0000000089500000| Untracked 
| 150|0x0000000089600000, 0x0000000089600000, 0x0000000089700000|  0%| F|  |TAMS 0x0000000089600000, 0x0000000089600000| Untracked 
| 151|0x0000000089700000, 0x0000000089700000, 0x0000000089800000|  0%| F|  |TAMS 0x0000000089700000, 0x0000000089700000| Untracked 
| 152|0x0000000089800000, 0x0000000089800000, 0x0000000089900000|  0%| F|  |TAMS 0x0000000089800000, 0x0000000089800000| Untracked 
| 153|0x0000000089900000, 0x0000000089900000, 0x0000000089a00000|  0%| F|  |TAMS 0x0000000089900000, 0x0000000089900000| Untracked 
| 154|0x0000000089a00000, 0x0000000089a00000, 0x0000000089b00000|  0%| F|  |TAMS 0x0000000089a00000, 0x0000000089a00000| Untracked 
| 155|0x0000000089b00000, 0x0000000089b00000, 0x0000000089c00000|  0%| F|  |TAMS 0x0000000089b00000, 0x0000000089b00000| Untracked 
| 156|0x0000000089c00000, 0x0000000089c00000, 0x0000000089d00000|  0%| F|  |TAMS 0x0000000089c00000, 0x0000000089c00000| Untracked 
| 157|0x0000000089d00000, 0x0000000089d00000, 0x0000000089e00000|  0%| F|  |TAMS 0x0000000089d00000, 0x0000000089d00000| Untracked 
| 158|0x0000000089e00000, 0x0000000089e00000, 0x0000000089f00000|  0%| F|  |TAMS 0x0000000089e00000, 0x0000000089e00000| Untracked 
| 159|0x0000000089f00000, 0x0000000089f00000, 0x000000008a000000|  0%| F|  |TAMS 0x0000000089f00000, 0x0000000089f00000| Untracked 
| 160|0x000000008a000000, 0x000000008a000000, 0x000000008a100000|  0%| F|  |TAMS 0x000000008a000000, 0x000000008a000000| Untracked 
| 161|0x000000008a100000, 0x000000008a100000, 0x000000008a200000|  0%| F|  |TAMS 0x000000008a100000, 0x000000008a100000| Untracked 
| 162|0x000000008a200000, 0x000000008a200000, 0x000000008a300000|  0%| F|  |TAMS 0x000000008a200000, 0x000000008a200000| Untracked 
| 163|0x000000008a300000, 0x000000008a300000, 0x000000008a400000|  0%| F|  |TAMS 0x000000008a300000, 0x000000008a300000| Untracked 
| 164|0x000000008a400000, 0x000000008a400000, 0x000000008a500000|  0%| F|  |TAMS 0x000000008a400000, 0x000000008a400000| Untracked 
| 165|0x000000008a500000, 0x000000008a500000, 0x000000008a600000|  0%| F|  |TAMS 0x000000008a500000, 0x000000008a500000| Untracked 
| 166|0x000000008a600000, 0x000000008a600000, 0x000000008a700000|  0%| F|  |TAMS 0x000000008a600000, 0x000000008a600000| Untracked 
| 167|0x000000008a700000, 0x000000008a700000, 0x000000008a800000|  0%| F|  |TAMS 0x000000008a700000, 0x000000008a700000| Untracked 
| 168|0x000000008a800000, 0x000000008a800000, 0x000000008a900000|  0%| F|  |TAMS 0x000000008a800000, 0x000000008a800000| Untracked 
| 169|0x000000008a900000, 0x000000008a900000, 0x000000008aa00000|  0%| F|  |TAMS 0x000000008a900000, 0x000000008a900000| Untracked 
| 170|0x000000008aa00000, 0x000000008aa00000, 0x000000008ab00000|  0%| F|  |TAMS 0x000000008aa00000, 0x000000008aa00000| Untracked 
| 171|0x000000008ab00000, 0x000000008ab00000, 0x000000008ac00000|  0%| F|  |TAMS 0x000000008ab00000, 0x000000008ab00000| Untracked 
| 172|0x000000008ac00000, 0x000000008ac00000, 0x000000008ad00000|  0%| F|  |TAMS 0x000000008ac00000, 0x000000008ac00000| Untracked 
| 173|0x000000008ad00000, 0x000000008ad00000, 0x000000008ae00000|  0%| F|  |TAMS 0x000000008ad00000, 0x000000008ad00000| Untracked 
| 174|0x000000008ae00000, 0x000000008ae00000, 0x000000008af00000|  0%| F|  |TAMS 0x000000008ae00000, 0x000000008ae00000| Untracked 
| 175|0x000000008af00000, 0x000000008af00000, 0x000000008b000000|  0%| F|  |TAMS 0x000000008af00000, 0x000000008af00000| Untracked 
| 176|0x000000008b000000, 0x000000008b000000, 0x000000008b100000|  0%| F|  |TAMS 0x000000008b000000, 0x000000008b000000| Untracked 
| 177|0x000000008b100000, 0x000000008b100000, 0x000000008b200000|  0%| F|  |TAMS 0x000000008b100000, 0x000000008b100000| Untracked 
| 178|0x000000008b200000, 0x000000008b200000, 0x000000008b300000|  0%| F|  |TAMS 0x000000008b200000, 0x000000008b200000| Untracked 
| 179|0x000000008b300000, 0x000000008b300000, 0x000000008b400000|  0%| F|  |TAMS 0x000000008b300000, 0x000000008b300000| Untracked 
| 180|0x000000008b400000, 0x000000008b400000, 0x000000008b500000|  0%| F|  |TAMS 0x000000008b400000, 0x000000008b400000| Untracked 
| 181|0x000000008b500000, 0x000000008b500000, 0x000000008b600000|  0%| F|  |TAMS 0x000000008b500000, 0x000000008b500000| Untracked 
| 182|0x000000008b600000, 0x000000008b600000, 0x000000008b700000|  0%| F|  |TAMS 0x000000008b600000, 0x000000008b600000| Untracked 
| 183|0x000000008b700000, 0x000000008b700000, 0x000000008b800000|  0%| F|  |TAMS 0x000000008b700000, 0x000000008b700000| Untracked 
| 184|0x000000008b800000, 0x000000008b800000, 0x000000008b900000|  0%| F|  |TAMS 0x000000008b800000, 0x000000008b800000| Untracked 
| 185|0x000000008b900000, 0x000000008b900000, 0x000000008ba00000|  0%| F|  |TAMS 0x000000008b900000, 0x000000008b900000| Untracked 
| 186|0x000000008ba00000, 0x000000008ba00000, 0x000000008bb00000|  0%| F|  |TAMS 0x000000008ba00000, 0x000000008ba00000| Untracked 
| 187|0x000000008bb00000, 0x000000008bb00000, 0x000000008bc00000|  0%| F|  |TAMS 0x000000008bb00000, 0x000000008bb00000| Untracked 
| 188|0x000000008bc00000, 0x000000008bc00000, 0x000000008bd00000|  0%| F|  |TAMS 0x000000008bc00000, 0x000000008bc00000| Untracked 
| 189|0x000000008bd00000, 0x000000008bd00000, 0x000000008be00000|  0%| F|  |TAMS 0x000000008bd00000, 0x000000008bd00000| Untracked 
| 190|0x000000008be00000, 0x000000008be00000, 0x000000008bf00000|  0%| F|  |TAMS 0x000000008be00000, 0x000000008be00000| Untracked 
| 191|0x000000008bf00000, 0x000000008bf00000, 0x000000008c000000|  0%| F|  |TAMS 0x000000008bf00000, 0x000000008bf00000| Untracked 
| 192|0x000000008c000000, 0x000000008c000000, 0x000000008c100000|  0%| F|  |TAMS 0x000000008c000000, 0x000000008c000000| Untracked 
| 193|0x000000008c100000, 0x000000008c100000, 0x000000008c200000|  0%| F|  |TAMS 0x000000008c100000, 0x000000008c100000| Untracked 
| 194|0x000000008c200000, 0x000000008c200000, 0x000000008c300000|  0%| F|  |TAMS 0x000000008c200000, 0x000000008c200000| Untracked 
| 195|0x000000008c300000, 0x000000008c300000, 0x000000008c400000|  0%| F|  |TAMS 0x000000008c300000, 0x000000008c300000| Untracked 
| 196|0x000000008c400000, 0x000000008c400000, 0x000000008c500000|  0%| F|  |TAMS 0x000000008c400000, 0x000000008c400000| Untracked 
| 197|0x000000008c500000, 0x000000008c500000, 0x000000008c600000|  0%| F|  |TAMS 0x000000008c500000, 0x000000008c500000| Untracked 
| 198|0x000000008c600000, 0x000000008c600000, 0x000000008c700000|  0%| F|  |TAMS 0x000000008c600000, 0x000000008c600000| Untracked 
| 199|0x000000008c700000, 0x000000008c700000, 0x000000008c800000|  0%| F|  |TAMS 0x000000008c700000, 0x000000008c700000| Untracked 
| 200|0x000000008c800000, 0x000000008c800000, 0x000000008c900000|  0%| F|  |TAMS 0x000000008c800000, 0x000000008c800000| Untracked 
| 201|0x000000008c900000, 0x000000008c900000, 0x000000008ca00000|  0%| F|  |TAMS 0x000000008c900000, 0x000000008c900000| Untracked 
| 202|0x000000008ca00000, 0x000000008ca00000, 0x000000008cb00000|  0%| F|  |TAMS 0x000000008ca00000, 0x000000008ca00000| Untracked 
| 203|0x000000008cb00000, 0x000000008cb00000, 0x000000008cc00000|  0%| F|  |TAMS 0x000000008cb00000, 0x000000008cb00000| Untracked 
| 204|0x000000008cc00000, 0x000000008cc00000, 0x000000008cd00000|  0%| F|  |TAMS 0x000000008cc00000, 0x000000008cc00000| Untracked 
| 205|0x000000008cd00000, 0x000000008cd00000, 0x000000008ce00000|  0%| F|  |TAMS 0x000000008cd00000, 0x000000008cd00000| Untracked 
| 206|0x000000008ce00000, 0x000000008ce00000, 0x000000008cf00000|  0%| F|  |TAMS 0x000000008ce00000, 0x000000008ce00000| Untracked 
| 207|0x000000008cf00000, 0x000000008cf00000, 0x000000008d000000|  0%| F|  |TAMS 0x000000008cf00000, 0x000000008cf00000| Untracked 
| 208|0x000000008d000000, 0x000000008d000000, 0x000000008d100000|  0%| F|  |TAMS 0x000000008d000000, 0x000000008d000000| Untracked 
| 209|0x000000008d100000, 0x000000008d100000, 0x000000008d200000|  0%| F|  |TAMS 0x000000008d100000, 0x000000008d100000| Untracked 
| 210|0x000000008d200000, 0x000000008d200000, 0x000000008d300000|  0%| F|  |TAMS 0x000000008d200000, 0x000000008d200000| Untracked 
| 211|0x000000008d300000, 0x000000008d300000, 0x000000008d400000|  0%| F|  |TAMS 0x000000008d300000, 0x000000008d300000| Untracked 
| 212|0x000000008d400000, 0x000000008d400000, 0x000000008d500000|  0%| F|  |TAMS 0x000000008d400000, 0x000000008d400000| Untracked 
| 213|0x000000008d500000, 0x000000008d500000, 0x000000008d600000|  0%| F|  |TAMS 0x000000008d500000, 0x000000008d500000| Untracked 
| 214|0x000000008d600000, 0x000000008d600000, 0x000000008d700000|  0%| F|  |TAMS 0x000000008d600000, 0x000000008d600000| Untracked 
| 215|0x000000008d700000, 0x000000008d700000, 0x000000008d800000|  0%| F|  |TAMS 0x000000008d700000, 0x000000008d700000| Untracked 
| 216|0x000000008d800000, 0x000000008d800000, 0x000000008d900000|  0%| F|  |TAMS 0x000000008d800000, 0x000000008d800000| Untracked 
| 217|0x000000008d900000, 0x000000008d900000, 0x000000008da00000|  0%| F|  |TAMS 0x000000008d900000, 0x000000008d900000| Untracked 
| 218|0x000000008da00000, 0x000000008da00000, 0x000000008db00000|  0%| F|  |TAMS 0x000000008da00000, 0x000000008da00000| Untracked 
| 219|0x000000008db00000, 0x000000008db00000, 0x000000008dc00000|  0%| F|  |TAMS 0x000000008db00000, 0x000000008db00000| Untracked 
| 220|0x000000008dc00000, 0x000000008dc00000, 0x000000008dd00000|  0%| F|  |TAMS 0x000000008dc00000, 0x000000008dc00000| Untracked 
| 221|0x000000008dd00000, 0x000000008dd00000, 0x000000008de00000|  0%| F|  |TAMS 0x000000008dd00000, 0x000000008dd00000| Untracked 
| 222|0x000000008de00000, 0x000000008de00000, 0x000000008df00000|  0%| F|  |TAMS 0x000000008de00000, 0x000000008de00000| Untracked 
| 223|0x000000008df00000, 0x000000008df00000, 0x000000008e000000|  0%| F|  |TAMS 0x000000008df00000, 0x000000008df00000| Untracked 
| 224|0x000000008e000000, 0x000000008e000000, 0x000000008e100000|  0%| F|  |TAMS 0x000000008e000000, 0x000000008e000000| Untracked 
| 225|0x000000008e100000, 0x000000008e100000, 0x000000008e200000|  0%| F|  |TAMS 0x000000008e100000, 0x000000008e100000| Untracked 
| 226|0x000000008e200000, 0x000000008e200000, 0x000000008e300000|  0%| F|  |TAMS 0x000000008e200000, 0x000000008e200000| Untracked 
| 227|0x000000008e300000, 0x000000008e300000, 0x000000008e400000|  0%| F|  |TAMS 0x000000008e300000, 0x000000008e300000| Untracked 
| 228|0x000000008e400000, 0x000000008e400000, 0x000000008e500000|  0%| F|  |TAMS 0x000000008e400000, 0x000000008e400000| Untracked 
| 229|0x000000008e500000, 0x000000008e500000, 0x000000008e600000|  0%| F|  |TAMS 0x000000008e500000, 0x000000008e500000| Untracked 
| 230|0x000000008e600000, 0x000000008e600000, 0x000000008e700000|  0%| F|  |TAMS 0x000000008e600000, 0x000000008e600000| Untracked 
| 231|0x000000008e700000, 0x000000008e748540, 0x000000008e800000| 28%| S|  |TAMS 0x000000008e700000, 0x000000008e700000| Complete 
| 232|0x000000008e800000, 0x000000008e8fdef0, 0x000000008e900000| 99%| E|CS|TAMS 0x000000008e800000, 0x000000008e8fdef0| Complete 
| 233|0x000000008e900000, 0x000000008ea00000, 0x000000008ea00000|100%| E|CS|TAMS 0x000000008e900000, 0x000000008ea00000| Complete 
| 234|0x000000008ea00000, 0x000000008eb00000, 0x000000008eb00000|100%| E|CS|TAMS 0x000000008ea00000, 0x000000008eb00000| Complete 
| 235|0x000000008eb00000, 0x000000008ec00000, 0x000000008ec00000|100%| E|CS|TAMS 0x000000008eb00000, 0x000000008ec00000| Complete 
| 236|0x000000008ec00000, 0x000000008ed00000, 0x000000008ed00000|100%| E|CS|TAMS 0x000000008ec00000, 0x000000008ed00000| Complete 
| 237|0x000000008ed00000, 0x000000008ee00000, 0x000000008ee00000|100%| E|CS|TAMS 0x000000008ed00000, 0x000000008ee00000| Complete 
| 238|0x000000008ee00000, 0x000000008ef00000, 0x000000008ef00000|100%| E|CS|TAMS 0x000000008ee00000, 0x000000008ef00000| Complete 
| 239|0x000000008ef00000, 0x000000008f000000, 0x000000008f000000|100%| E|CS|TAMS 0x000000008ef00000, 0x000000008f000000| Complete 
| 240|0x000000008f000000, 0x000000008f100000, 0x000000008f100000|100%| E|CS|TAMS 0x000000008f000000, 0x000000008f100000| Complete 
| 241|0x000000008f100000, 0x000000008f1e6820, 0x000000008f200000| 90%| E|CS|TAMS 0x000000008f100000, 0x000000008f1e6820| Complete 
| 242|0x000000008f200000, 0x000000008f300000, 0x000000008f300000|100%| E|CS|TAMS 0x000000008f200000, 0x000000008f300000| Complete 
| 243|0x000000008f300000, 0x000000008f400000, 0x000000008f400000|100%| E|CS|TAMS 0x000000008f300000, 0x000000008f400000| Complete 
| 244|0x000000008f400000, 0x000000008f500000, 0x000000008f500000|100%| E|CS|TAMS 0x000000008f400000, 0x000000008f500000| Complete 
| 245|0x000000008f500000, 0x000000008f600000, 0x000000008f600000|100%| E|CS|TAMS 0x000000008f500000, 0x000000008f600000| Complete 
| 246|0x000000008f600000, 0x000000008f700000, 0x000000008f700000|100%| E|CS|TAMS 0x000000008f600000, 0x000000008f700000| Complete 
| 247|0x000000008f700000, 0x000000008f800000, 0x000000008f800000|100%| E|CS|TAMS 0x000000008f700000, 0x000000008f800000| Complete 
| 248|0x000000008f800000, 0x000000008f900000, 0x000000008f900000|100%| E|CS|TAMS 0x000000008f800000, 0x000000008f900000| Complete 
| 249|0x000000008f900000, 0x000000008fa00000, 0x000000008fa00000|100%| E|CS|TAMS 0x000000008f900000, 0x000000008fa00000| Complete 
| 250|0x000000008fa00000, 0x000000008fb00000, 0x000000008fb00000|100%| E|CS|TAMS 0x000000008fa00000, 0x000000008fb00000| Complete 
| 251|0x000000008fb00000, 0x000000008fc00000, 0x000000008fc00000|100%| E|  |TAMS 0x000000008fb00000, 0x000000008fb00000| Untracked 
| 252|0x000000008fc00000, 0x000000008fc00000, 0x000000008fd00000|  0%| F|  |TAMS 0x000000008fc00000, 0x000000008fc00000| Untracked 
| 253|0x000000008fd00000, 0x000000008fd00000, 0x000000008fe00000|  0%| F|  |TAMS 0x000000008fd00000, 0x000000008fd00000| Untracked 
| 254|0x000000008fe00000, 0x000000008fe00000, 0x000000008ff00000|  0%| F|  |TAMS 0x000000008fe00000, 0x000000008fe00000| Untracked 
| 255|0x000000008ff00000, 0x000000008ff00000, 0x0000000090000000|  0%| F|  |TAMS 0x000000008ff00000, 0x000000008ff00000| Untracked 

Card table byte_map: [0x000002baa5ae0000,0x000002baa5ee0000] _byte_map_base: 0x000002baa56e0000

Marking Bits (Prev, Next): (CMBitMap*) 0x000002ba90bf0100, (CMBitMap*) 0x000002ba90bf00c8
 Prev Bits: [0x000002baa82e0000, 0x000002baaa2e0000)
 Next Bits: [0x000002baa62e0000, 0x000002baa82e0000)

Polling page: 0x000002ba90c90000

Metaspace:

Usage:
  Non-class:     19.47 MB capacity,    19.09 MB ( 98%) used,   348.77 KB (  2%) free+waste,    42.25 KB ( <1%) overhead. 
      Class:      2.97 MB capacity,     2.78 MB ( 94%) used,   168.83 KB (  6%) free+waste,    21.44 KB ( <1%) overhead. 
       Both:     22.44 MB capacity,    21.87 MB ( 97%) used,   517.60 KB (  2%) free+waste,    63.69 KB ( <1%) overhead. 

Virtual space:
  Non-class space:       20.00 MB reserved,      19.50 MB ( 98%) committed 
      Class space:        1.00 GB reserved,       3.00 MB ( <1%) committed 
             Both:        1.02 GB reserved,      22.50 MB (  2%) committed 

Chunk freelists:
   Non-Class:  32.00 KB
       Class:  30.00 KB
        Both:  62.00 KB

MaxMetaspaceSize: 17179869184.00 GB
CompressedClassSpaceSize: 1.00 GB

CodeHeap 'non-profiled nmethods': size=120064Kb used=1004Kb max_used=1004Kb free=119059Kb
 bounds [0x000002ba9d950000, 0x000002ba9dbc0000, 0x000002baa4e90000]
CodeHeap 'profiled nmethods': size=120000Kb used=4095Kb max_used=4095Kb free=115905Kb
 bounds [0x000002ba96420000, 0x000002ba96820000, 0x000002ba9d950000]
CodeHeap 'non-nmethods': size=5696Kb used=1145Kb max_used=1159Kb free=4550Kb
 bounds [0x000002ba95e90000, 0x000002ba96100000, 0x000002ba96420000]
 total_blobs=2439 nmethods=1959 adapters=391
 compilation: enabled
              stopped_count=0, restarted_count=0
 full_count=0

Compilation events (20 events):
Event: 2.169 Thread 0x000002baad47a800 nmethod 1919 0x000002ba96804310 code [0x000002ba96804520, 0x000002ba96804a28]
Event: 2.171 Thread 0x000002baad47a800 1920       3       org.gradle.internal.service.DefaultServiceRegistry$SingletonService::getAll (23 bytes)
Event: 2.171 Thread 0x000002baad47a800 nmethod 1920 0x000002ba96804c10 code [0x000002ba96804de0, 0x000002ba96805068]
Event: 2.172 Thread 0x000002baad474000 1921   !   4       java.util.concurrent.ConcurrentHashMap::putVal (432 bytes)
Event: 2.172 Thread 0x000002baad47a800 1922       3       java.lang.reflect.Executable::getGenericParameterTypes (20 bytes)
Event: 2.172 Thread 0x000002baad47a800 nmethod 1922 0x000002ba96805190 code [0x000002ba968053a0, 0x000002ba96805a88]
Event: 2.174 Thread 0x000002baad47a800 1923       3       java.lang.invoke.MethodHandleNatives::isCallerSensitive (29 bytes)
Event: 2.174 Thread 0x000002baad47a800 nmethod 1923 0x000002ba96805c10 code [0x000002ba96805e00, 0x000002ba96806368]
Event: 2.174 Thread 0x000002baad47a800 1924       3       java.lang.invoke.MethodHandleNatives::canBeCalledVirtual (93 bytes)
Event: 2.175 Thread 0x000002baad47a800 nmethod 1924 0x000002ba96806510 code [0x000002ba96806720, 0x000002ba96806c98]
Event: 2.175 Thread 0x000002baad47a800 1926       3       java.lang.invoke.DirectMethodHandle::<init> (141 bytes)
Event: 2.175 Thread 0x000002baad47a800 nmethod 1926 0x000002ba96806e90 code [0x000002ba96807180, 0x000002ba96808248]
Event: 2.183 Thread 0x000002baad47a800 1930       3       java.lang.Package::<init> (47 bytes)
Event: 2.183 Thread 0x000002baad47a800 nmethod 1930 0x000002ba96808790 code [0x000002ba96808980, 0x000002ba96808dc8]
Event: 2.183 Thread 0x000002baad47a800 1928   !   3       org.gradle.internal.classloader.TransformingClassLoader::findClass (203 bytes)
Event: 2.185 Thread 0x000002baad47a800 nmethod 1928 0x000002ba96809010 code [0x000002ba96809560, 0x000002ba9680be78]
Event: 2.185 Thread 0x000002baad47a800 1929       3       org.gradle.initialization.MixInLegacyTypesClassLoader::shouldTransform (42 bytes)
Event: 2.185 Thread 0x000002baad47a800 nmethod 1929 0x000002ba9680ce90 code [0x000002ba9680d080, 0x000002ba9680d478]
Event: 2.191 Thread 0x000002baad474000 nmethod 1921 0x000002ba9da45290 code [0x000002ba9da454c0, 0x000002ba9da46b30]
Event: 2.193 Thread 0x000002baad47a800 1931       3       java.lang.Package$VersionInfo::<init> (44 bytes)

GC Heap History (6 events):
Event: 0.677 GC heap before
{Heap before GC invocations=0 (full 0):
 garbage-first heap   total 262144K, used 27648K [0x0000000080000000, 0x0000000100000000)
  region size 1024K, 22 young (22528K), 0 survivors (0K)
 Metaspace       used 9934K, capacity 10176K, committed 10368K, reserved 1058816K
  class space    used 1021K, capacity 1073K, committed 1152K, reserved 1048576K
}
Event: 0.680 GC heap after
{Heap after GC invocations=1 (full 0):
 garbage-first heap   total 262144K, used 9288K [0x0000000080000000, 0x0000000100000000)
  region size 1024K, 3 young (3072K), 3 survivors (3072K)
 Metaspace       used 9934K, capacity 10176K, committed 10368K, reserved 1058816K
  class space    used 1021K, capacity 1073K, committed 1152K, reserved 1048576K
}
Event: 1.994 GC heap before
{Heap before GC invocations=1 (full 0):
 garbage-first heap   total 262144K, used 95304K [0x0000000080000000, 0x0000000100000000)
  region size 1024K, 87 young (89088K), 3 survivors (3072K)
 Metaspace       used 18916K, capacity 19404K, committed 19712K, reserved 1067008K
  class space    used 2280K, capacity 2437K, committed 2560K, reserved 1048576K
}
Event: 1.998 GC heap after
{Heap after GC invocations=2 (full 0):
 garbage-first heap   total 262144K, used 16499K [0x0000000080000000, 0x0000000100000000)
  region size 1024K, 11 young (11264K), 11 survivors (11264K)
 Metaspace       used 18916K, capacity 19404K, committed 19712K, reserved 1067008K
  class space    used 2280K, capacity 2437K, committed 2560K, reserved 1048576K
}
Event: 2.098 GC heap before
{Heap before GC invocations=2 (full 0):
 garbage-first heap   total 262144K, used 29811K [0x0000000080000000, 0x0000000100000000)
  region size 1024K, 25 young (25600K), 11 survivors (11264K)
 Metaspace       used 20542K, capacity 21104K, committed 21248K, reserved 1067008K
  class space    used 2506K, capacity 2690K, committed 2816K, reserved 1048576K
}
Event: 2.103 GC heap after
{Heap after GC invocations=3 (full 0):
 garbage-first heap   total 262144K, used 17110K [0x0000000080000000, 0x0000000100000000)
  region size 1024K, 1 young (1024K), 1 survivors (1024K)
 Metaspace       used 20542K, capacity 21104K, committed 21248K, reserved 1067008K
  class space    used 2506K, capacity 2690K, committed 2816K, reserved 1048576K
}

Deoptimization events (20 events):
Event: 2.078 Thread 0x000002baaf76a800 Uncommon trap: trap_request=0xffffff4d fr.pc=0x000002ba9d9c87f0 relative=0x00000000000005b0
Event: 2.078 Thread 0x000002baaf76a800 Uncommon trap: reason=unstable_if action=reinterpret pc=0x000002ba9d9c87f0 method=java.io.File.getName()Ljava/lang/String; @ 16 c2
Event: 2.078 Thread 0x000002baaf76a800 DEOPT PACKING pc=0x000002ba9d9c87f0 sp=0x000000ea7e7fb7d0
Event: 2.078 Thread 0x000002baaf76a800 DEOPT UNPACKING pc=0x000002ba95eb78af sp=0x000000ea7e7fb7a0 mode 2
Event: 2.133 Thread 0x000002baaf76a800 Uncommon trap: trap_request=0xffffff4d fr.pc=0x000002ba9da2a0d8 relative=0x0000000000000398
Event: 2.133 Thread 0x000002baaf76a800 Uncommon trap: reason=unstable_if action=reinterpret pc=0x000002ba9da2a0d8 method=jdk.internal.org.objectweb.asm.Type.getArgumentsAndReturnSizes(Ljava/lang/String;)I @ 88 c2
Event: 2.133 Thread 0x000002baaf76a800 DEOPT PACKING pc=0x000002ba9da2a0d8 sp=0x000000ea7e7fa740
Event: 2.133 Thread 0x000002baaf76a800 DEOPT UNPACKING pc=0x000002ba95eb78af sp=0x000000ea7e7fa6c8 mode 2
Event: 2.137 Thread 0x000002baaf76a800 Uncommon trap: trap_request=0xffffff4d fr.pc=0x000002ba9d98cbb4 relative=0x0000000000000174
Event: 2.137 Thread 0x000002baaf76a800 Uncommon trap: reason=unstable_if action=reinterpret pc=0x000002ba9d98cbb4 method=java.util.HashMap.getNode(ILjava/lang/Object;)Ljava/util/HashMap$Node; @ 129 c2
Event: 2.137 Thread 0x000002baaf76a800 DEOPT PACKING pc=0x000002ba9d98cbb4 sp=0x000000ea7e7fc160
Event: 2.137 Thread 0x000002baaf76a800 DEOPT UNPACKING pc=0x000002ba95eb78af sp=0x000000ea7e7fc060 mode 2
Event: 2.137 Thread 0x000002baaf76a800 Uncommon trap: trap_request=0xffffff4d fr.pc=0x000002ba9d9838ac relative=0x00000000000001ec
Event: 2.137 Thread 0x000002baaf76a800 Uncommon trap: reason=unstable_if action=reinterpret pc=0x000002ba9d9838ac method=java.util.HashMap.getNode(ILjava/lang/Object;)Ljava/util/HashMap$Node; @ 129 c2
Event: 2.137 Thread 0x000002baaf76a800 DEOPT PACKING pc=0x000002ba9d9838ac sp=0x000000ea7e7fc0c0
Event: 2.137 Thread 0x000002baaf76a800 DEOPT UNPACKING pc=0x000002ba95eb78af sp=0x000000ea7e7fc048 mode 2
Event: 2.142 Thread 0x000002baaf76a800 Uncommon trap: trap_request=0xffffff4d fr.pc=0x000002ba9d9d1a2c relative=0x0000000000000b0c
Event: 2.142 Thread 0x000002baaf76a800 Uncommon trap: reason=unstable_if action=reinterpret pc=0x000002ba9d9d1a2c method=java.util.Properties$LineReader.readLine()I @ 249 c2
Event: 2.142 Thread 0x000002baaf76a800 DEOPT PACKING pc=0x000002ba9d9d1a2c sp=0x000000ea7e7fc0d0
Event: 2.142 Thread 0x000002baaf76a800 DEOPT UNPACKING pc=0x000002ba95eb78af sp=0x000000ea7e7fc060 mode 2

Classes redefined (0 events):
No events

Internal exceptions (20 events):
Event: 1.838 Thread 0x000002baae86f000 Exception <a 'java/lang/NoSuchMethodError'{0x000000008bc977c8}: <clinit>> (0x000000008bc977c8) thrown at [./src/hotspot/share/prims/jni.cpp, line 1362]
Event: 1.841 Thread 0x000002baae86f000 Exception <a 'java/lang/NoSuchMethodError'{0x000000008bcd34a0}: <clinit>> (0x000000008bcd34a0) thrown at [./src/hotspot/share/prims/jni.cpp, line 1362]
Event: 1.845 Thread 0x000002baae86f000 Exception <a 'java/lang/NoSuchMethodError'{0x000000008bb06290}: <clinit>> (0x000000008bb06290) thrown at [./src/hotspot/share/prims/jni.cpp, line 1362]
Event: 1.886 Thread 0x000002baaf76a800 Exception <a 'java/lang/NoSuchMethodError'{0x000000008b896200}: 'void java.lang.invoke.DirectMethodHandle$Holder.invokeVirtual(java.lang.Object, java.lang.Object, java.lang.Object, java.lang.Object)'> (0x000000008b896200) thrown at [./src/hotspot/share/interpreter/linkResolver.cpp, line 773]
Event: 1.886 Thread 0x000002baaf76a800 Exception <a 'java/lang/NoSuchMethodError'{0x000000008b8a2c68}: 'void java.lang.invoke.DelegatingMethodHandle$Holder.reinvoke_L(java.lang.Object, java.lang.Object, java.lang.Object, java.lang.Object)'> (0x000000008b8a2c68) thrown at [./src/hotspot/share/interpreter/linkResolver.cpp, line 773]
Event: 1.889 Thread 0x000002baaf76a800 Exception <a 'java/lang/NoSuchMethodError'{0x000000008b8d3610}: 'long java.lang.invoke.DirectMethodHandle$Holder.invokeInterface(java.lang.Object, java.lang.Object)'> (0x000000008b8d3610) thrown at [./src/hotspot/share/interpreter/linkResolver.cpp, line 773]
Event: 1.891 Thread 0x000002baaf76a800 Exception <a 'java/lang/NoSuchMethodError'{0x000000008b8f6358}: 'void java.lang.invoke.DelegatingMethodHandle$Holder.reinvoke_L(java.lang.Object, java.lang.Object, java.lang.Object, java.lang.Object, java.lang.Object, java.lang.Object, java.lang.Object)'> (0x000000008b8f6358) thrown at [./src/hotspot/share/interpreter/linkResolver.cpp, line 773]
Event: 2.005 Thread 0x000002baaf76a800 Exception <a 'java/lang/NoSuchMethodError'{0x000000008fe55b58}: 'java.lang.Object java.lang.invoke.DirectMethodHandle$Holder.invokeVirtual(java.lang.Object, java.lang.Object, java.lang.Object)'> (0x000000008fe55b58) thrown at [./src/hotspot/share/interpreter/linkResolver.cpp, line 773]
Event: 2.023 Thread 0x000002baaf76a800 Exception <a 'java/lang/NoSuchMethodError'{0x000000008fa1fc90}: 'void java.lang.invoke.DirectMethodHandle$Holder.invokeInterface(java.lang.Object, java.lang.Object)'> (0x000000008fa1fc90) thrown at [./src/hotspot/share/interpreter/linkResolver.cpp, line 773]
Event: 2.023 Thread 0x000002baaf76a800 Exception <a 'java/lang/IncompatibleClassChangeError'{0x000000008fa22e40}: Found class java.lang.Object, but interface was expected> (0x000000008fa22e40) thrown at [./src/hotspot/share/interpreter/linkResolver.cpp, line 839]
Event: 2.033 Thread 0x000002baaf76a800 Exception <a 'java/lang/NoSuchMethodError'{0x000000008f998f40}: 'void java.lang.invoke.DirectMethodHandle$Holder.invokeStaticInit(java.lang.Object)'> (0x000000008f998f40) thrown at [./src/hotspot/share/interpreter/linkResolver.cpp, line 773]
Event: 2.057 Thread 0x000002baaf76a800 Exception <a 'java/lang/NoSuchMethodError'{0x000000008f60caa0}: 'java.lang.Object java.lang.invoke.DirectMethodHandle$Holder.invokeStatic(java.lang.Object, java.lang.Object, java.lang.Object, int)'> (0x000000008f60caa0) thrown at [./src/hotspot/share/interpreter/linkResolver.cpp, line 773]
Event: 2.058 Thread 0x000002baaf76a800 Exception <a 'java/lang/NoSuchMethodError'{0x000000008f610c68}: 'java.lang.Object java.lang.invoke.DirectMethodHandle$Holder.invokeSpecial(java.lang.Object, java.lang.Object, java.lang.Object, java.lang.Object, int)'> (0x000000008f610c68) thrown at [./src/hotspot/share/interpreter/linkResolver.cpp, line 773]
Event: 2.058 Thread 0x000002baaf76a800 Exception <a 'java/lang/NoSuchMethodError'{0x000000008f614650}: 'java.lang.Object java.lang.invoke.Invokers$Holder.linkToTargetMethod(java.lang.Object, java.lang.Object, int, java.lang.Object)'> (0x000000008f614650) thrown at [./src/hotspot/share/interpreter/linkResolver.cpp, line 773]
Event: 2.110 Thread 0x000002baaf76a800 Exception <a 'java/lang/NoSuchMethodError'{0x000000008ffcb6f8}: 'int java.lang.invoke.DirectMethodHandle$Holder.invokeSpecialIFC(java.lang.Object, java.lang.Object, java.lang.Object, java.lang.Object)'> (0x000000008ffcb6f8) thrown at [./src/hotspot/share/interpreter/linkResolver.cpp, line 773]
Event: 2.111 Thread 0x000002baaf76a800 Exception <a 'java/lang/NoSuchMethodError'{0x000000008ffd94b8}: 'java.lang.Object java.lang.invoke.DirectMethodHandle$Holder.invokeInterface(java.lang.Object, java.lang.Object, java.lang.Object)'> (0x000000008ffd94b8) thrown at [./src/hotspot/share/interpreter/linkResolver.cpp, line 773]
Event: 2.112 Thread 0x000002baaf76a800 Exception <a 'java/lang/IncompatibleClassChangeError'{0x000000008ffdc990}: Found class java.lang.Object, but interface was expected> (0x000000008ffdc990) thrown at [./src/hotspot/share/interpreter/linkResolver.cpp, line 839]
Event: 2.117 Thread 0x000002baaf76a800 Exception <a 'java/lang/NoSuchMethodError'{0x000000008fd14d68}: 'void java.lang.invoke.DirectMethodHandle$Holder.invokeStatic(java.lang.Object, java.lang.Object, java.lang.Object, java.lang.Object, java.lang.Object)'> (0x000000008fd14d68) thrown at [./src/hotspot/share/interpreter/linkResolver.cpp, line 773]
Event: 2.156 Thread 0x000002baaf76a800 Exception <a 'java/lang/NoSuchMethodError'{0x000000008f9fc7b0}: 'void java.lang.invoke.DirectMethodHandle$Holder.invokeSpecial(java.lang.Object, java.lang.Object)'> (0x000000008f9fc7b0) thrown at [./src/hotspot/share/interpreter/linkResolver.cpp, line 773]
Event: 2.174 Thread 0x000002baaf76a800 Exception <a 'java/lang/NoSuchMethodError'{0x000000008f6303e0}: 'java.lang.Object java.lang.invoke.DirectMethodHandle$Holder.invokeSpecial(java.lang.Object, java.lang.Object, java.lang.Object, java.lang.Object, java.lang.Object, java.lang.Object, java.lang.Object, java.lang.Object, java.lang.Object)'> (0x000000008f6303e0) thrown at [./src/hotspot/share/interpreter/linkResolver.cpp, line 773]

Events (20 events):
Event: 2.191 loading class org/gradle/internal/verifier/HttpRedirectVerifier
Event: 2.191 loading class org/gradle/internal/verifier/HttpRedirectVerifier done
Event: 2.191 loading class org/gradle/api/internal/filestore/DefaultArtifactIdentifierFileStore
Event: 2.191 loading class org/gradle/api/internal/filestore/DefaultArtifactIdentifierFileStore done
Event: 2.192 loading class org/gradle/internal/resource/local/GroupedAndNamedUniqueFileStore
Event: 2.192 loading class org/gradle/internal/resource/local/GroupedAndNamedUniqueFileStore done
Event: 2.192 loading class org/gradle/internal/resource/cached/DefaultExternalResourceFileStore$Factory
Event: 2.192 loading class org/gradle/internal/resource/cached/DefaultExternalResourceFileStore$Factory done
Event: 2.192 loading class org/gradle/internal/resolve/caching/ComponentMetadataRuleExecutor
Event: 2.192 loading class org/gradle/internal/resolve/caching/ComponentMetadataRuleExecutor done
Event: 2.192 loading class org/gradle/api/internal/artifacts/DefaultProjectDependencyFactory
Event: 2.192 loading class org/gradle/api/internal/artifacts/DefaultProjectDependencyFactory done
Event: 2.192 loading class org/gradle/internal/resource/local/LocallyAvailableResourceFinder
Event: 2.192 loading class org/gradle/internal/resource/local/LocallyAvailableResourceFinder done
Event: 2.193 loading class org/gradle/api/internal/artifacts/ivyservice/ivyresolve/strategy/VersionParser
Event: 2.193 loading class org/gradle/api/internal/artifacts/ivyservice/ivyresolve/strategy/VersionParser done
Event: 2.193 loading class org/gradle/api/internal/runtimeshaded/RuntimeShadedJarFactory
Event: 2.193 loading class org/gradle/api/internal/runtimeshaded/RuntimeShadedJarFactory done
Event: 2.193 loading class org/gradle/api/internal/artifacts/ivyservice/resolveengine/excludes/ModuleExclusions
Event: 2.193 loading class org/gradle/api/internal/artifacts/ivyservice/resolveengine/excludes/ModuleExclusions done


Dynamic libraries:
0x00007ff630c50000 - 0x00007ff630c5a000 	C:\Program Files\Android\Android Studio1\jre\bin\java.exe
0x00007ffd1d9f0000 - 0x00007ffd1dbe5000 	C:\Windows\SYSTEM32\ntdll.dll
0x00007ffd1bb80000 - 0x00007ffd1bc3e000 	C:\Windows\System32\KERNEL32.DLL
0x00007ffd1b1b0000 - 0x00007ffd1b478000 	C:\Windows\System32\KERNELBASE.dll
0x00007ffd1b940000 - 0x00007ffd1ba40000 	C:\Windows\System32\ucrtbase.dll
0x00007ffd08720000 - 0x00007ffd08739000 	C:\Program Files\Android\Android Studio1\jre\bin\jli.dll
0x00007ffd08740000 - 0x00007ffd08757000 	C:\Program Files\Android\Android Studio1\jre\bin\VCRUNTIME140.dll
0x00007ffd1bc40000 - 0x00007ffd1bde1000 	C:\Windows\System32\USER32.dll
0x00007ffd1b750000 - 0x00007ffd1b772000 	C:\Windows\System32\win32u.dll
0x00007ffd1c230000 - 0x00007ffd1c25b000 	C:\Windows\System32\GDI32.dll
0x00007ffd1b640000 - 0x00007ffd1b74b000 	C:\Windows\System32\gdi32full.dll
0x00007ffd07370000 - 0x00007ffd0760a000 	C:\Windows\WinSxS\amd64_microsoft.windows.common-controls_6595b64144ccf1df_6.0.19041.1110_none_60b5254171f9507e\COMCTL32.dll
0x00007ffd1b110000 - 0x00007ffd1b1ad000 	C:\Windows\System32\msvcp_win.dll
0x00007ffd1bdf0000 - 0x00007ffd1be8e000 	C:\Windows\System32\msvcrt.dll
0x00007ffd1cf00000 - 0x00007ffd1cf30000 	C:\Windows\System32\IMM32.DLL
0x00007ffce9e60000 - 0x00007ffce9efd000 	C:\Program Files\Android\Android Studio1\jre\bin\msvcp140.dll
0x00007ffcb47d0000 - 0x00007ffcb529f000 	C:\Program Files\Android\Android Studio1\jre\bin\server\jvm.dll
0x00007ffd1d7c0000 - 0x00007ffd1d86c000 	C:\Windows\System32\ADVAPI32.dll
0x00007ffd1d8f0000 - 0x00007ffd1d98b000 	C:\Windows\System32\sechost.dll
0x00007ffd1be90000 - 0x00007ffd1bfba000 	C:\Windows\System32\RPCRT4.dll
0x00007ffd1cae0000 - 0x00007ffd1cae8000 	C:\Windows\System32\PSAPI.DLL
0x00007ffd130c0000 - 0x00007ffd130c9000 	C:\Windows\SYSTEM32\WSOCK32.dll
0x00007ffd1c160000 - 0x00007ffd1c1cb000 	C:\Windows\System32\WS2_32.dll
0x00007ffd14b70000 - 0x00007ffd14b7a000 	C:\Windows\SYSTEM32\VERSION.dll
0x00007ffd109e0000 - 0x00007ffd10a07000 	C:\Windows\SYSTEM32\WINMM.dll
0x00007ffd19030000 - 0x00007ffd19042000 	C:\Windows\SYSTEM32\kernel.appcore.dll
0x00007ffd0f840000 - 0x00007ffd0f851000 	C:\Program Files\Android\Android Studio1\jre\bin\verify.dll
0x00007ffd0ef70000 - 0x00007ffd0f154000 	C:\Windows\SYSTEM32\DBGHELP.DLL
0x00007ffd04090000 - 0x00007ffd040bc000 	C:\Windows\SYSTEM32\dbgcore.DLL
0x00007ffd1b830000 - 0x00007ffd1b8b3000 	C:\Windows\System32\bcryptPrimitives.dll
0x00007ffceee80000 - 0x00007ffceeea9000 	C:\Program Files\Android\Android Studio1\jre\bin\java.dll
0x00007ffd0f3a0000 - 0x00007ffd0f3ab000 	C:\Program Files\Android\Android Studio1\jre\bin\jimage.dll
0x00007ffd084d0000 - 0x00007ffd084e8000 	C:\Program Files\Android\Android Studio1\jre\bin\zip.dll
0x00007ffd1c3a0000 - 0x00007ffd1cadf000 	C:\Windows\System32\SHELL32.dll
0x00007ffd19230000 - 0x00007ffd199c0000 	C:\Windows\SYSTEM32\windows.storage.dll
0x00007ffd1d460000 - 0x00007ffd1d7b5000 	C:\Windows\System32\combase.dll
0x00007ffd1ab60000 - 0x00007ffd1ab8e000 	C:\Windows\SYSTEM32\Wldp.dll
0x00007ffd1d3b0000 - 0x00007ffd1d45d000 	C:\Windows\System32\SHCORE.dll
0x00007ffd1c100000 - 0x00007ffd1c155000 	C:\Windows\System32\shlwapi.dll
0x00007ffd1b050000 - 0x00007ffd1b06f000 	C:\Windows\SYSTEM32\profapi.dll
0x00007ffcf3750000 - 0x00007ffcf376a000 	C:\Program Files\Android\Android Studio1\jre\bin\net.dll
0x00007ffd13e10000 - 0x00007ffd13f1c000 	C:\Windows\SYSTEM32\WINHTTP.dll
0x00007ffd1a8c0000 - 0x00007ffd1a92a000 	C:\Windows\system32\mswsock.dll
0x00007ffcf3ec0000 - 0x00007ffcf3ed4000 	C:\Program Files\Android\Android Studio1\jre\bin\nio.dll
0x00007ffd005c0000 - 0x00007ffd005e7000 	C:\Users\dhekd\.gradle\native\8bec1ad78214c89d9ad589b4d07fe93259594b29d510b10fafb7a158f7737e5d\windows-amd64\native-platform.dll
0x00007ffcea4b0000 - 0x00007ffcea5ed000 	C:\Users\dhekd\.gradle\native\53dbd7edfb1c66fb8903c78663c9afc45aea4f116125fa6feffd364cf09443e8\windows-amd64\native-platform-file-events.dll
0x00007ffd0d230000 - 0x00007ffd0d23a000 	C:\Program Files\Android\Android Studio1\jre\bin\management.dll
0x00007ffd0c050000 - 0x00007ffd0c05c000 	C:\Program Files\Android\Android Studio1\jre\bin\management_ext.dll
0x00007ffd1aab0000 - 0x00007ffd1aac8000 	C:\Windows\SYSTEM32\CRYPTSP.dll
0x00007ffd1a1d0000 - 0x00007ffd1a204000 	C:\Windows\system32\rsaenh.dll
0x00007ffd1b910000 - 0x00007ffd1b937000 	C:\Windows\System32\bcrypt.dll
0x00007ffd1afd0000 - 0x00007ffd1affe000 	C:\Windows\SYSTEM32\USERENV.dll
0x00007ffd1aad0000 - 0x00007ffd1aadc000 	C:\Windows\SYSTEM32\CRYPTBASE.dll
0x00007ffd1a560000 - 0x00007ffd1a59b000 	C:\Windows\SYSTEM32\IPHLPAPI.DLL
0x00007ffd1cc20000 - 0x00007ffd1cc28000 	C:\Windows\System32\NSI.dll
0x00007ffd14e40000 - 0x00007ffd14e57000 	C:\Windows\SYSTEM32\dhcpcsvc6.DLL
0x00007ffd14c10000 - 0x00007ffd14c2d000 	C:\Windows\SYSTEM32\dhcpcsvc.DLL
0x00007ffd1a5a0000 - 0x00007ffd1a66b000 	C:\Windows\SYSTEM32\DNSAPI.dll

dbghelp: loaded successfully - version: 4.0.5 - missing functions: none
symbol engine: initialized successfully - sym options: 0x614 - pdb path: .;C:\Program Files\Android\Android Studio1\jre\bin;C:\Windows\SYSTEM32;C:\Windows\WinSxS\amd64_microsoft.windows.common-controls_6595b64144ccf1df_6.0.19041.1110_none_60b5254171f9507e;C:\Program Files\Android\Android Studio1\jre\bin\server;C:\Users\dhekd\.gradle\native\8bec1ad78214c89d9ad589b4d07fe93259594b29d510b10fafb7a158f7737e5d\windows-amd64;C:\Users\dhekd\.gradle\native\53dbd7edfb1c66fb8903c78663c9afc45aea4f116125fa6feffd364cf09443e8\windows-amd64

VM Arguments:
jvm_args: --add-opens=java.base/java.util=ALL-UNNAMED --add-opens=java.base/java.lang=ALL-UNNAMED --add-opens=java.base/java.lang.invoke=ALL-UNNAMED --add-opens=java.base/java.util=ALL-UNNAMED --add-opens=java.prefs/java.util.prefs=ALL-UNNAMED --add-opens=java.prefs/java.util.prefs=ALL-UNNAMED --add-opens=java.base/java.nio.charset=ALL-UNNAMED --add-opens=java.base/java.net=ALL-UNNAMED --add-opens=java.base/java.util.concurrent.atomic=ALL-UNNAMED -Xmx2048m -Dfile.encoding=UTF-8 -Duser.country=KR -Duser.language=ko -Duser.variant 
java_command: org.gradle.launcher.daemon.bootstrap.GradleDaemon 7.0.2
java_class_path (initial): C:\Users\dhekd\.gradle\wrapper\dists\gradle-7.0.2-bin\857tjihv64xamwrf0h14cai3r\gradle-7.0.2\lib\gradle-launcher-7.0.2.jar
Launcher Type: SUN_STANDARD

[Global flags]
     intx CICompilerCount                          = 3                                         {product} {ergonomic}
     uint ConcGCThreads                            = 2                                         {product} {ergonomic}
     uint G1ConcRefinementThreads                  = 6                                         {product} {ergonomic}
   size_t G1HeapRegionSize                         = 1048576                                   {product} {ergonomic}
    uintx GCDrainStackTargetSize                   = 64                                        {product} {ergonomic}
   size_t InitialHeapSize                          = 268435456                                 {product} {ergonomic}
   size_t MarkStackSize                            = 4194304                                   {product} {ergonomic}
   size_t MaxHeapSize                              = 2147483648                                {product} {command line}
   size_t MaxNewSize                               = 1287651328                                {product} {ergonomic}
   size_t MinHeapDeltaBytes                        = 1048576                                   {product} {ergonomic}
    uintx NonNMethodCodeHeapSize                   = 5830732                                {pd product} {ergonomic}
    uintx NonProfiledCodeHeapSize                  = 122913754                              {pd product} {ergonomic}
    uintx ProfiledCodeHeapSize                     = 122913754                              {pd product} {ergonomic}
    uintx ReservedCodeCacheSize                    = 251658240                              {pd product} {ergonomic}
     bool SegmentedCodeCache                       = true                                      {product} {ergonomic}
     bool UseCompressedClassPointers               = true                                 {lp64_product} {ergonomic}
     bool UseCompressedOops                        = true                                 {lp64_product} {ergonomic}
     bool UseG1GC                                  = true                                      {product} {ergonomic}
     bool UseLargePagesIndividualAllocation        = false                                  {pd product} {ergonomic}

Logging:
Log output configuration:
 #0: stdout all=warning uptime,level,tags
 #1: stderr all=off uptime,level,tags

Environment Variables:
JAVA_HOME=C:\Program Files\Java\jdk-17.0.1
PATH=C:\Program Files\NVIDIA GPU Computing Toolkit\CUDA\v11.2\bin;C:\Program Files\NVIDIA GPU Computing Toolkit\CUDA\v11.2\libnvvp;C:\Program Files\Common Files\Oracle\Java\javapath;"C:\Program Files (x86)\Common Files\Oracle\Java\javapath;C:\Program Files\MySQL\MySQL Server 8.0\bin";C:\WINDOWS\system32;C:\WINDOWS;C:\WINDOWS\System32\Wbem;C:\WINDOWS\System32\WindowsPowerShell\v1.0\;C:\WINDOWS\System32\OpenSSH\;C:\Program Files (x86)\Common Files\Acronis\VirtualFile\;C:\Program Files (x86)\Common Files\Acronis\VirtualFile64\;C:\Program Files (x86)\Common Files\Acronis\SnapAPI\;C:\WINDOWS\system32;C:\WINDOWS;C:\WINDOWS\System32\Wbem;C:\WINDOWS\System32\WindowsPowerShell\v1.0\;C:\WINDOWS\System32\OpenSSH\;C:\Program Files\Microsoft SQL Server\130\Tools\Binn\;C:\Program Files (x86)\Microsoft SQL Server\100\Tools\Binn\;C:\Program Files (x86)\Microsoft SQL Server\100\DTS\Binn\;C:\Program Files (x86)\Microsoft SQL Server\100\Tools\Binn\VSShell\Common7\IDE\;C:\Program Files\MySQL\MySQL Server 8.0\bin;C:\Program Files\NVIDIA Corporation\NVIDIA NvDLISR;C:\Program Files\NVIDIA Corporation\Nsight Compute 2020.3.0\;C:\Program Files (x86)\NVIDIA Corporation\PhysX\Common;C:\Program Files\Git\cmd;C:\Program Files\MySQL\MySQL Shell 8.0\bin\;E:\anaconda3;E:\anaconda3\Library\mingw-w64\bin;E:\anaconda3\Library\usr\bin;E:\anaconda3\Library\bin;E:\anaconda3\Scripts;C:\Users\dhekd\AppData\Local\Microsoft\WindowsApps;C:\Users\dhekd\AppData\Local\afreeca;C:\Program Files\Java\jdk-13.0.1\bin;C:\Program Files\Java\jre1.8.0_281\lib;C:\Users\dhekd\AppData\Local\GitHubDesktop\bin;C:\Program Files\Bandizip\
USERNAME=사용자
LANG=KO
OS=Windows_NT
PROCESSOR_IDENTIFIER=Intel64 Family 6 Model 158 Stepping 10, GenuineIntel



---------------  S Y S T E M  ---------------

OS: Windows 10 , 64 bit Build 19041 (10.0.19041.1348)
OS uptime: 1 days 10:46 hours

CPU:total 6 (initial active 6) (6 cores per cpu, 1 threads per core) family 6 model 158 stepping 10 microcode 0xb4, cmov, cx8, fxsr, mmx, sse, sse2, sse3, ssse3, sse4.1, sse4.2, popcnt, avx, avx2, aes, clmul, erms, 3dnowpref, lzcnt, tsc, tscinvbit, bmi1, bmi2, adx, fma

Memory: 4k page, system-wide physical 16326M (5193M free)
TotalPageFile size 25134M (AvailPageFile size 5M)
current process WorkingSet (physical memory assigned to process): 223M, peak: 223M
current process commit charge ("private bytes"): 402M, peak: 403M

vm_info: OpenJDK 64-Bit Server VM (11.0.10+0-b96-7249189) for windows-amd64 JRE (11.0.10+0-b96-7249189), built on Mar 31 2021 21:44:00 by "builder" with MS VC++ 14.0 (VS2015)

END.
