#
# There is insufficient memory for the Java Runtime Environment to continue.
# Native memory allocation (malloc) failed to allocate 2153296 bytes for Chunk::new
# Possible reasons:
#   The system is out of physical RAM or swap space
#   The process is running with CompressedOops enabled, and the Java Heap may be blocking the growth of the native heap
# Possible solutions:
#   Reduce memory load on the system
#   Increase physical memory or swap space
#   Check if swap backing store is full
#   Decrease Java heap size (-Xmx/-Xms)
#   Decrease number of Java threads
#   Decrease Java thread stack sizes (-Xss)
#   Set larger code cache with -XX:ReservedCodeCacheSize=
#   JVM is running with Unscaled Compressed Oops mode in which the Java heap is
#     placed in the first 4GB address space. The Java Heap base address is the
#     maximum limit for the native heap growth. Please use -XX:HeapBaseMinAddress
#     to set the Java Heap base and to place the Java Heap above 4GB virtual address.
# This output file may be truncated or incomplete.
#
#  Out of Memory Error (./src/hotspot/share/memory/arena.cpp:197), pid=26196, tid=13760
#
# JRE version: OpenJDK Runtime Environment (11.0.10) (build 11.0.10+0-b96-7249189)
# Java VM: OpenJDK 64-Bit Server VM (11.0.10+0-b96-7249189, mixed mode, tiered, compressed oops, g1 gc, windows-amd64)
# No core dump will be written. Minidumps are not enabled by default on client versions of Windows
#

---------------  S U M M A R Y ------------

Command Line: --add-opens=java.base/java.util=ALL-UNNAMED --add-opens=java.base/java.lang=ALL-UNNAMED --add-opens=java.base/java.lang.invoke=ALL-UNNAMED --add-opens=java.base/java.util=ALL-UNNAMED --add-opens=java.prefs/java.util.prefs=ALL-UNNAMED --add-opens=java.prefs/java.util.prefs=ALL-UNNAMED --add-opens=java.base/java.nio.charset=ALL-UNNAMED --add-opens=java.base/java.net=ALL-UNNAMED --add-opens=java.base/java.util.concurrent.atomic=ALL-UNNAMED -Xmx2048m -Dfile.encoding=UTF-8 -Duser.country=KR -Duser.language=ko -Duser.variant org.gradle.launcher.daemon.bootstrap.GradleDaemon 7.0.2

Host: Intel(R) Core(TM) i5-9400F CPU @ 2.90GHz, 6 cores, 15G,  Windows 10 , 64 bit Build 19041 (10.0.19041.1348)
Time: Fri Dec 17 09:27:33 2021 대한민국 표준시 elapsed time: 2.961037 seconds (0d 0h 0m 2s)

---------------  T H R E A D  ---------------

Current thread (0x00000215e5a59800):  JavaThread "C2 CompilerThread1" daemon [_thread_in_native, id=13760, stack(0x00000067b7700000,0x00000067b7800000)]


Current CompileTask:
C2:   2961 2522       4       jdk.internal.loader.URLClassPath::getResource (74 bytes)

Stack: [0x00000067b7700000,0x00000067b7800000]
Native frames: (J=compiled Java code, j=interpreted, Vv=VM code, C=native code)
V  [jvm.dll+0x5ecfaa]
V  [jvm.dll+0x722bd5]
V  [jvm.dll+0x72412d]
V  [jvm.dll+0x7247e3]
V  [jvm.dll+0x242928]
V  [jvm.dll+0xbc4fc]
V  [jvm.dll+0xbca0c]
V  [jvm.dll+0x352d3b]
V  [jvm.dll+0x320ad3]
V  [jvm.dll+0x31ffca]
V  [jvm.dll+0x1fb602]
V  [jvm.dll+0x1fa7f4]
V  [jvm.dll+0x18354c]
V  [jvm.dll+0x208ee7]
V  [jvm.dll+0x207731]
V  [jvm.dll+0x6eb1cf]
V  [jvm.dll+0x6e3d45]
V  [jvm.dll+0x5ebe96]
C  [ucrtbase.dll+0x21bb2]
C  [KERNEL32.DLL+0x17034]
C  [ntdll.dll+0x52651]


---------------  P R O C E S S  ---------------

Threads class SMR info:
_java_thread_list=0x00000215e61d6b70, length=31, elements={
0x00000215c6d13800, 0x00000215e355a000, 0x00000215e355b800, 0x00000215e35d1800,
0x00000215e35d2000, 0x00000215e35d4000, 0x00000215e35d8800, 0x00000215e35e1000,
0x00000215e35e4800, 0x00000215e3748000, 0x00000215e5c75000, 0x00000215e3836000,
0x00000215e47fc800, 0x00000215e5634000, 0x00000215e5155800, 0x00000215e57c8800,
0x00000215e4dc7800, 0x00000215e556d800, 0x00000215e556e000, 0x00000215e5a59800,
0x00000215e5a0f800, 0x00000215e5a0d000, 0x00000215e5a10800, 0x00000215e5a11800,
0x00000215e5a13000, 0x00000215e5a12000, 0x00000215e5a14000, 0x00000215e5a0e000,
0x00000215e5a0f000, 0x00000215e5d0e000, 0x00000215e5d0b800
}

Java Threads: ( => current thread )
  0x00000215c6d13800 JavaThread "main" [_thread_blocked, id=9440, stack(0x00000067b5800000,0x00000067b5900000)]
  0x00000215e355a000 JavaThread "Reference Handler" daemon [_thread_blocked, id=9816, stack(0x00000067b5f00000,0x00000067b6000000)]
  0x00000215e355b800 JavaThread "Finalizer" daemon [_thread_blocked, id=23792, stack(0x00000067b6000000,0x00000067b6100000)]
  0x00000215e35d1800 JavaThread "Signal Dispatcher" daemon [_thread_blocked, id=29300, stack(0x00000067b6100000,0x00000067b6200000)]
  0x00000215e35d2000 JavaThread "Attach Listener" daemon [_thread_blocked, id=23380, stack(0x00000067b6200000,0x00000067b6300000)]
  0x00000215e35d4000 JavaThread "Service Thread" daemon [_thread_blocked, id=3568, stack(0x00000067b6300000,0x00000067b6400000)]
  0x00000215e35d8800 JavaThread "C2 CompilerThread0" daemon [_thread_in_native, id=7552, stack(0x00000067b6400000,0x00000067b6500000)]
  0x00000215e35e1000 JavaThread "C1 CompilerThread0" daemon [_thread_in_native, id=23960, stack(0x00000067b6500000,0x00000067b6600000)]
  0x00000215e35e4800 JavaThread "Sweeper thread" daemon [_thread_blocked, id=2316, stack(0x00000067b6600000,0x00000067b6700000)]
  0x00000215e3748000 JavaThread "Common-Cleaner" daemon [_thread_blocked, id=29064, stack(0x00000067b6700000,0x00000067b6800000)]
  0x00000215e5c75000 JavaThread "Daemon health stats" [_thread_blocked, id=27636, stack(0x00000067b6f00000,0x00000067b7000000)]
  0x00000215e3836000 JavaThread "Incoming local TCP Connector on port 11173" [_thread_in_native, id=29284, stack(0x00000067b6900000,0x00000067b6a00000)]
  0x00000215e47fc800 JavaThread "Daemon periodic checks" [_thread_blocked, id=23176, stack(0x00000067b7000000,0x00000067b7100000)]
  0x00000215e5634000 JavaThread "Daemon" [_thread_blocked, id=13324, stack(0x00000067b7100000,0x00000067b7200000)]
  0x00000215e5155800 JavaThread "Handler for socket connection from /127.0.0.1:11173 to /127.0.0.1:11174" [_thread_in_native, id=12552, stack(0x00000067b7200000,0x00000067b7300000)]
  0x00000215e57c8800 JavaThread "Cancel handler" [_thread_blocked, id=20376, stack(0x00000067b7300000,0x00000067b7400000)]
  0x00000215e4dc7800 JavaThread "Daemon worker" [_thread_in_Java, id=11388, stack(0x00000067b7400000,0x00000067b7500000)]
  0x00000215e556d800 JavaThread "Asynchronous log dispatcher for DefaultDaemonConnection: socket connection from /127.0.0.1:11173 to /127.0.0.1:11174" [_thread_blocked, id=24340, stack(0x00000067b7500000,0x00000067b7600000)]
  0x00000215e556e000 JavaThread "Stdin handler" [_thread_blocked, id=25128, stack(0x00000067b7600000,0x00000067b7700000)]
=>0x00000215e5a59800 JavaThread "C2 CompilerThread1" daemon [_thread_in_native, id=13760, stack(0x00000067b7700000,0x00000067b7800000)]
  0x00000215e5a0f800 JavaThread "Daemon client event forwarder" [_thread_blocked, id=2420, stack(0x00000067b7800000,0x00000067b7900000)]
  0x00000215e5a0d000 JavaThread "Cache worker for file hash cache (C:\Users\dhekd\.gradle\caches\7.0.2\fileHashes)" [_thread_blocked, id=1348, stack(0x00000067b7900000,0x00000067b7a00000)]
  0x00000215e5a10800 JavaThread "File lock request listener" [_thread_in_native, id=27696, stack(0x00000067b7a00000,0x00000067b7b00000)]
  0x00000215e5a11800 JavaThread "Cache worker for journal cache (C:\Users\dhekd\.gradle\caches\journal-1)" [_thread_blocked, id=14780, stack(0x00000067b7c00000,0x00000067b7d00000)]
  0x00000215e5a13000 JavaThread "Cache worker for file hash cache (C:\Users\dhekd\AndroidStudioProjects\Flask\.gradle\7.0.2\fileHashes)" [_thread_blocked, id=24952, stack(0x00000067b7d00000,0x00000067b7e00000)]
  0x00000215e5a12000 JavaThread "File watcher server" daemon [_thread_in_native, id=6960, stack(0x00000067b7e00000,0x00000067b7f00000)]
  0x00000215e5a14000 JavaThread "File watcher consumer" daemon [_thread_blocked, id=14728, stack(0x00000067b7f00000,0x00000067b8000000)]
  0x00000215e5a0e000 JavaThread "Cache worker for checksums cache (C:\Users\dhekd\AndroidStudioProjects\Flask\.gradle\checksums)" [_thread_blocked, id=23404, stack(0x00000067b8000000,0x00000067b8100000)]
  0x00000215e5a0f000 JavaThread "Cache worker for cache directory md-supplier (C:\Users\dhekd\.gradle\caches\7.0.2\md-supplier)" [_thread_blocked, id=26864, stack(0x00000067b8100000,0x00000067b8200000)]
  0x00000215e5d0e000 JavaThread "Cache worker for cache directory md-rule (C:\Users\dhekd\.gradle\caches\7.0.2\md-rule)" [_thread_blocked, id=268, stack(0x00000067b8200000,0x00000067b8300000)]
  0x00000215e5d0b800 JavaThread "Cache worker for execution history cache (C:\Users\dhekd\.gradle\caches\7.0.2\executionHistory)" [_thread_blocked, id=25644, stack(0x00000067b8300000,0x00000067b8400000)]

Other Threads:
  0x00000215e3553800 VMThread "VM Thread" [stack: 0x00000067b5e00000,0x00000067b5f00000] [id=6836]
  0x00000215e3755000 WatcherThread [stack: 0x00000067b6800000,0x00000067b6900000] [id=12128]
  0x00000215c6d26800 GCTaskThread "GC Thread#0" [stack: 0x00000067b5900000,0x00000067b5a00000] [id=18456]
  0x00000215e44c1000 GCTaskThread "GC Thread#1" [stack: 0x00000067b6a00000,0x00000067b6b00000] [id=19396]
  0x00000215e470f800 GCTaskThread "GC Thread#2" [stack: 0x00000067b6b00000,0x00000067b6c00000] [id=11420]
  0x00000215e4711800 GCTaskThread "GC Thread#3" [stack: 0x00000067b6c00000,0x00000067b6d00000] [id=3380]
  0x00000215e4712800 GCTaskThread "GC Thread#4" [stack: 0x00000067b6d00000,0x00000067b6e00000] [id=26440]
  0x00000215e3dd7800 GCTaskThread "GC Thread#5" [stack: 0x00000067b6e00000,0x00000067b6f00000] [id=23456]
  0x00000215c6d59000 ConcurrentGCThread "G1 Main Marker" [stack: 0x00000067b5a00000,0x00000067b5b00000] [id=16052]
  0x00000215c6d5a800 ConcurrentGCThread "G1 Conc#0" [stack: 0x00000067b5b00000,0x00000067b5c00000] [id=10068]
  0x00000215e5a5e800 ConcurrentGCThread "G1 Conc#1" [stack: 0x00000067b7b00000,0x00000067b7c00000] [id=18120]
  0x00000215e2b9e800 ConcurrentGCThread "G1 Refine#0" [stack: 0x00000067b5c00000,0x00000067b5d00000] [id=26508]
  0x00000215e2b9f000 ConcurrentGCThread "G1 Young RemSet Sampling" [stack: 0x00000067b5d00000,0x00000067b5e00000] [id=21020]

Threads with active compile tasks:
C2 CompilerThread0   2991 2588       4       java.util.ImmutableCollections$SetN$SetNIterator::next (47 bytes)
C2 CompilerThread1   2991 2522       4       jdk.internal.loader.URLClassPath::getResource (74 bytes)

VM state:not at safepoint (normal execution)

VM Mutex/Monitor currently owned by a thread: None

Heap address: 0x0000000080000000, size: 2048 MB, Compressed Oops mode: 32-bit
Narrow klass base: 0x0000000000000000, Narrow klass shift: 3
Compressed class space size: 1073741824 Address: 0x0000000100000000

Heap:
 garbage-first heap   total 262144K, used 43658K [0x0000000080000000, 0x0000000100000000)
  region size 1024K, 29 young (29696K), 4 survivors (4096K)
 Metaspace       used 33819K, capacity 34562K, committed 34688K, reserved 1079296K
  class space    used 4395K, capacity 4672K, committed 4736K, reserved 1048576K
Heap Regions: E=young(eden), S=young(survivor), O=old, HS=humongous(starts), HC=humongous(continues), CS=collection set, F=free, A=archive, TAMS=top-at-mark-start (previous, next)
|   0|0x0000000080000000, 0x0000000080100000, 0x0000000080100000|100%| O|  |TAMS 0x0000000080100000, 0x0000000080000000| Untracked 
|   1|0x0000000080100000, 0x0000000080200000, 0x0000000080200000|100%| O|  |TAMS 0x0000000080200000, 0x0000000080100000| Untracked 
|   2|0x0000000080200000, 0x0000000080300000, 0x0000000080300000|100%| O|  |TAMS 0x0000000080300000, 0x0000000080200000| Untracked 
|   3|0x0000000080300000, 0x0000000080400000, 0x0000000080400000|100%|HS|  |TAMS 0x0000000080400000, 0x0000000080300000| Complete 
|   4|0x0000000080400000, 0x0000000080500000, 0x0000000080500000|100%|HC|  |TAMS 0x0000000080500000, 0x0000000080400000| Complete 
|   5|0x0000000080500000, 0x0000000080600000, 0x0000000080600000|100%|HC|  |TAMS 0x0000000080600000, 0x0000000080500000| Complete 
|   6|0x0000000080600000, 0x0000000080700000, 0x0000000080700000|100%| O|  |TAMS 0x0000000080700000, 0x0000000080600000| Untracked 
|   7|0x0000000080700000, 0x0000000080800000, 0x0000000080800000|100%| O|  |TAMS 0x0000000080800000, 0x0000000080700000| Untracked 
|   8|0x0000000080800000, 0x0000000080900000, 0x0000000080900000|100%| O|  |TAMS 0x0000000080900000, 0x0000000080800000| Untracked 
|   9|0x0000000080900000, 0x0000000080a00000, 0x0000000080a00000|100%| O|  |TAMS 0x0000000080a00000, 0x0000000080900000| Untracked 
|  10|0x0000000080a00000, 0x0000000080b00000, 0x0000000080b00000|100%| O|  |TAMS 0x0000000080b00000, 0x0000000080a00000| Untracked 
|  11|0x0000000080b00000, 0x0000000080c00000, 0x0000000080c00000|100%| O|  |TAMS 0x0000000080c00000, 0x0000000080b00000| Untracked 
|  12|0x0000000080c00000, 0x0000000080d00000, 0x0000000080d00000|100%| O|  |TAMS 0x0000000080d00000, 0x0000000080c00000| Untracked 
|  13|0x0000000080d00000, 0x0000000080e00000, 0x0000000080e00000|100%| O|  |TAMS 0x0000000080e00000, 0x0000000080d00000| Untracked 
|  14|0x0000000080e00000, 0x0000000080f00000, 0x0000000080f00000|100%| O|  |TAMS 0x0000000080f00000, 0x0000000080e00000| Untracked 
|  15|0x0000000080f00000, 0x0000000080f43000, 0x0000000081000000| 26%| O|  |TAMS 0x0000000080f43000, 0x0000000080f00000| Untracked 
|  16|0x0000000081000000, 0x0000000081000000, 0x0000000081100000|  0%| F|  |TAMS 0x0000000081000000, 0x0000000081000000| Untracked 
|  17|0x0000000081100000, 0x0000000081100000, 0x0000000081200000|  0%| F|  |TAMS 0x0000000081100000, 0x0000000081100000| Untracked 
|  18|0x0000000081200000, 0x0000000081200000, 0x0000000081300000|  0%| F|  |TAMS 0x0000000081200000, 0x0000000081200000| Untracked 
|  19|0x0000000081300000, 0x0000000081300000, 0x0000000081400000|  0%| F|  |TAMS 0x0000000081300000, 0x0000000081300000| Untracked 
|  20|0x0000000081400000, 0x0000000081400000, 0x0000000081500000|  0%| F|  |TAMS 0x0000000081400000, 0x0000000081400000| Untracked 
|  21|0x0000000081500000, 0x0000000081500000, 0x0000000081600000|  0%| F|  |TAMS 0x0000000081500000, 0x0000000081500000| Untracked 
|  22|0x0000000081600000, 0x0000000081600000, 0x0000000081700000|  0%| F|  |TAMS 0x0000000081600000, 0x0000000081600000| Untracked 
|  23|0x0000000081700000, 0x0000000081700000, 0x0000000081800000|  0%| F|  |TAMS 0x0000000081700000, 0x0000000081700000| Untracked 
|  24|0x0000000081800000, 0x0000000081800000, 0x0000000081900000|  0%| F|  |TAMS 0x0000000081800000, 0x0000000081800000| Untracked 
|  25|0x0000000081900000, 0x0000000081900000, 0x0000000081a00000|  0%| F|  |TAMS 0x0000000081900000, 0x0000000081900000| Untracked 
|  26|0x0000000081a00000, 0x0000000081a00000, 0x0000000081b00000|  0%| F|  |TAMS 0x0000000081a00000, 0x0000000081a00000| Untracked 
|  27|0x0000000081b00000, 0x0000000081b00000, 0x0000000081c00000|  0%| F|  |TAMS 0x0000000081b00000, 0x0000000081b00000| Untracked 
|  28|0x0000000081c00000, 0x0000000081c00000, 0x0000000081d00000|  0%| F|  |TAMS 0x0000000081c00000, 0x0000000081c00000| Untracked 
|  29|0x0000000081d00000, 0x0000000081d00000, 0x0000000081e00000|  0%| F|  |TAMS 0x0000000081d00000, 0x0000000081d00000| Untracked 
|  30|0x0000000081e00000, 0x0000000081e00000, 0x0000000081f00000|  0%| F|  |TAMS 0x0000000081e00000, 0x0000000081e00000| Untracked 
|  31|0x0000000081f00000, 0x0000000081f00000, 0x0000000082000000|  0%| F|  |TAMS 0x0000000081f00000, 0x0000000081f00000| Untracked 
|  32|0x0000000082000000, 0x0000000082000000, 0x0000000082100000|  0%| F|  |TAMS 0x0000000082000000, 0x0000000082000000| Untracked 
|  33|0x0000000082100000, 0x0000000082100000, 0x0000000082200000|  0%| F|  |TAMS 0x0000000082100000, 0x0000000082100000| Untracked 
|  34|0x0000000082200000, 0x0000000082200000, 0x0000000082300000|  0%| F|  |TAMS 0x0000000082200000, 0x0000000082200000| Untracked 
|  35|0x0000000082300000, 0x0000000082300000, 0x0000000082400000|  0%| F|  |TAMS 0x0000000082300000, 0x0000000082300000| Untracked 
|  36|0x0000000082400000, 0x0000000082400000, 0x0000000082500000|  0%| F|  |TAMS 0x0000000082400000, 0x0000000082400000| Untracked 
|  37|0x0000000082500000, 0x0000000082500000, 0x0000000082600000|  0%| F|  |TAMS 0x0000000082500000, 0x0000000082500000| Untracked 
|  38|0x0000000082600000, 0x0000000082600000, 0x0000000082700000|  0%| F|  |TAMS 0x0000000082600000, 0x0000000082600000| Untracked 
|  39|0x0000000082700000, 0x0000000082700000, 0x0000000082800000|  0%| F|  |TAMS 0x0000000082700000, 0x0000000082700000| Untracked 
|  40|0x0000000082800000, 0x0000000082800000, 0x0000000082900000|  0%| F|  |TAMS 0x0000000082800000, 0x0000000082800000| Untracked 
|  41|0x0000000082900000, 0x0000000082900000, 0x0000000082a00000|  0%| F|  |TAMS 0x0000000082900000, 0x0000000082900000| Untracked 
|  42|0x0000000082a00000, 0x0000000082a00000, 0x0000000082b00000|  0%| F|  |TAMS 0x0000000082a00000, 0x0000000082a00000| Untracked 
|  43|0x0000000082b00000, 0x0000000082b00000, 0x0000000082c00000|  0%| F|  |TAMS 0x0000000082b00000, 0x0000000082b00000| Untracked 
|  44|0x0000000082c00000, 0x0000000082c00000, 0x0000000082d00000|  0%| F|  |TAMS 0x0000000082c00000, 0x0000000082c00000| Untracked 
|  45|0x0000000082d00000, 0x0000000082d00000, 0x0000000082e00000|  0%| F|  |TAMS 0x0000000082d00000, 0x0000000082d00000| Untracked 
|  46|0x0000000082e00000, 0x0000000082e00000, 0x0000000082f00000|  0%| F|  |TAMS 0x0000000082e00000, 0x0000000082e00000| Untracked 
|  47|0x0000000082f00000, 0x0000000082f00000, 0x0000000083000000|  0%| F|  |TAMS 0x0000000082f00000, 0x0000000082f00000| Untracked 
|  48|0x0000000083000000, 0x0000000083000000, 0x0000000083100000|  0%| F|  |TAMS 0x0000000083000000, 0x0000000083000000| Untracked 
|  49|0x0000000083100000, 0x0000000083100000, 0x0000000083200000|  0%| F|  |TAMS 0x0000000083100000, 0x0000000083100000| Untracked 
|  50|0x0000000083200000, 0x0000000083200000, 0x0000000083300000|  0%| F|  |TAMS 0x0000000083200000, 0x0000000083200000| Untracked 
|  51|0x0000000083300000, 0x0000000083300000, 0x0000000083400000|  0%| F|  |TAMS 0x0000000083300000, 0x0000000083300000| Untracked 
|  52|0x0000000083400000, 0x0000000083400000, 0x0000000083500000|  0%| F|  |TAMS 0x0000000083400000, 0x0000000083400000| Untracked 
|  53|0x0000000083500000, 0x0000000083500000, 0x0000000083600000|  0%| F|  |TAMS 0x0000000083500000, 0x0000000083500000| Untracked 
|  54|0x0000000083600000, 0x0000000083600000, 0x0000000083700000|  0%| F|  |TAMS 0x0000000083600000, 0x0000000083600000| Untracked 
|  55|0x0000000083700000, 0x0000000083700000, 0x0000000083800000|  0%| F|  |TAMS 0x0000000083700000, 0x0000000083700000| Untracked 
|  56|0x0000000083800000, 0x0000000083800000, 0x0000000083900000|  0%| F|  |TAMS 0x0000000083800000, 0x0000000083800000| Untracked 
|  57|0x0000000083900000, 0x0000000083900000, 0x0000000083a00000|  0%| F|  |TAMS 0x0000000083900000, 0x0000000083900000| Untracked 
|  58|0x0000000083a00000, 0x0000000083a00000, 0x0000000083b00000|  0%| F|  |TAMS 0x0000000083a00000, 0x0000000083a00000| Untracked 
|  59|0x0000000083b00000, 0x0000000083b00000, 0x0000000083c00000|  0%| F|  |TAMS 0x0000000083b00000, 0x0000000083b00000| Untracked 
|  60|0x0000000083c00000, 0x0000000083c00000, 0x0000000083d00000|  0%| F|  |TAMS 0x0000000083c00000, 0x0000000083c00000| Untracked 
|  61|0x0000000083d00000, 0x0000000083d00000, 0x0000000083e00000|  0%| F|  |TAMS 0x0000000083d00000, 0x0000000083d00000| Untracked 
|  62|0x0000000083e00000, 0x0000000083e00000, 0x0000000083f00000|  0%| F|  |TAMS 0x0000000083e00000, 0x0000000083e00000| Untracked 
|  63|0x0000000083f00000, 0x0000000083f00000, 0x0000000084000000|  0%| F|  |TAMS 0x0000000083f00000, 0x0000000083f00000| Untracked 
|  64|0x0000000084000000, 0x0000000084000000, 0x0000000084100000|  0%| F|  |TAMS 0x0000000084000000, 0x0000000084000000| Untracked 
|  65|0x0000000084100000, 0x0000000084100000, 0x0000000084200000|  0%| F|  |TAMS 0x0000000084100000, 0x0000000084100000| Untracked 
|  66|0x0000000084200000, 0x0000000084200000, 0x0000000084300000|  0%| F|  |TAMS 0x0000000084200000, 0x0000000084200000| Untracked 
|  67|0x0000000084300000, 0x0000000084300000, 0x0000000084400000|  0%| F|  |TAMS 0x0000000084300000, 0x0000000084300000| Untracked 
|  68|0x0000000084400000, 0x0000000084400000, 0x0000000084500000|  0%| F|  |TAMS 0x0000000084400000, 0x0000000084400000| Untracked 
|  69|0x0000000084500000, 0x0000000084500000, 0x0000000084600000|  0%| F|  |TAMS 0x0000000084500000, 0x0000000084500000| Untracked 
|  70|0x0000000084600000, 0x0000000084600000, 0x0000000084700000|  0%| F|  |TAMS 0x0000000084600000, 0x0000000084600000| Untracked 
|  71|0x0000000084700000, 0x0000000084700000, 0x0000000084800000|  0%| F|  |TAMS 0x0000000084700000, 0x0000000084700000| Untracked 
|  72|0x0000000084800000, 0x0000000084800000, 0x0000000084900000|  0%| F|  |TAMS 0x0000000084800000, 0x0000000084800000| Untracked 
|  73|0x0000000084900000, 0x0000000084900000, 0x0000000084a00000|  0%| F|  |TAMS 0x0000000084900000, 0x0000000084900000| Untracked 
|  74|0x0000000084a00000, 0x0000000084a00000, 0x0000000084b00000|  0%| F|  |TAMS 0x0000000084a00000, 0x0000000084a00000| Untracked 
|  75|0x0000000084b00000, 0x0000000084b00000, 0x0000000084c00000|  0%| F|  |TAMS 0x0000000084b00000, 0x0000000084b00000| Untracked 
|  76|0x0000000084c00000, 0x0000000084c00000, 0x0000000084d00000|  0%| F|  |TAMS 0x0000000084c00000, 0x0000000084c00000| Untracked 
|  77|0x0000000084d00000, 0x0000000084d00000, 0x0000000084e00000|  0%| F|  |TAMS 0x0000000084d00000, 0x0000000084d00000| Untracked 
|  78|0x0000000084e00000, 0x0000000084e00000, 0x0000000084f00000|  0%| F|  |TAMS 0x0000000084e00000, 0x0000000084e00000| Untracked 
|  79|0x0000000084f00000, 0x0000000084f00000, 0x0000000085000000|  0%| F|  |TAMS 0x0000000084f00000, 0x0000000084f00000| Untracked 
|  80|0x0000000085000000, 0x0000000085000000, 0x0000000085100000|  0%| F|  |TAMS 0x0000000085000000, 0x0000000085000000| Untracked 
|  81|0x0000000085100000, 0x0000000085100000, 0x0000000085200000|  0%| F|  |TAMS 0x0000000085100000, 0x0000000085100000| Untracked 
|  82|0x0000000085200000, 0x0000000085200000, 0x0000000085300000|  0%| F|  |TAMS 0x0000000085200000, 0x0000000085200000| Untracked 
|  83|0x0000000085300000, 0x0000000085300000, 0x0000000085400000|  0%| F|  |TAMS 0x0000000085300000, 0x0000000085300000| Untracked 
|  84|0x0000000085400000, 0x0000000085400000, 0x0000000085500000|  0%| F|  |TAMS 0x0000000085400000, 0x0000000085400000| Untracked 
|  85|0x0000000085500000, 0x0000000085500000, 0x0000000085600000|  0%| F|  |TAMS 0x0000000085500000, 0x0000000085500000| Untracked 
|  86|0x0000000085600000, 0x0000000085600000, 0x0000000085700000|  0%| F|  |TAMS 0x0000000085600000, 0x0000000085600000| Untracked 
|  87|0x0000000085700000, 0x0000000085700000, 0x0000000085800000|  0%| F|  |TAMS 0x0000000085700000, 0x0000000085700000| Untracked 
|  88|0x0000000085800000, 0x0000000085800000, 0x0000000085900000|  0%| F|  |TAMS 0x0000000085800000, 0x0000000085800000| Untracked 
|  89|0x0000000085900000, 0x0000000085900000, 0x0000000085a00000|  0%| F|  |TAMS 0x0000000085900000, 0x0000000085900000| Untracked 
|  90|0x0000000085a00000, 0x0000000085a00000, 0x0000000085b00000|  0%| F|  |TAMS 0x0000000085a00000, 0x0000000085a00000| Untracked 
|  91|0x0000000085b00000, 0x0000000085b00000, 0x0000000085c00000|  0%| F|  |TAMS 0x0000000085b00000, 0x0000000085b00000| Untracked 
|  92|0x0000000085c00000, 0x0000000085c00000, 0x0000000085d00000|  0%| F|  |TAMS 0x0000000085c00000, 0x0000000085c00000| Untracked 
|  93|0x0000000085d00000, 0x0000000085d00000, 0x0000000085e00000|  0%| F|  |TAMS 0x0000000085d00000, 0x0000000085d00000| Untracked 
|  94|0x0000000085e00000, 0x0000000085e00000, 0x0000000085f00000|  0%| F|  |TAMS 0x0000000085e00000, 0x0000000085e00000| Untracked 
|  95|0x0000000085f00000, 0x0000000085f00000, 0x0000000086000000|  0%| F|  |TAMS 0x0000000085f00000, 0x0000000085f00000| Untracked 
|  96|0x0000000086000000, 0x0000000086000000, 0x0000000086100000|  0%| F|  |TAMS 0x0000000086000000, 0x0000000086000000| Untracked 
|  97|0x0000000086100000, 0x0000000086100000, 0x0000000086200000|  0%| F|  |TAMS 0x0000000086100000, 0x0000000086100000| Untracked 
|  98|0x0000000086200000, 0x0000000086200000, 0x0000000086300000|  0%| F|  |TAMS 0x0000000086200000, 0x0000000086200000| Untracked 
|  99|0x0000000086300000, 0x0000000086300000, 0x0000000086400000|  0%| F|  |TAMS 0x0000000086300000, 0x0000000086300000| Untracked 
| 100|0x0000000086400000, 0x0000000086400000, 0x0000000086500000|  0%| F|  |TAMS 0x0000000086400000, 0x0000000086400000| Untracked 
| 101|0x0000000086500000, 0x0000000086500000, 0x0000000086600000|  0%| F|  |TAMS 0x0000000086500000, 0x0000000086500000| Untracked 
| 102|0x0000000086600000, 0x0000000086600000, 0x0000000086700000|  0%| F|  |TAMS 0x0000000086600000, 0x0000000086600000| Untracked 
| 103|0x0000000086700000, 0x0000000086700000, 0x0000000086800000|  0%| F|  |TAMS 0x0000000086700000, 0x0000000086700000| Untracked 
| 104|0x0000000086800000, 0x0000000086800000, 0x0000000086900000|  0%| F|  |TAMS 0x0000000086800000, 0x0000000086800000| Untracked 
| 105|0x0000000086900000, 0x0000000086900000, 0x0000000086a00000|  0%| F|  |TAMS 0x0000000086900000, 0x0000000086900000| Untracked 
| 106|0x0000000086a00000, 0x0000000086a00000, 0x0000000086b00000|  0%| F|  |TAMS 0x0000000086a00000, 0x0000000086a00000| Untracked 
| 107|0x0000000086b00000, 0x0000000086b00000, 0x0000000086c00000|  0%| F|  |TAMS 0x0000000086b00000, 0x0000000086b00000| Untracked 
| 108|0x0000000086c00000, 0x0000000086c00000, 0x0000000086d00000|  0%| F|  |TAMS 0x0000000086c00000, 0x0000000086c00000| Untracked 
| 109|0x0000000086d00000, 0x0000000086d00000, 0x0000000086e00000|  0%| F|  |TAMS 0x0000000086d00000, 0x0000000086d00000| Untracked 
| 110|0x0000000086e00000, 0x0000000086e00000, 0x0000000086f00000|  0%| F|  |TAMS 0x0000000086e00000, 0x0000000086e00000| Untracked 
| 111|0x0000000086f00000, 0x0000000086f00000, 0x0000000087000000|  0%| F|  |TAMS 0x0000000086f00000, 0x0000000086f00000| Untracked 
| 112|0x0000000087000000, 0x0000000087000000, 0x0000000087100000|  0%| F|  |TAMS 0x0000000087000000, 0x0000000087000000| Untracked 
| 113|0x0000000087100000, 0x0000000087100000, 0x0000000087200000|  0%| F|  |TAMS 0x0000000087100000, 0x0000000087100000| Untracked 
| 114|0x0000000087200000, 0x0000000087200000, 0x0000000087300000|  0%| F|  |TAMS 0x0000000087200000, 0x0000000087200000| Untracked 
| 115|0x0000000087300000, 0x0000000087300000, 0x0000000087400000|  0%| F|  |TAMS 0x0000000087300000, 0x0000000087300000| Untracked 
| 116|0x0000000087400000, 0x0000000087400000, 0x0000000087500000|  0%| F|  |TAMS 0x0000000087400000, 0x0000000087400000| Untracked 
| 117|0x0000000087500000, 0x0000000087500000, 0x0000000087600000|  0%| F|  |TAMS 0x0000000087500000, 0x0000000087500000| Untracked 
| 118|0x0000000087600000, 0x0000000087600000, 0x0000000087700000|  0%| F|  |TAMS 0x0000000087600000, 0x0000000087600000| Untracked 
| 119|0x0000000087700000, 0x0000000087700000, 0x0000000087800000|  0%| F|  |TAMS 0x0000000087700000, 0x0000000087700000| Untracked 
| 120|0x0000000087800000, 0x0000000087800000, 0x0000000087900000|  0%| F|  |TAMS 0x0000000087800000, 0x0000000087800000| Untracked 
| 121|0x0000000087900000, 0x0000000087900000, 0x0000000087a00000|  0%| F|  |TAMS 0x0000000087900000, 0x0000000087900000| Untracked 
| 122|0x0000000087a00000, 0x0000000087a00000, 0x0000000087b00000|  0%| F|  |TAMS 0x0000000087a00000, 0x0000000087a00000| Untracked 
| 123|0x0000000087b00000, 0x0000000087b00000, 0x0000000087c00000|  0%| F|  |TAMS 0x0000000087b00000, 0x0000000087b00000| Untracked 
| 124|0x0000000087c00000, 0x0000000087c00000, 0x0000000087d00000|  0%| F|  |TAMS 0x0000000087c00000, 0x0000000087c00000| Untracked 
| 125|0x0000000087d00000, 0x0000000087d00000, 0x0000000087e00000|  0%| F|  |TAMS 0x0000000087d00000, 0x0000000087d00000| Untracked 
| 126|0x0000000087e00000, 0x0000000087e00000, 0x0000000087f00000|  0%| F|  |TAMS 0x0000000087e00000, 0x0000000087e00000| Untracked 
| 127|0x0000000087f00000, 0x0000000087f00000, 0x0000000088000000|  0%| F|  |TAMS 0x0000000087f00000, 0x0000000087f00000| Untracked 
| 128|0x0000000088000000, 0x0000000088000000, 0x0000000088100000|  0%| F|  |TAMS 0x0000000088000000, 0x0000000088000000| Untracked 
| 129|0x0000000088100000, 0x0000000088100000, 0x0000000088200000|  0%| F|  |TAMS 0x0000000088100000, 0x0000000088100000| Untracked 
| 130|0x0000000088200000, 0x0000000088200000, 0x0000000088300000|  0%| F|  |TAMS 0x0000000088200000, 0x0000000088200000| Untracked 
| 131|0x0000000088300000, 0x0000000088300000, 0x0000000088400000|  0%| F|  |TAMS 0x0000000088300000, 0x0000000088300000| Untracked 
| 132|0x0000000088400000, 0x0000000088400000, 0x0000000088500000|  0%| F|  |TAMS 0x0000000088400000, 0x0000000088400000| Untracked 
| 133|0x0000000088500000, 0x0000000088500000, 0x0000000088600000|  0%| F|  |TAMS 0x0000000088500000, 0x0000000088500000| Untracked 
| 134|0x0000000088600000, 0x0000000088600000, 0x0000000088700000|  0%| F|  |TAMS 0x0000000088600000, 0x0000000088600000| Untracked 
| 135|0x0000000088700000, 0x0000000088700000, 0x0000000088800000|  0%| F|  |TAMS 0x0000000088700000, 0x0000000088700000| Untracked 
| 136|0x0000000088800000, 0x0000000088800000, 0x0000000088900000|  0%| F|  |TAMS 0x0000000088800000, 0x0000000088800000| Untracked 
| 137|0x0000000088900000, 0x0000000088900000, 0x0000000088a00000|  0%| F|  |TAMS 0x0000000088900000, 0x0000000088900000| Untracked 
| 138|0x0000000088a00000, 0x0000000088a00000, 0x0000000088b00000|  0%| F|  |TAMS 0x0000000088a00000, 0x0000000088a00000| Untracked 
| 139|0x0000000088b00000, 0x0000000088b00000, 0x0000000088c00000|  0%| F|  |TAMS 0x0000000088b00000, 0x0000000088b00000| Untracked 
| 140|0x0000000088c00000, 0x0000000088c00000, 0x0000000088d00000|  0%| F|  |TAMS 0x0000000088c00000, 0x0000000088c00000| Untracked 
| 141|0x0000000088d00000, 0x0000000088d00000, 0x0000000088e00000|  0%| F|  |TAMS 0x0000000088d00000, 0x0000000088d00000| Untracked 
| 142|0x0000000088e00000, 0x0000000088e00000, 0x0000000088f00000|  0%| F|  |TAMS 0x0000000088e00000, 0x0000000088e00000| Untracked 
| 143|0x0000000088f00000, 0x0000000088f00000, 0x0000000089000000|  0%| F|  |TAMS 0x0000000088f00000, 0x0000000088f00000| Untracked 
| 144|0x0000000089000000, 0x0000000089000000, 0x0000000089100000|  0%| F|  |TAMS 0x0000000089000000, 0x0000000089000000| Untracked 
| 145|0x0000000089100000, 0x0000000089100000, 0x0000000089200000|  0%| F|  |TAMS 0x0000000089100000, 0x0000000089100000| Untracked 
| 146|0x0000000089200000, 0x0000000089200000, 0x0000000089300000|  0%| F|  |TAMS 0x0000000089200000, 0x0000000089200000| Untracked 
| 147|0x0000000089300000, 0x0000000089300000, 0x0000000089400000|  0%| F|  |TAMS 0x0000000089300000, 0x0000000089300000| Untracked 
| 148|0x0000000089400000, 0x0000000089400000, 0x0000000089500000|  0%| F|  |TAMS 0x0000000089400000, 0x0000000089400000| Untracked 
| 149|0x0000000089500000, 0x0000000089500000, 0x0000000089600000|  0%| F|  |TAMS 0x0000000089500000, 0x0000000089500000| Untracked 
| 150|0x0000000089600000, 0x0000000089600000, 0x0000000089700000|  0%| F|  |TAMS 0x0000000089600000, 0x0000000089600000| Untracked 
| 151|0x0000000089700000, 0x0000000089700000, 0x0000000089800000|  0%| F|  |TAMS 0x0000000089700000, 0x0000000089700000| Untracked 
| 152|0x0000000089800000, 0x0000000089800000, 0x0000000089900000|  0%| F|  |TAMS 0x0000000089800000, 0x0000000089800000| Untracked 
| 153|0x0000000089900000, 0x0000000089900000, 0x0000000089a00000|  0%| F|  |TAMS 0x0000000089900000, 0x0000000089900000| Untracked 
| 154|0x0000000089a00000, 0x0000000089a00000, 0x0000000089b00000|  0%| F|  |TAMS 0x0000000089a00000, 0x0000000089a00000| Untracked 
| 155|0x0000000089b00000, 0x0000000089b00000, 0x0000000089c00000|  0%| F|  |TAMS 0x0000000089b00000, 0x0000000089b00000| Untracked 
| 156|0x0000000089c00000, 0x0000000089c00000, 0x0000000089d00000|  0%| F|  |TAMS 0x0000000089c00000, 0x0000000089c00000| Untracked 
| 157|0x0000000089d00000, 0x0000000089d00000, 0x0000000089e00000|  0%| F|  |TAMS 0x0000000089d00000, 0x0000000089d00000| Untracked 
| 158|0x0000000089e00000, 0x0000000089e00000, 0x0000000089f00000|  0%| F|  |TAMS 0x0000000089e00000, 0x0000000089e00000| Untracked 
| 159|0x0000000089f00000, 0x0000000089f00000, 0x000000008a000000|  0%| F|  |TAMS 0x0000000089f00000, 0x0000000089f00000| Untracked 
| 160|0x000000008a000000, 0x000000008a000000, 0x000000008a100000|  0%| F|  |TAMS 0x000000008a000000, 0x000000008a000000| Untracked 
| 161|0x000000008a100000, 0x000000008a100000, 0x000000008a200000|  0%| F|  |TAMS 0x000000008a100000, 0x000000008a100000| Untracked 
| 162|0x000000008a200000, 0x000000008a200000, 0x000000008a300000|  0%| F|  |TAMS 0x000000008a200000, 0x000000008a200000| Untracked 
| 163|0x000000008a300000, 0x000000008a300000, 0x000000008a400000|  0%| F|  |TAMS 0x000000008a300000, 0x000000008a300000| Untracked 
| 164|0x000000008a400000, 0x000000008a400000, 0x000000008a500000|  0%| F|  |TAMS 0x000000008a400000, 0x000000008a400000| Untracked 
| 165|0x000000008a500000, 0x000000008a500000, 0x000000008a600000|  0%| F|  |TAMS 0x000000008a500000, 0x000000008a500000| Untracked 
| 166|0x000000008a600000, 0x000000008a600000, 0x000000008a700000|  0%| F|  |TAMS 0x000000008a600000, 0x000000008a600000| Untracked 
| 167|0x000000008a700000, 0x000000008a700000, 0x000000008a800000|  0%| F|  |TAMS 0x000000008a700000, 0x000000008a700000| Untracked 
| 168|0x000000008a800000, 0x000000008a800000, 0x000000008a900000|  0%| F|  |TAMS 0x000000008a800000, 0x000000008a800000| Untracked 
| 169|0x000000008a900000, 0x000000008a900000, 0x000000008aa00000|  0%| F|  |TAMS 0x000000008a900000, 0x000000008a900000| Untracked 
| 170|0x000000008aa00000, 0x000000008aa00000, 0x000000008ab00000|  0%| F|  |TAMS 0x000000008aa00000, 0x000000008aa00000| Untracked 
| 171|0x000000008ab00000, 0x000000008ab00000, 0x000000008ac00000|  0%| F|  |TAMS 0x000000008ab00000, 0x000000008ab00000| Untracked 
| 172|0x000000008ac00000, 0x000000008ac00000, 0x000000008ad00000|  0%| F|  |TAMS 0x000000008ac00000, 0x000000008ac00000| Untracked 
| 173|0x000000008ad00000, 0x000000008ad5fa98, 0x000000008ae00000| 37%| S|CS|TAMS 0x000000008ad00000, 0x000000008ad00000| Complete 
| 174|0x000000008ae00000, 0x000000008af00000, 0x000000008af00000|100%| S|CS|TAMS 0x000000008ae00000, 0x000000008ae00000| Complete 
| 175|0x000000008af00000, 0x000000008b000000, 0x000000008b000000|100%| S|CS|TAMS 0x000000008af00000, 0x000000008af00000| Complete 
| 176|0x000000008b000000, 0x000000008b100000, 0x000000008b100000|100%| S|CS|TAMS 0x000000008b000000, 0x000000008b000000| Complete 
| 177|0x000000008b100000, 0x000000008b100000, 0x000000008b200000|  0%| F|  |TAMS 0x000000008b100000, 0x000000008b100000| Untracked 
| 178|0x000000008b200000, 0x000000008b200000, 0x000000008b300000|  0%| F|  |TAMS 0x000000008b200000, 0x000000008b200000| Untracked 
| 179|0x000000008b300000, 0x000000008b300000, 0x000000008b400000|  0%| F|  |TAMS 0x000000008b300000, 0x000000008b300000| Untracked 
| 180|0x000000008b400000, 0x000000008b400000, 0x000000008b500000|  0%| F|  |TAMS 0x000000008b400000, 0x000000008b400000| Untracked 
| 181|0x000000008b500000, 0x000000008b500000, 0x000000008b600000|  0%| F|  |TAMS 0x000000008b500000, 0x000000008b500000| Untracked 
| 182|0x000000008b600000, 0x000000008b600000, 0x000000008b700000|  0%| F|  |TAMS 0x000000008b600000, 0x000000008b600000| Untracked 
| 183|0x000000008b700000, 0x000000008b700000, 0x000000008b800000|  0%| F|  |TAMS 0x000000008b700000, 0x000000008b700000| Untracked 
| 184|0x000000008b800000, 0x000000008b800000, 0x000000008b900000|  0%| F|  |TAMS 0x000000008b800000, 0x000000008b800000| Untracked 
| 185|0x000000008b900000, 0x000000008b900000, 0x000000008ba00000|  0%| F|  |TAMS 0x000000008b900000, 0x000000008b900000| Untracked 
| 186|0x000000008ba00000, 0x000000008ba00000, 0x000000008bb00000|  0%| F|  |TAMS 0x000000008ba00000, 0x000000008ba00000| Untracked 
| 187|0x000000008bb00000, 0x000000008bb00000, 0x000000008bc00000|  0%| F|  |TAMS 0x000000008bb00000, 0x000000008bb00000| Untracked 
| 188|0x000000008bc00000, 0x000000008bc00000, 0x000000008bd00000|  0%| F|  |TAMS 0x000000008bc00000, 0x000000008bc00000| Untracked 
| 189|0x000000008bd00000, 0x000000008bd00000, 0x000000008be00000|  0%| F|  |TAMS 0x000000008bd00000, 0x000000008bd00000| Untracked 
| 190|0x000000008be00000, 0x000000008be00000, 0x000000008bf00000|  0%| F|  |TAMS 0x000000008be00000, 0x000000008be00000| Untracked 
| 191|0x000000008bf00000, 0x000000008bf00000, 0x000000008c000000|  0%| F|  |TAMS 0x000000008bf00000, 0x000000008bf00000| Untracked 
| 192|0x000000008c000000, 0x000000008c000000, 0x000000008c100000|  0%| F|  |TAMS 0x000000008c000000, 0x000000008c000000| Untracked 
| 193|0x000000008c100000, 0x000000008c100000, 0x000000008c200000|  0%| F|  |TAMS 0x000000008c100000, 0x000000008c100000| Untracked 
| 194|0x000000008c200000, 0x000000008c200000, 0x000000008c300000|  0%| F|  |TAMS 0x000000008c200000, 0x000000008c200000| Untracked 
| 195|0x000000008c300000, 0x000000008c300000, 0x000000008c400000|  0%| F|  |TAMS 0x000000008c300000, 0x000000008c300000| Untracked 
| 196|0x000000008c400000, 0x000000008c400000, 0x000000008c500000|  0%| F|  |TAMS 0x000000008c400000, 0x000000008c400000| Untracked 
| 197|0x000000008c500000, 0x000000008c500000, 0x000000008c600000|  0%| F|  |TAMS 0x000000008c500000, 0x000000008c500000| Untracked 
| 198|0x000000008c600000, 0x000000008c600000, 0x000000008c700000|  0%| F|  |TAMS 0x000000008c600000, 0x000000008c600000| Untracked 
| 199|0x000000008c700000, 0x000000008c700000, 0x000000008c800000|  0%| F|  |TAMS 0x000000008c700000, 0x000000008c700000| Untracked 
| 200|0x000000008c800000, 0x000000008c800000, 0x000000008c900000|  0%| F|  |TAMS 0x000000008c800000, 0x000000008c800000| Untracked 
| 201|0x000000008c900000, 0x000000008c900000, 0x000000008ca00000|  0%| F|  |TAMS 0x000000008c900000, 0x000000008c900000| Untracked 
| 202|0x000000008ca00000, 0x000000008ca00000, 0x000000008cb00000|  0%| F|  |TAMS 0x000000008ca00000, 0x000000008ca00000| Untracked 
| 203|0x000000008cb00000, 0x000000008cb00000, 0x000000008cc00000|  0%| F|  |TAMS 0x000000008cb00000, 0x000000008cb00000| Untracked 
| 204|0x000000008cc00000, 0x000000008cc00000, 0x000000008cd00000|  0%| F|  |TAMS 0x000000008cc00000, 0x000000008cc00000| Untracked 
| 205|0x000000008cd00000, 0x000000008cd00000, 0x000000008ce00000|  0%| F|  |TAMS 0x000000008cd00000, 0x000000008cd00000| Untracked 
| 206|0x000000008ce00000, 0x000000008ce00000, 0x000000008cf00000|  0%| F|  |TAMS 0x000000008ce00000, 0x000000008ce00000| Untracked 
| 207|0x000000008cf00000, 0x000000008cf00000, 0x000000008d000000|  0%| F|  |TAMS 0x000000008cf00000, 0x000000008cf00000| Untracked 
| 208|0x000000008d000000, 0x000000008d000000, 0x000000008d100000|  0%| F|  |TAMS 0x000000008d000000, 0x000000008d000000| Untracked 
| 209|0x000000008d100000, 0x000000008d100000, 0x000000008d200000|  0%| F|  |TAMS 0x000000008d100000, 0x000000008d100000| Untracked 
| 210|0x000000008d200000, 0x000000008d200000, 0x000000008d300000|  0%| F|  |TAMS 0x000000008d200000, 0x000000008d200000| Untracked 
| 211|0x000000008d300000, 0x000000008d300000, 0x000000008d400000|  0%| F|  |TAMS 0x000000008d300000, 0x000000008d300000| Untracked 
| 212|0x000000008d400000, 0x000000008d400000, 0x000000008d500000|  0%| F|  |TAMS 0x000000008d400000, 0x000000008d400000| Untracked 
| 213|0x000000008d500000, 0x000000008d500000, 0x000000008d600000|  0%| F|  |TAMS 0x000000008d500000, 0x000000008d500000| Untracked 
| 214|0x000000008d600000, 0x000000008d600000, 0x000000008d700000|  0%| F|  |TAMS 0x000000008d600000, 0x000000008d600000| Untracked 
| 215|0x000000008d700000, 0x000000008d700000, 0x000000008d800000|  0%| F|  |TAMS 0x000000008d700000, 0x000000008d700000| Untracked 
| 216|0x000000008d800000, 0x000000008d800000, 0x000000008d900000|  0%| F|  |TAMS 0x000000008d800000, 0x000000008d800000| Untracked 
| 217|0x000000008d900000, 0x000000008d900000, 0x000000008da00000|  0%| F|  |TAMS 0x000000008d900000, 0x000000008d900000| Untracked 
| 218|0x000000008da00000, 0x000000008da00000, 0x000000008db00000|  0%| F|  |TAMS 0x000000008da00000, 0x000000008da00000| Untracked 
| 219|0x000000008db00000, 0x000000008db00000, 0x000000008dc00000|  0%| F|  |TAMS 0x000000008db00000, 0x000000008db00000| Untracked 
| 220|0x000000008dc00000, 0x000000008dc00000, 0x000000008dd00000|  0%| F|  |TAMS 0x000000008dc00000, 0x000000008dc00000| Untracked 
| 221|0x000000008dd00000, 0x000000008dd00000, 0x000000008de00000|  0%| F|  |TAMS 0x000000008dd00000, 0x000000008dd00000| Untracked 
| 222|0x000000008de00000, 0x000000008de00000, 0x000000008df00000|  0%| F|  |TAMS 0x000000008de00000, 0x000000008de00000| Untracked 
| 223|0x000000008df00000, 0x000000008df00000, 0x000000008e000000|  0%| F|  |TAMS 0x000000008df00000, 0x000000008df00000| Untracked 
| 224|0x000000008e000000, 0x000000008e000000, 0x000000008e100000|  0%| F|  |TAMS 0x000000008e000000, 0x000000008e000000| Untracked 
| 225|0x000000008e100000, 0x000000008e100000, 0x000000008e200000|  0%| F|  |TAMS 0x000000008e100000, 0x000000008e100000| Untracked 
| 226|0x000000008e200000, 0x000000008e200000, 0x000000008e300000|  0%| F|  |TAMS 0x000000008e200000, 0x000000008e200000| Untracked 
| 227|0x000000008e300000, 0x000000008e300000, 0x000000008e400000|  0%| F|  |TAMS 0x000000008e300000, 0x000000008e300000| Untracked 
| 228|0x000000008e400000, 0x000000008e400000, 0x000000008e500000|  0%| F|  |TAMS 0x000000008e400000, 0x000000008e400000| Untracked 
| 229|0x000000008e500000, 0x000000008e500000, 0x000000008e600000|  0%| F|  |TAMS 0x000000008e500000, 0x000000008e500000| Untracked 
| 230|0x000000008e600000, 0x000000008e700000, 0x000000008e700000|100%| E|  |TAMS 0x000000008e600000, 0x000000008e600000| Complete 
| 231|0x000000008e700000, 0x000000008e800000, 0x000000008e800000|100%| E|CS|TAMS 0x000000008e700000, 0x000000008e700000| Complete 
| 232|0x000000008e800000, 0x000000008e900000, 0x000000008e900000|100%| E|CS|TAMS 0x000000008e800000, 0x000000008e800000| Complete 
| 233|0x000000008e900000, 0x000000008ea00000, 0x000000008ea00000|100%| E|CS|TAMS 0x000000008e900000, 0x000000008e900000| Complete 
| 234|0x000000008ea00000, 0x000000008eb00000, 0x000000008eb00000|100%| E|CS|TAMS 0x000000008ea00000, 0x000000008ea00000| Complete 
| 235|0x000000008eb00000, 0x000000008ec00000, 0x000000008ec00000|100%| E|CS|TAMS 0x000000008eb00000, 0x000000008eb00000| Complete 
| 236|0x000000008ec00000, 0x000000008ed00000, 0x000000008ed00000|100%| E|CS|TAMS 0x000000008ec00000, 0x000000008ec00000| Complete 
| 237|0x000000008ed00000, 0x000000008ee00000, 0x000000008ee00000|100%| E|CS|TAMS 0x000000008ed00000, 0x000000008ed00000| Complete 
| 238|0x000000008ee00000, 0x000000008ef00000, 0x000000008ef00000|100%| E|CS|TAMS 0x000000008ee00000, 0x000000008ee00000| Complete 
| 239|0x000000008ef00000, 0x000000008f000000, 0x000000008f000000|100%| E|CS|TAMS 0x000000008ef00000, 0x000000008ef00000| Complete 
| 240|0x000000008f000000, 0x000000008f100000, 0x000000008f100000|100%| E|CS|TAMS 0x000000008f000000, 0x000000008f000000| Complete 
| 241|0x000000008f100000, 0x000000008f200000, 0x000000008f200000|100%| E|CS|TAMS 0x000000008f100000, 0x000000008f100000| Complete 
| 242|0x000000008f200000, 0x000000008f300000, 0x000000008f300000|100%| E|CS|TAMS 0x000000008f200000, 0x000000008f200000| Complete 
| 243|0x000000008f300000, 0x000000008f400000, 0x000000008f400000|100%| E|CS|TAMS 0x000000008f300000, 0x000000008f300000| Complete 
| 244|0x000000008f400000, 0x000000008f500000, 0x000000008f500000|100%| E|CS|TAMS 0x000000008f400000, 0x000000008f400000| Complete 
| 245|0x000000008f500000, 0x000000008f600000, 0x000000008f600000|100%| E|CS|TAMS 0x000000008f500000, 0x000000008f500000| Complete 
| 246|0x000000008f600000, 0x000000008f700000, 0x000000008f700000|100%| E|CS|TAMS 0x000000008f600000, 0x000000008f600000| Complete 
| 247|0x000000008f700000, 0x000000008f800000, 0x000000008f800000|100%| E|CS|TAMS 0x000000008f700000, 0x000000008f700000| Complete 
| 248|0x000000008f800000, 0x000000008f900000, 0x000000008f900000|100%| E|CS|TAMS 0x000000008f800000, 0x000000008f800000| Complete 
| 249|0x000000008f900000, 0x000000008fa00000, 0x000000008fa00000|100%| E|CS|TAMS 0x000000008f900000, 0x000000008f900000| Complete 
| 250|0x000000008fa00000, 0x000000008fb00000, 0x000000008fb00000|100%| E|CS|TAMS 0x000000008fa00000, 0x000000008fa00000| Complete 
| 251|0x000000008fb00000, 0x000000008fc00000, 0x000000008fc00000|100%| E|CS|TAMS 0x000000008fb00000, 0x000000008fb00000| Complete 
| 252|0x000000008fc00000, 0x000000008fd00000, 0x000000008fd00000|100%| E|CS|TAMS 0x000000008fc00000, 0x000000008fc00000| Complete 
| 253|0x000000008fd00000, 0x000000008fe00000, 0x000000008fe00000|100%| E|CS|TAMS 0x000000008fd00000, 0x000000008fd00000| Complete 
| 254|0x000000008fe00000, 0x000000008ff00000, 0x000000008ff00000|100%| E|CS|TAMS 0x000000008fe00000, 0x000000008fe00000| Complete 
| 255|0x000000008ff00000, 0x0000000090000000, 0x0000000090000000|100%| E|CS|TAMS 0x000000008ff00000, 0x000000008ff00000| Complete 

Card table byte_map: [0x00000215dbc40000,0x00000215dc040000] _byte_map_base: 0x00000215db840000

Marking Bits (Prev, Next): (CMBitMap*) 0x00000215c6d505e0, (CMBitMap*) 0x00000215c6d505a8
 Prev Bits: [0x00000215de440000, 0x00000215e0440000)
 Next Bits: [0x00000215dc440000, 0x00000215de440000)

Polling page: 0x00000215c6df0000

Metaspace:

Usage:
  Non-class:     29.39 MB capacity,    28.93 MB ( 98%) used,   406.09 KB (  1%) free+waste,    70.44 KB ( <1%) overhead. 
      Class:      4.60 MB capacity,     4.32 MB ( 94%) used,   256.33 KB (  5%) free+waste,    34.69 KB ( <1%) overhead. 
       Both:     34.00 MB capacity,    33.25 MB ( 98%) used,   662.42 KB (  2%) free+waste,   105.13 KB ( <1%) overhead. 

Virtual space:
  Non-class space:       30.00 MB reserved,      29.50 MB ( 98%) committed 
      Class space:        1.00 GB reserved,       4.63 MB ( <1%) committed 
             Both:        1.03 GB reserved,      34.13 MB (  3%) committed 

Chunk freelists:
   Non-Class:  41.00 KB
       Class:  19.00 KB
        Both:  58.00 KB

MaxMetaspaceSize: 17179869184.00 GB
CompressedClassSpaceSize: 1.00 GB

CodeHeap 'non-profiled nmethods': size=120064Kb used=1396Kb max_used=1396Kb free=118667Kb
 bounds [0x00000215d3ac0000, 0x00000215d3d30000, 0x00000215db000000]
CodeHeap 'profiled nmethods': size=120000Kb used=5787Kb max_used=5787Kb free=114212Kb
 bounds [0x00000215cc590000, 0x00000215ccb40000, 0x00000215d3ac0000]
CodeHeap 'non-nmethods': size=5696Kb used=1171Kb max_used=1209Kb free=4525Kb
 bounds [0x00000215cc000000, 0x00000215cc270000, 0x00000215cc590000]
 total_blobs=3284 nmethods=2764 adapters=431
 compilation: enabled
              stopped_count=0, restarted_count=0
 full_count=0

Compilation events (20 events):
Event: 2.952 Thread 0x00000215e35e1000 nmethod 2714 0x00000215ccb1a590 code [0x00000215ccb1a7a0, 0x00000215ccb1afc8]
Event: 2.952 Thread 0x00000215e35e1000 2715       2       org.codehaus.groovy.runtime.metaclass.NewMetaMethod::<init> (56 bytes)
Event: 2.952 Thread 0x00000215e35e1000 nmethod 2715 0x00000215ccb1b290 code [0x00000215ccb1b480, 0x00000215ccb1b918]
Event: 2.952 Thread 0x00000215e35e1000 2712       2       org.codehaus.groovy.runtime.metaclass.MethodHelper::isStatic (19 bytes)
Event: 2.952 Thread 0x00000215e35e1000 nmethod 2712 0x00000215ccb1bb10 code [0x00000215ccb1bcc0, 0x00000215ccb1bdb8]
Event: 2.952 Thread 0x00000215e35e1000 2713       2       org.codehaus.groovy.reflection.CachedMethod::getParamsCount (6 bytes)
Event: 2.952 Thread 0x00000215e35e1000 nmethod 2713 0x00000215ccb1be90 code [0x00000215ccb1c040, 0x00000215ccb1c168]
Event: 2.952 Thread 0x00000215e35e1000 2716       2       org.codehaus.groovy.runtime.metaclass.ReflectionMetaMethod::<init> (18 bytes)
Event: 2.952 Thread 0x00000215e35e1000 nmethod 2716 0x00000215ccb1c290 code [0x00000215ccb1c460, 0x00000215ccb1c6c8]
Event: 2.953 Thread 0x00000215e35e1000 2717       2       java.nio.ByteBuffer::limit (6 bytes)
Event: 2.953 Thread 0x00000215e35e1000 nmethod 2717 0x00000215ccb1c810 code [0x00000215ccb1c9c0, 0x00000215ccb1cae8]
Event: 2.953 Thread 0x00000215e35e1000 2718       2       java.nio.HeapByteBuffer::byteOffset (7 bytes)
Event: 2.953 Thread 0x00000215e35e1000 nmethod 2718 0x00000215ccb1cb90 code [0x00000215ccb1cd40, 0x00000215ccb1ce38]
Event: 2.955 Thread 0x00000215e35e1000 2719       2       java.nio.Buffer::nextGetIndex (32 bytes)
Event: 2.955 Thread 0x00000215e35e1000 nmethod 2719 0x00000215ccb1cf10 code [0x00000215ccb1d0c0, 0x00000215ccb1d228]
Event: 2.957 Thread 0x00000215e35e1000 2720       2       java.util.zip.Inflater::<init> (24 bytes)
Event: 2.957 Thread 0x00000215e35e1000 nmethod 2720 0x00000215ccb1d310 code [0x00000215ccb1d4e0, 0x00000215ccb1d6f8]
Event: 2.957 Thread 0x00000215e35e1000 2721       2       jdk.internal.jimage.ImageStringsReader::get (9 bytes)
Event: 2.957 Thread 0x00000215e35e1000 nmethod 2721 0x00000215ccb1d810 code [0x00000215ccb1d9c0, 0x00000215ccb1dae8]
Event: 2.958 Thread 0x00000215e35e1000 2722       3       java.util.Properties::loadConvert (524 bytes)

GC Heap History (10 events):
Event: 0.591 GC heap before
{Heap before GC invocations=0 (full 0):
 garbage-first heap   total 262144K, used 27648K [0x0000000080000000, 0x0000000100000000)
  region size 1024K, 22 young (22528K), 0 survivors (0K)
 Metaspace       used 9934K, capacity 10176K, committed 10368K, reserved 1058816K
  class space    used 1022K, capacity 1073K, committed 1152K, reserved 1048576K
}
Event: 0.594 GC heap after
{Heap after GC invocations=1 (full 0):
 garbage-first heap   total 262144K, used 9076K [0x0000000080000000, 0x0000000100000000)
  region size 1024K, 3 young (3072K), 3 survivors (3072K)
 Metaspace       used 9934K, capacity 10176K, committed 10368K, reserved 1058816K
  class space    used 1022K, capacity 1073K, committed 1152K, reserved 1048576K
}
Event: 0.886 GC heap before
{Heap before GC invocations=1 (full 0):
 garbage-first heap   total 262144K, used 29556K [0x0000000080000000, 0x0000000100000000)
  region size 1024K, 23 young (23552K), 3 survivors (3072K)
 Metaspace       used 11124K, capacity 11454K, committed 11520K, reserved 1058816K
  class space    used 1165K, capacity 1243K, committed 1280K, reserved 1048576K
}
Event: 0.888 GC heap after
{Heap after GC invocations=2 (full 0):
 garbage-first heap   total 262144K, used 9846K [0x0000000080000000, 0x0000000100000000)
  region size 1024K, 1 young (1024K), 1 survivors (1024K)
 Metaspace       used 11124K, capacity 11454K, committed 11520K, reserved 1058816K
  class space    used 1165K, capacity 1243K, committed 1280K, reserved 1048576K
}
Event: 1.826 GC heap before
{Heap before GC invocations=2 (full 0):
 garbage-first heap   total 262144K, used 60022K [0x0000000080000000, 0x0000000100000000)
  region size 1024K, 50 young (51200K), 1 survivors (1024K)
 Metaspace       used 17491K, capacity 17976K, committed 18048K, reserved 1064960K
  class space    used 2041K, capacity 2174K, committed 2176K, reserved 1048576K
}
Event: 1.829 GC heap after
{Heap after GC invocations=3 (full 0):
 garbage-first heap   total 262144K, used 15796K [0x0000000080000000, 0x0000000100000000)
  region size 1024K, 7 young (7168K), 7 survivors (7168K)
 Metaspace       used 17491K, capacity 17976K, committed 18048K, reserved 1064960K
  class space    used 2041K, capacity 2174K, committed 2176K, reserved 1048576K
}
Event: 2.028 GC heap before
{Heap before GC invocations=3 (full 0):
 garbage-first heap   total 262144K, used 42420K [0x0000000080000000, 0x0000000100000000)
  region size 1024K, 34 young (34816K), 7 survivors (7168K)
 Metaspace       used 20551K, capacity 21104K, committed 21248K, reserved 1067008K
  class space    used 2503K, capacity 2690K, committed 2816K, reserved 1048576K
}
Event: 2.033 GC heap after
{Heap after GC invocations=4 (full 0):
 garbage-first heap   total 262144K, used 16652K [0x0000000080000000, 0x0000000100000000)
  region size 1024K, 1 young (1024K), 1 survivors (1024K)
 Metaspace       used 20551K, capacity 21104K, committed 21248K, reserved 1067008K
  class space    used 2503K, capacity 2690K, committed 2816K, reserved 1048576K
}
Event: 2.682 GC heap before
{Heap before GC invocations=5 (full 0):
 garbage-first heap   total 262144K, used 96524K [0x0000000080000000, 0x0000000100000000)
  region size 1024K, 79 young (80896K), 1 survivors (1024K)
 Metaspace       used 28255K, capacity 28970K, committed 29184K, reserved 1075200K
  class space    used 3757K, capacity 3998K, committed 4096K, reserved 1048576K
}
Event: 2.685 GC heap after
{Heap after GC invocations=6 (full 0):
 garbage-first heap   total 262144K, used 19082K [0x0000000080000000, 0x0000000100000000)
  region size 1024K, 4 young (4096K), 4 survivors (4096K)
 Metaspace       used 28255K, capacity 28970K, committed 29184K, reserved 1075200K
  class space    used 3757K, capacity 3998K, committed 4096K, reserved 1048576K
}

Deoptimization events (20 events):
Event: 2.744 Thread 0x00000215e4dc7800 DEOPT PACKING pc=0x00000215d3befc84 sp=0x00000067b74f9c60
Event: 2.744 Thread 0x00000215e4dc7800 DEOPT UNPACKING pc=0x00000215cc0278af sp=0x00000067b74f9c10 mode 2
Event: 2.814 Thread 0x00000215e4dc7800 DEOPT PACKING pc=0x00000215cc8f459b sp=0x00000067b74f99b0
Event: 2.814 Thread 0x00000215e4dc7800 DEOPT UNPACKING pc=0x00000215cc0276ce sp=0x00000067b74f8e20 mode 0
Event: 2.818 Thread 0x00000215e4dc7800 DEOPT PACKING pc=0x00000215cc8f459b sp=0x00000067b74f99a0
Event: 2.818 Thread 0x00000215e4dc7800 DEOPT UNPACKING pc=0x00000215cc0276ce sp=0x00000067b74f8e10 mode 0
Event: 2.818 Thread 0x00000215e4dc7800 DEOPT PACKING pc=0x00000215cc8f459b sp=0x00000067b74f99a0
Event: 2.818 Thread 0x00000215e4dc7800 DEOPT UNPACKING pc=0x00000215cc0276ce sp=0x00000067b74f8e10 mode 0
Event: 2.818 Thread 0x00000215e4dc7800 DEOPT PACKING pc=0x00000215cc8f459b sp=0x00000067b74f99a0
Event: 2.818 Thread 0x00000215e4dc7800 DEOPT UNPACKING pc=0x00000215cc0276ce sp=0x00000067b74f8e10 mode 0
Event: 2.818 Thread 0x00000215e4dc7800 DEOPT PACKING pc=0x00000215cc8f459b sp=0x00000067b74f99a0
Event: 2.818 Thread 0x00000215e4dc7800 DEOPT UNPACKING pc=0x00000215cc0276ce sp=0x00000067b74f8e10 mode 0
Event: 2.819 Thread 0x00000215e4dc7800 DEOPT PACKING pc=0x00000215cc8f459b sp=0x00000067b74f99a0
Event: 2.819 Thread 0x00000215e4dc7800 DEOPT UNPACKING pc=0x00000215cc0276ce sp=0x00000067b74f8e10 mode 0
Event: 2.819 Thread 0x00000215e4dc7800 DEOPT PACKING pc=0x00000215cc8f459b sp=0x00000067b74f99a0
Event: 2.819 Thread 0x00000215e4dc7800 DEOPT UNPACKING pc=0x00000215cc0276ce sp=0x00000067b74f8e10 mode 0
Event: 2.944 Thread 0x00000215e4dc7800 Uncommon trap: trap_request=0xffffff4d fr.pc=0x00000215d3bc0f90 relative=0x0000000000005750
Event: 2.945 Thread 0x00000215e4dc7800 Uncommon trap: reason=unstable_if action=reinterpret pc=0x00000215d3bc0f90 method=jdk.internal.loader.BuiltinClassLoader.loadClassOrNull(Ljava/lang/String;Z)Ljava/lang/Class; @ 42 c2
Event: 2.945 Thread 0x00000215e4dc7800 DEOPT PACKING pc=0x00000215d3bc0f90 sp=0x00000067b74f5860
Event: 2.945 Thread 0x00000215e4dc7800 DEOPT UNPACKING pc=0x00000215cc0278af sp=0x00000067b74f56f0 mode 2

Classes redefined (0 events):
No events

Internal exceptions (20 events):
Event: 2.228 Thread 0x00000215e4dc7800 Exception <a 'java/lang/NoSuchMethodError'{0x000000008e6e8310}: 'void java.lang.invoke.DirectMethodHandle$Holder.invokeSpecial(java.lang.Object, java.lang.Object, java.lang.Object, java.lang.Object, java.lang.Object, java.lang.Object, java.lang.Object)'> (0x000000008e6e8310) thrown at [./src/hotspot/share/interpreter/linkResolver.cpp, line 773]
Event: 2.228 Thread 0x00000215e4dc7800 Exception <a 'java/lang/NoSuchMethodError'{0x000000008e6f0558}: 'java.lang.Object java.lang.invoke.Invokers$Holder.linkToTargetMethod(java.lang.Object, java.lang.Object, java.lang.Object, java.lang.Object, java.lang.Object, java.lang.Object)'> (0x000000008e6f0558) thrown at [./src/hotspot/share/interpreter/linkResolver.cpp, line 773]
Event: 2.334 Thread 0x00000215e4dc7800 Exception <a 'java/lang/NoSuchMethodError'{0x000000008d743998}: 'void java.lang.invoke.DirectMethodHandle$Holder.invokeStaticInit(java.lang.Object, java.lang.Object)'> (0x000000008d743998) thrown at [./src/hotspot/share/interpreter/linkResolver.cpp, line 773]
Event: 2.416 Thread 0x00000215e4dc7800 Exception <a 'java/lang/NoSuchMethodError'{0x000000008d162b20}: 'void java.lang.invoke.DirectMethodHandle$Holder.invokeStatic(java.lang.Object, java.lang.Object, java.lang.Object, java.lang.Object)'> (0x000000008d162b20) thrown at [./src/hotspot/share/interpreter/linkResolver.cpp, line 773]
Event: 2.418 Thread 0x00000215e4dc7800 Exception <a 'java/lang/NoSuchMethodError'{0x000000008d0050a8}: 'int java.lang.invoke.DirectMethodHandle$Holder.invokeInterface(java.lang.Object, java.lang.Object)'> (0x000000008d0050a8) thrown at [./src/hotspot/share/interpreter/linkResolver.cpp, line 773]
Event: 2.505 Thread 0x00000215e4dc7800 Exception <a 'java/lang/NoSuchMethodError'{0x000000008c53f818}: 'java.lang.Object java.lang.invoke.DirectMethodHandle$Holder.invokeSpecialIFC(java.lang.Object, java.lang.Object, java.lang.Object, java.lang.Object)'> (0x000000008c53f818) thrown at [./src/hotspot/share/interpreter/linkResolver.cpp, line 773]
Event: 2.512 Thread 0x00000215e4dc7800 Exception <a 'java/lang/NoSuchMethodError'{0x000000008c423d68}: 'java.lang.Object java.lang.invoke.DirectMethodHandle$Holder.invokeSpecial(java.lang.Object, java.lang.Object, java.lang.Object, java.lang.Object, java.lang.Object, java.lang.Object, java.lang.Object, java.lang.Object, java.lang.Object, java.lang.Object, java.lang.Object, java.lang.Object, java.lang.Object)'> (0x000000008c423d68) thrown at [./src/hotspot/share/interpreter/linkResolver.cpp, line 773]
Event: 2.513 Thread 0x00000215e4dc7800 Exception <a 'java/lang/NoSuchMethodError'{0x000000008c434ff0}: 'java.lang.Object java.lang.invoke.DirectMethodHandle$Holder.invokeSpecial(java.lang.Object, java.lang.Object, java.lang.Object, java.lang.Object, java.lang.Object, java.lang.Object, java.lang.Object, java.lang.Object, java.lang.Object, java.lang.Object, java.lang.Object, java.lang.Object)'> (0x000000008c434ff0) thrown at [./src/hotspot/share/interpreter/linkResolver.cpp, line 773]
Event: 2.513 Thread 0x00000215e4dc7800 Exception <a 'java/lang/NoSuchMethodError'{0x000000008c43a118}: 'java.lang.Object java.lang.invoke.Invokers$Holder.linkToTargetMethod(java.lang.Object, java.lang.Object, java.lang.Object, java.lang.Object, java.lang.Object, java.lang.Object, java.lang.Object, java.lang.Object, java.lang.Object, java.lang.Object, java.lang.Object)'> (0x000000008c43a118) thrown at [./src/hotspot/share/interpreter/linkResolver.cpp, line 773]
Event: 2.520 Thread 0x00000215e4dc7800 Exception <a 'java/lang/NoSuchMethodError'{0x000000008c3854c0}: 'java.lang.Object java.lang.invoke.DirectMethodHandle$Holder.invokeSpecial(java.lang.Object, java.lang.Object, java.lang.Object, java.lang.Object, java.lang.Object, java.lang.Object, java.lang.Object, java.lang.Object, java.lang.Object, java.lang.Object, java.lang.Object, java.lang.Object, java.lang.Object, java.lang.Object)'> (0x000000008c3854c0) thrown at [./src/hotspot/share/interpreter/linkResolver.cpp, line 773]
Event: 2.521 Thread 0x00000215e4dc7800 Exception <a 'java/lang/NoSuchMethodError'{0x000000008c396ab8}: 'java.lang.Object java.lang.invoke.Invokers$Holder.linkToTargetMethod(java.lang.Object, java.lang.Object, java.lang.Object, java.lang.Object, java.lang.Object, java.lang.Object, java.lang.Object, java.lang.Object, java.lang.Object, java.lang.Object, java.lang.Object, java.lang.Object)'> (0x000000008c396ab8) thrown at [./src/hotspot/share/interpreter/linkResolver.cpp, line 773]
Event: 2.525 Thread 0x00000215e4dc7800 Exception <a 'java/lang/NoSuchMethodError'{0x000000008c22d0a8}: 'java.lang.Object java.lang.invoke.DirectMethodHandle$Holder.invokeStaticInit(java.lang.Object, java.lang.Object, java.lang.Object, java.lang.Object)'> (0x000000008c22d0a8) thrown at [./src/hotspot/share/interpreter/linkResolver.cpp, line 773]
Event: 2.589 Thread 0x00000215e4dc7800 Implicit null exception at 0x00000215d3bcd9f5 to 0x00000215d3bcdbbc
Event: 2.589 Thread 0x00000215e4dc7800 Implicit null exception at 0x00000215d3bd5baf to 0x00000215d3bd5c1d
Event: 2.858 Thread 0x00000215e4dc7800 Exception <a 'java/lang/NoSuchMethodError'{0x000000008ed1f5b8}: 'void java.lang.invoke.DirectMethodHandle$Holder.invokeStaticInit(java.lang.Object, java.lang.Object, java.lang.Object)'> (0x000000008ed1f5b8) thrown at [./src/hotspot/share/interpreter/linkResolver.cpp, line 773]
Event: 2.859 Thread 0x00000215e4dc7800 Exception <a 'java/lang/NoSuchMethodError'{0x000000008ed26390}: 'void java.lang.invoke.DirectMethodHandle$Holder.invokeStaticInit(java.lang.Object, java.lang.Object, java.lang.Object, java.lang.Object)'> (0x000000008ed26390) thrown at [./src/hotspot/share/interpreter/linkResolver.cpp, line 773]
Event: 2.861 Thread 0x00000215e4dc7800 Exception <a 'java/lang/NoSuchMethodError'{0x000000008ed489c8}: 'void java.lang.invoke.DirectMethodHandle$Holder.invokeStaticInit(java.lang.Object, java.lang.Object, java.lang.Object, java.lang.Object, java.lang.Object)'> (0x000000008ed489c8) thrown at [./src/hotspot/share/interpreter/linkResolver.cpp, line 773]
Event: 2.861 Thread 0x00000215e4dc7800 Exception <a 'java/lang/NoSuchMethodError'{0x000000008ed500d8}: 'int java.lang.invoke.DirectMethodHandle$Holder.invokeStaticInit(java.lang.Object, java.lang.Object, java.lang.Object)'> (0x000000008ed500d8) thrown at [./src/hotspot/share/interpreter/linkResolver.cpp, line 773]
Event: 2.886 Thread 0x00000215e4dc7800 Exception <a 'java/lang/NoSuchMethodError'{0x000000008edaed00}: 'int java.lang.invoke.DirectMethodHandle$Holder.invokeStaticInit(java.lang.Object, java.lang.Object, java.lang.Object, java.lang.Object)'> (0x000000008edaed00) thrown at [./src/hotspot/share/interpreter/linkResolver.cpp, line 773]
Event: 2.887 Thread 0x00000215e4dc7800 Exception <a 'java/lang/IncompatibleClassChangeError'{0x000000008edb8260}: Found class java.lang.Object, but interface was expected> (0x000000008edb8260) thrown at [./src/hotspot/share/interpreter/linkResolver.cpp, line 839]

Events (20 events):
Event: 2.951 loading class java/nio/file/WatchService
Event: 2.951 loading class java/nio/file/WatchService done
Event: 2.951 loading class java/nio/file/WatchEvent$Kind
Event: 2.951 loading class java/nio/file/WatchEvent$Kind done
Event: 2.951 loading class java/nio/file/WatchKey
Event: 2.951 loading class java/nio/file/WatchKey done
Event: 2.951 loading class java/nio/file/WatchEvent$Modifier
Event: 2.951 loading class java/nio/file/WatchEvent$Modifier done
Event: 2.952 Executing VM operation: RevokeBias
Event: 2.952 Executing VM operation: RevokeBias done
Event: 2.952 loading class org/apache/groovy/sql/extensions/SqlExtensions
Event: 2.952 loading class org/apache/groovy/sql/extensions/SqlExtensions done
Event: 2.953 loading class groovy/sql/GroovyResultSet
Event: 2.953 loading class groovy/sql/GroovyResultSet done
Event: 2.954 loading class groovy/sql/GroovyRowResult
Event: 2.954 loading class groovy/sql/GroovyRowResult done
Event: 2.958 Executing VM operation: RevokeBias
Event: 2.958 Executing VM operation: RevokeBias done
Event: 2.958 loading class org/apache/groovy/swing/extensions/SwingExtensions
Event: 2.958 loading class org/apache/groovy/swing/extensions/SwingExtensions done


Dynamic libraries:
0x00007ff630c50000 - 0x00007ff630c5a000 	C:\Program Files\Android\Android Studio1\jre\bin\java.exe
0x00007ffd1d9f0000 - 0x00007ffd1dbe5000 	C:\Windows\SYSTEM32\ntdll.dll
0x00007ffd1bb80000 - 0x00007ffd1bc3e000 	C:\Windows\System32\KERNEL32.DLL
0x00007ffd1b1b0000 - 0x00007ffd1b478000 	C:\Windows\System32\KERNELBASE.dll
0x00007ffd1b940000 - 0x00007ffd1ba40000 	C:\Windows\System32\ucrtbase.dll
0x00007ffd18930000 - 0x00007ffd18949000 	C:\Program Files\Android\Android Studio1\jre\bin\jli.dll
0x00007ffd0f700000 - 0x00007ffd0f717000 	C:\Program Files\Android\Android Studio1\jre\bin\VCRUNTIME140.dll
0x00007ffd1bc40000 - 0x00007ffd1bde1000 	C:\Windows\System32\USER32.dll
0x00007ffd1b750000 - 0x00007ffd1b772000 	C:\Windows\System32\win32u.dll
0x00007ffd1c230000 - 0x00007ffd1c25b000 	C:\Windows\System32\GDI32.dll
0x00007ffd1b640000 - 0x00007ffd1b74b000 	C:\Windows\System32\gdi32full.dll
0x00007ffd07370000 - 0x00007ffd0760a000 	C:\Windows\WinSxS\amd64_microsoft.windows.common-controls_6595b64144ccf1df_6.0.19041.1110_none_60b5254171f9507e\COMCTL32.dll
0x00007ffd1b110000 - 0x00007ffd1b1ad000 	C:\Windows\System32\msvcp_win.dll
0x00007ffd1bdf0000 - 0x00007ffd1be8e000 	C:\Windows\System32\msvcrt.dll
0x00007ffd1cf00000 - 0x00007ffd1cf30000 	C:\Windows\System32\IMM32.DLL
0x00007ffcea410000 - 0x00007ffcea4ad000 	C:\Program Files\Android\Android Studio1\jre\bin\msvcp140.dll
0x00007ffcb47d0000 - 0x00007ffcb529f000 	C:\Program Files\Android\Android Studio1\jre\bin\server\jvm.dll
0x00007ffd1d7c0000 - 0x00007ffd1d86c000 	C:\Windows\System32\ADVAPI32.dll
0x00007ffd1d8f0000 - 0x00007ffd1d98b000 	C:\Windows\System32\sechost.dll
0x00007ffd1be90000 - 0x00007ffd1bfba000 	C:\Windows\System32\RPCRT4.dll
0x00007ffd1cae0000 - 0x00007ffd1cae8000 	C:\Windows\System32\PSAPI.DLL
0x00007ffd14b70000 - 0x00007ffd14b7a000 	C:\Windows\SYSTEM32\VERSION.dll
0x00007ffd109e0000 - 0x00007ffd10a07000 	C:\Windows\SYSTEM32\WINMM.dll
0x00007ffd130c0000 - 0x00007ffd130c9000 	C:\Windows\SYSTEM32\WSOCK32.dll
0x00007ffd1c160000 - 0x00007ffd1c1cb000 	C:\Windows\System32\WS2_32.dll
0x00007ffd19030000 - 0x00007ffd19042000 	C:\Windows\SYSTEM32\kernel.appcore.dll
0x00007ffd0f840000 - 0x00007ffd0f851000 	C:\Program Files\Android\Android Studio1\jre\bin\verify.dll
0x00007ffd0ef70000 - 0x00007ffd0f154000 	C:\Windows\SYSTEM32\DBGHELP.DLL
0x00007ffd04090000 - 0x00007ffd040bc000 	C:\Windows\SYSTEM32\dbgcore.DLL
0x00007ffd1b830000 - 0x00007ffd1b8b3000 	C:\Windows\System32\bcryptPrimitives.dll
0x00007ffceee80000 - 0x00007ffceeea9000 	C:\Program Files\Android\Android Studio1\jre\bin\java.dll
0x00007ffd0f3a0000 - 0x00007ffd0f3ab000 	C:\Program Files\Android\Android Studio1\jre\bin\jimage.dll
0x00007ffd084d0000 - 0x00007ffd084e8000 	C:\Program Files\Android\Android Studio1\jre\bin\zip.dll
0x00007ffd1c3a0000 - 0x00007ffd1cadf000 	C:\Windows\System32\SHELL32.dll
0x00007ffd19230000 - 0x00007ffd199c0000 	C:\Windows\SYSTEM32\windows.storage.dll
0x00007ffd1d460000 - 0x00007ffd1d7b5000 	C:\Windows\System32\combase.dll
0x00007ffd1ab60000 - 0x00007ffd1ab8e000 	C:\Windows\SYSTEM32\Wldp.dll
0x00007ffd1d3b0000 - 0x00007ffd1d45d000 	C:\Windows\System32\SHCORE.dll
0x00007ffd1c100000 - 0x00007ffd1c155000 	C:\Windows\System32\shlwapi.dll
0x00007ffd1b050000 - 0x00007ffd1b06f000 	C:\Windows\SYSTEM32\profapi.dll
0x00007ffcf3750000 - 0x00007ffcf376a000 	C:\Program Files\Android\Android Studio1\jre\bin\net.dll
0x00007ffd13e10000 - 0x00007ffd13f1c000 	C:\Windows\SYSTEM32\WINHTTP.dll
0x00007ffd1a8c0000 - 0x00007ffd1a92a000 	C:\Windows\system32\mswsock.dll
0x00007ffcf3ec0000 - 0x00007ffcf3ed4000 	C:\Program Files\Android\Android Studio1\jre\bin\nio.dll
0x00007ffd005c0000 - 0x00007ffd005e7000 	C:\Users\dhekd\.gradle\native\8bec1ad78214c89d9ad589b4d07fe93259594b29d510b10fafb7a158f7737e5d\windows-amd64\native-platform.dll
0x00007ffcea4b0000 - 0x00007ffcea5ed000 	C:\Users\dhekd\.gradle\native\53dbd7edfb1c66fb8903c78663c9afc45aea4f116125fa6feffd364cf09443e8\windows-amd64\native-platform-file-events.dll
0x00007ffd0d230000 - 0x00007ffd0d23a000 	C:\Program Files\Android\Android Studio1\jre\bin\management.dll
0x00007ffd0c050000 - 0x00007ffd0c05c000 	C:\Program Files\Android\Android Studio1\jre\bin\management_ext.dll
0x00007ffd1aab0000 - 0x00007ffd1aac8000 	C:\Windows\SYSTEM32\CRYPTSP.dll
0x00007ffd1a1d0000 - 0x00007ffd1a204000 	C:\Windows\system32\rsaenh.dll
0x00007ffd1b910000 - 0x00007ffd1b937000 	C:\Windows\System32\bcrypt.dll
0x00007ffd1afd0000 - 0x00007ffd1affe000 	C:\Windows\SYSTEM32\USERENV.dll
0x00007ffd1aad0000 - 0x00007ffd1aadc000 	C:\Windows\SYSTEM32\CRYPTBASE.dll
0x00007ffd1a560000 - 0x00007ffd1a59b000 	C:\Windows\SYSTEM32\IPHLPAPI.DLL
0x00007ffd1cc20000 - 0x00007ffd1cc28000 	C:\Windows\System32\NSI.dll
0x00007ffd14e40000 - 0x00007ffd14e57000 	C:\Windows\SYSTEM32\dhcpcsvc6.DLL
0x00007ffd14c10000 - 0x00007ffd14c2d000 	C:\Windows\SYSTEM32\dhcpcsvc.DLL
0x00007ffd1a5a0000 - 0x00007ffd1a66b000 	C:\Windows\SYSTEM32\DNSAPI.dll

dbghelp: loaded successfully - version: 4.0.5 - missing functions: none
symbol engine: initialized successfully - sym options: 0x614 - pdb path: .;C:\Program Files\Android\Android Studio1\jre\bin;C:\Windows\SYSTEM32;C:\Windows\WinSxS\amd64_microsoft.windows.common-controls_6595b64144ccf1df_6.0.19041.1110_none_60b5254171f9507e;C:\Program Files\Android\Android Studio1\jre\bin\server;C:\Users\dhekd\.gradle\native\8bec1ad78214c89d9ad589b4d07fe93259594b29d510b10fafb7a158f7737e5d\windows-amd64;C:\Users\dhekd\.gradle\native\53dbd7edfb1c66fb8903c78663c9afc45aea4f116125fa6feffd364cf09443e8\windows-amd64

VM Arguments:
jvm_args: --add-opens=java.base/java.util=ALL-UNNAMED --add-opens=java.base/java.lang=ALL-UNNAMED --add-opens=java.base/java.lang.invoke=ALL-UNNAMED --add-opens=java.base/java.util=ALL-UNNAMED --add-opens=java.prefs/java.util.prefs=ALL-UNNAMED --add-opens=java.prefs/java.util.prefs=ALL-UNNAMED --add-opens=java.base/java.nio.charset=ALL-UNNAMED --add-opens=java.base/java.net=ALL-UNNAMED --add-opens=java.base/java.util.concurrent.atomic=ALL-UNNAMED -Xmx2048m -Dfile.encoding=UTF-8 -Duser.country=KR -Duser.language=ko -Duser.variant 
java_command: org.gradle.launcher.daemon.bootstrap.GradleDaemon 7.0.2
java_class_path (initial): C:\Users\dhekd\.gradle\wrapper\dists\gradle-7.0.2-bin\857tjihv64xamwrf0h14cai3r\gradle-7.0.2\lib\gradle-launcher-7.0.2.jar
Launcher Type: SUN_STANDARD

[Global flags]
     intx CICompilerCount                          = 3                                         {product} {ergonomic}
     uint ConcGCThreads                            = 2                                         {product} {ergonomic}
     uint G1ConcRefinementThreads                  = 6                                         {product} {ergonomic}
   size_t G1HeapRegionSize                         = 1048576                                   {product} {ergonomic}
    uintx GCDrainStackTargetSize                   = 64                                        {product} {ergonomic}
   size_t InitialHeapSize                          = 268435456                                 {product} {ergonomic}
   size_t MarkStackSize                            = 4194304                                   {product} {ergonomic}
   size_t MaxHeapSize                              = 2147483648                                {product} {command line}
   size_t MaxNewSize                               = 1287651328                                {product} {ergonomic}
   size_t MinHeapDeltaBytes                        = 1048576                                   {product} {ergonomic}
    uintx NonNMethodCodeHeapSize                   = 5830732                                {pd product} {ergonomic}
    uintx NonProfiledCodeHeapSize                  = 122913754                              {pd product} {ergonomic}
    uintx ProfiledCodeHeapSize                     = 122913754                              {pd product} {ergonomic}
    uintx ReservedCodeCacheSize                    = 251658240                              {pd product} {ergonomic}
     bool SegmentedCodeCache                       = true                                      {product} {ergonomic}
     bool UseCompressedClassPointers               = true                                 {lp64_product} {ergonomic}
     bool UseCompressedOops                        = true                                 {lp64_product} {ergonomic}
     bool UseG1GC                                  = true                                      {product} {ergonomic}
     bool UseLargePagesIndividualAllocation        = false                                  {pd product} {ergonomic}

Logging:
Log output configuration:
 #0: stdout all=warning uptime,level,tags
 #1: stderr all=off uptime,level,tags

Environment Variables:
JAVA_HOME=C:\Program Files\Java\jdk-17.0.1
PATH=C:\Program Files\NVIDIA GPU Computing Toolkit\CUDA\v11.2\bin;C:\Program Files\NVIDIA GPU Computing Toolkit\CUDA\v11.2\libnvvp;C:\Program Files\Common Files\Oracle\Java\javapath;"C:\Program Files (x86)\Common Files\Oracle\Java\javapath;C:\Program Files\MySQL\MySQL Server 8.0\bin";C:\WINDOWS\system32;C:\WINDOWS;C:\WINDOWS\System32\Wbem;C:\WINDOWS\System32\WindowsPowerShell\v1.0\;C:\WINDOWS\System32\OpenSSH\;C:\Program Files (x86)\Common Files\Acronis\VirtualFile\;C:\Program Files (x86)\Common Files\Acronis\VirtualFile64\;C:\Program Files (x86)\Common Files\Acronis\SnapAPI\;C:\WINDOWS\system32;C:\WINDOWS;C:\WINDOWS\System32\Wbem;C:\WINDOWS\System32\WindowsPowerShell\v1.0\;C:\WINDOWS\System32\OpenSSH\;C:\Program Files\Microsoft SQL Server\130\Tools\Binn\;C:\Program Files (x86)\Microsoft SQL Server\100\Tools\Binn\;C:\Program Files (x86)\Microsoft SQL Server\100\DTS\Binn\;C:\Program Files (x86)\Microsoft SQL Server\100\Tools\Binn\VSShell\Common7\IDE\;C:\Program Files\MySQL\MySQL Server 8.0\bin;C:\Program Files\NVIDIA Corporation\NVIDIA NvDLISR;C:\Program Files\NVIDIA Corporation\Nsight Compute 2020.3.0\;C:\Program Files (x86)\NVIDIA Corporation\PhysX\Common;C:\Program Files\Git\cmd;C:\Program Files\MySQL\MySQL Shell 8.0\bin\;E:\anaconda3;E:\anaconda3\Library\mingw-w64\bin;E:\anaconda3\Library\usr\bin;E:\anaconda3\Library\bin;E:\anaconda3\Scripts;C:\Users\dhekd\AppData\Local\Microsoft\WindowsApps;C:\Users\dhekd\AppData\Local\afreeca;C:\Program Files\Java\jdk-13.0.1\bin;C:\Program Files\Java\jre1.8.0_281\lib;C:\Users\dhekd\AppData\Local\GitHubDesktop\bin;C:\Program Files\Bandizip\
USERNAME=사용자
LANG=KO
OS=Windows_NT
PROCESSOR_IDENTIFIER=Intel64 Family 6 Model 158 Stepping 10, GenuineIntel



---------------  S Y S T E M  ---------------

OS: Windows 10 , 64 bit Build 19041 (10.0.19041.1348)
OS uptime: 1 days 10:45 hours

CPU:total 6 (initial active 6) (6 cores per cpu, 1 threads per core) family 6 model 158 stepping 10 microcode 0xb4, cmov, cx8, fxsr, mmx, sse, sse2, sse3, ssse3, sse4.1, sse4.2, popcnt, avx, avx2, aes, clmul, erms, 3dnowpref, lzcnt, tsc, tscinvbit, bmi1, bmi2, adx, fma

Memory: 4k page, system-wide physical 16326M (5225M free)
TotalPageFile size 25134M (AvailPageFile size 10M)
current process WorkingSet (physical memory assigned to process): 234M, peak: 238M
current process commit charge ("private bytes"): 425M, peak: 430M

vm_info: OpenJDK 64-Bit Server VM (11.0.10+0-b96-7249189) for windows-amd64 JRE (11.0.10+0-b96-7249189), built on Mar 31 2021 21:44:00 by "builder" with MS VC++ 14.0 (VS2015)

END.
