#
# There is insufficient memory for the Java Runtime Environment to continue.
# Native memory allocation (malloc) failed to allocate 1822416 bytes for Chunk::new
# Possible reasons:
#   The system is out of physical RAM or swap space
#   The process is running with CompressedOops enabled, and the Java Heap may be blocking the growth of the native heap
# Possible solutions:
#   Reduce memory load on the system
#   Increase physical memory or swap space
#   Check if swap backing store is full
#   Decrease Java heap size (-Xmx/-Xms)
#   Decrease number of Java threads
#   Decrease Java thread stack sizes (-Xss)
#   Set larger code cache with -XX:ReservedCodeCacheSize=
#   JVM is running with Unscaled Compressed Oops mode in which the Java heap is
#     placed in the first 4GB address space. The Java Heap base address is the
#     maximum limit for the native heap growth. Please use -XX:HeapBaseMinAddress
#     to set the Java Heap base and to place the Java Heap above 4GB virtual address.
# This output file may be truncated or incomplete.
#
#  Out of Memory Error (./src/hotspot/share/memory/arena.cpp:197), pid=3556, tid=14008
#
# JRE version: OpenJDK Runtime Environment (11.0.10) (build 11.0.10+0-b96-7249189)
# Java VM: OpenJDK 64-Bit Server VM (11.0.10+0-b96-7249189, mixed mode, tiered, compressed oops, g1 gc, windows-amd64)
# No core dump will be written. Minidumps are not enabled by default on client versions of Windows
#

---------------  S U M M A R Y ------------

Command Line: --add-opens=java.base/java.util=ALL-UNNAMED --add-opens=java.base/java.lang=ALL-UNNAMED --add-opens=java.base/java.lang.invoke=ALL-UNNAMED --add-opens=java.base/java.util=ALL-UNNAMED --add-opens=java.prefs/java.util.prefs=ALL-UNNAMED --add-opens=java.prefs/java.util.prefs=ALL-UNNAMED --add-opens=java.base/java.nio.charset=ALL-UNNAMED --add-opens=java.base/java.net=ALL-UNNAMED --add-opens=java.base/java.util.concurrent.atomic=ALL-UNNAMED -Xmx2048m -Dfile.encoding=UTF-8 -Duser.country=KR -Duser.language=ko -Duser.variant org.gradle.launcher.daemon.bootstrap.GradleDaemon 7.0.2

Host: Intel(R) Core(TM) i5-9400F CPU @ 2.90GHz, 6 cores, 15G,  Windows 10 , 64 bit Build 19041 (10.0.19041.1348)
Time: Fri Dec 17 09:27:40 2021 대한민국 표준시 elapsed time: 2.437703 seconds (0d 0h 0m 2s)

---------------  T H R E A D  ---------------

Current thread (0x000001cefdab2800):  JavaThread "C2 CompilerThread0" daemon [_thread_in_native, id=14008, stack(0x000000234e600000,0x000000234e700000)]


Current CompileTask:
C2:   2437 2168   !   4       java.net.URLClassLoader$1::run (63 bytes)

Stack: [0x000000234e600000,0x000000234e700000]
Native frames: (J=compiled Java code, j=interpreted, Vv=VM code, C=native code)
V  [jvm.dll+0x5ecfaa]
V  [jvm.dll+0x722bd5]
V  [jvm.dll+0x72412d]
V  [jvm.dll+0x7247e3]
V  [jvm.dll+0x242928]
V  [jvm.dll+0xbc4fc]
V  [jvm.dll+0xbca0c]
V  [jvm.dll+0x352d7d]
V  [jvm.dll+0x320ad3]
V  [jvm.dll+0x31ffca]
V  [jvm.dll+0x1fb602]
V  [jvm.dll+0x1fa7f4]
V  [jvm.dll+0x18354c]
V  [jvm.dll+0x208ee7]
V  [jvm.dll+0x207731]
V  [jvm.dll+0x6eb1cf]
V  [jvm.dll+0x6e3d45]
V  [jvm.dll+0x5ebe96]
C  [ucrtbase.dll+0x21bb2]
C  [KERNEL32.DLL+0x17034]
C  [ntdll.dll+0x52651]


---------------  P R O C E S S  ---------------

Threads class SMR info:
_java_thread_list=0x000001ce907353b0, length=29, elements={
0x000001cef21b3800, 0x000001cefda34000, 0x000001cefda3f800, 0x000001cefdaad000,
0x000001cefdaae000, 0x000001cefdaaf000, 0x000001cefdab2800, 0x000001cefdab7800,
0x000001cefdabe000, 0x000001cefdc2c000, 0x000001ce8f9a5000, 0x000001ce8fb71800,
0x000001cefef40800, 0x000001cefed5a800, 0x000001cefe9e4800, 0x000001ce8fa6d800,
0x000001ceff4ab000, 0x000001ce8ffbf800, 0x000001ce8f5b0000, 0x000001ce8fd8f000,
0x000001ce8fd8d800, 0x000001ce8fd8c800, 0x000001ce8fd8e000, 0x000001cefe968800,
0x000001ce906fc800, 0x000001ce906fa800, 0x000001ce906fb800, 0x000001ce906f8000,
0x000001ce906fd000
}

Java Threads: ( => current thread )
  0x000001cef21b3800 JavaThread "main" [_thread_blocked, id=27532, stack(0x000000234da00000,0x000000234db00000)]
  0x000001cefda34000 JavaThread "Reference Handler" daemon [_thread_blocked, id=15256, stack(0x000000234e100000,0x000000234e200000)]
  0x000001cefda3f800 JavaThread "Finalizer" daemon [_thread_blocked, id=16092, stack(0x000000234e200000,0x000000234e300000)]
  0x000001cefdaad000 JavaThread "Signal Dispatcher" daemon [_thread_blocked, id=7656, stack(0x000000234e300000,0x000000234e400000)]
  0x000001cefdaae000 JavaThread "Attach Listener" daemon [_thread_blocked, id=8032, stack(0x000000234e400000,0x000000234e500000)]
  0x000001cefdaaf000 JavaThread "Service Thread" daemon [_thread_blocked, id=2936, stack(0x000000234e500000,0x000000234e600000)]
=>0x000001cefdab2800 JavaThread "C2 CompilerThread0" daemon [_thread_in_native, id=14008, stack(0x000000234e600000,0x000000234e700000)]
  0x000001cefdab7800 JavaThread "C1 CompilerThread0" daemon [_thread_blocked, id=17892, stack(0x000000234e700000,0x000000234e800000)]
  0x000001cefdabe000 JavaThread "Sweeper thread" daemon [_thread_blocked, id=6644, stack(0x000000234e800000,0x000000234e900000)]
  0x000001cefdc2c000 JavaThread "Common-Cleaner" daemon [_thread_blocked, id=7160, stack(0x000000234e900000,0x000000234ea00000)]
  0x000001ce8f9a5000 JavaThread "Daemon health stats" [_thread_blocked, id=12828, stack(0x000000234f100000,0x000000234f200000)]
  0x000001ce8fb71800 JavaThread "Incoming local TCP Connector on port 11179" [_thread_in_native, id=3784, stack(0x000000234eb00000,0x000000234ec00000)]
  0x000001cefef40800 JavaThread "Daemon periodic checks" [_thread_blocked, id=24884, stack(0x000000234f200000,0x000000234f300000)]
  0x000001cefed5a800 JavaThread "Daemon" [_thread_blocked, id=11596, stack(0x000000234f300000,0x000000234f400000)]
  0x000001cefe9e4800 JavaThread "Handler for socket connection from /127.0.0.1:11179 to /127.0.0.1:11180" [_thread_in_native, id=1668, stack(0x000000234f400000,0x000000234f500000)]
  0x000001ce8fa6d800 JavaThread "Cancel handler" [_thread_blocked, id=27336, stack(0x000000234f500000,0x000000234f600000)]
  0x000001ceff4ab000 JavaThread "Daemon worker" [_thread_in_vm, id=26292, stack(0x000000234f600000,0x000000234f700000)]
  0x000001ce8ffbf800 JavaThread "Asynchronous log dispatcher for DefaultDaemonConnection: socket connection from /127.0.0.1:11179 to /127.0.0.1:11180" [_thread_blocked, id=2560, stack(0x000000234f700000,0x000000234f800000)]
  0x000001ce8f5b0000 JavaThread "Stdin handler" [_thread_blocked, id=6460, stack(0x000000234f800000,0x000000234f900000)]
  0x000001ce8fd8f000 JavaThread "Daemon client event forwarder" [_thread_blocked, id=21244, stack(0x000000234f900000,0x000000234fa00000)]
  0x000001ce8fd8d800 JavaThread "Cache worker for file hash cache (C:\Users\dhekd\.gradle\caches\7.0.2\fileHashes)" [_thread_blocked, id=21148, stack(0x000000234fa00000,0x000000234fb00000)]
  0x000001ce8fd8c800 JavaThread "File lock request listener" [_thread_in_native, id=15896, stack(0x000000234fb00000,0x000000234fc00000)]
  0x000001ce8fd8e000 JavaThread "Cache worker for journal cache (C:\Users\dhekd\.gradle\caches\journal-1)" [_thread_blocked, id=18180, stack(0x000000234fd00000,0x000000234fe00000)]
  0x000001cefe968800 JavaThread "C2 CompilerThread1" daemon [_thread_in_native, id=28656, stack(0x000000234fe00000,0x000000234ff00000)]
  0x000001ce906fc800 JavaThread "Cache worker for file hash cache (C:\Users\dhekd\AndroidStudioProjects\Flask\.gradle\7.0.2\fileHashes)" [_thread_blocked, id=3000, stack(0x000000234ff00000,0x0000002350000000)]
  0x000001ce906fa800 JavaThread "File watcher server" daemon [_thread_in_native, id=1548, stack(0x0000002350000000,0x0000002350100000)]
  0x000001ce906fb800 JavaThread "File watcher consumer" daemon [_thread_blocked, id=26684, stack(0x0000002350100000,0x0000002350200000)]
  0x000001ce906f8000 JavaThread "Cache worker for checksums cache (C:\Users\dhekd\AndroidStudioProjects\Flask\.gradle\checksums)" [_thread_blocked, id=29304, stack(0x0000002350200000,0x0000002350300000)]
  0x000001ce906fd000 JavaThread "Cache worker for cache directory md-supplier (C:\Users\dhekd\.gradle\caches\7.0.2\md-supplier)" [_thread_blocked, id=3312, stack(0x0000002350300000,0x0000002350400000)]

Other Threads:
  0x000001cefda30800 VMThread "VM Thread" [stack: 0x000000234e000000,0x000000234e100000] [id=17216]
  0x000001cefdc3d000 WatcherThread [stack: 0x000000234ea00000,0x000000234eb00000] [id=27444]
  0x000001cef009e800 GCTaskThread "GC Thread#0" [stack: 0x000000234db00000,0x000000234dc00000] [id=23756]
  0x000001cefe7fe000 GCTaskThread "GC Thread#1" [stack: 0x000000234ec00000,0x000000234ed00000] [id=24252]
  0x000001cefe96b800 GCTaskThread "GC Thread#2" [stack: 0x000000234ed00000,0x000000234ee00000] [id=11528]
  0x000001cefdffd000 GCTaskThread "GC Thread#3" [stack: 0x000000234ee00000,0x000000234ef00000] [id=12684]
  0x000001cefdfaf000 GCTaskThread "GC Thread#4" [stack: 0x000000234ef00000,0x000000234f000000] [id=27860]
  0x000001cefe371000 GCTaskThread "GC Thread#5" [stack: 0x000000234f000000,0x000000234f100000] [id=15732]
  0x000001cef21f8800 ConcurrentGCThread "G1 Main Marker" [stack: 0x000000234dc00000,0x000000234dd00000] [id=23244]
  0x000001cef21fa000 ConcurrentGCThread "G1 Conc#0" [stack: 0x000000234dd00000,0x000000234de00000] [id=27824]
  0x000001cefee2c000 ConcurrentGCThread "G1 Conc#1" [stack: 0x000000234fc00000,0x000000234fd00000] [id=20976]
  0x000001cef228e000 ConcurrentGCThread "G1 Refine#0" [stack: 0x000000234de00000,0x000000234df00000] [id=7680]
  0x000001cefd07c800 ConcurrentGCThread "G1 Young RemSet Sampling" [stack: 0x000000234df00000,0x000000234e000000] [id=17504]

Threads with active compile tasks:
C2 CompilerThread0   2465 2168   !   4       java.net.URLClassLoader$1::run (63 bytes)
C2 CompilerThread1   2465 2167       4       java.net.URLClassLoader$1::run (5 bytes)

VM state:not at safepoint (normal execution)

VM Mutex/Monitor currently owned by a thread: None

Heap address: 0x0000000080000000, size: 2048 MB, Compressed Oops mode: 32-bit
Narrow klass base: 0x0000000000000000, Narrow klass shift: 3
Compressed class space size: 1073741824 Address: 0x0000000100000000

Heap:
 garbage-first heap   total 262144K, used 83116K [0x0000000080000000, 0x0000000100000000)
  region size 1024K, 66 young (67584K), 1 survivors (1024K)
 Metaspace       used 26700K, capacity 27381K, committed 27648K, reserved 1073152K
  class space    used 3523K, capacity 3790K, committed 3840K, reserved 1048576K
Heap Regions: E=young(eden), S=young(survivor), O=old, HS=humongous(starts), HC=humongous(continues), CS=collection set, F=free, A=archive, TAMS=top-at-mark-start (previous, next)
|   0|0x0000000080000000, 0x0000000080100000, 0x0000000080100000|100%| O|  |TAMS 0x0000000080100000, 0x0000000080000000| Untracked 
|   1|0x0000000080100000, 0x0000000080200000, 0x0000000080200000|100%| O|  |TAMS 0x0000000080200000, 0x0000000080100000| Untracked 
|   2|0x0000000080200000, 0x0000000080300000, 0x0000000080300000|100%| O|  |TAMS 0x0000000080300000, 0x0000000080200000| Untracked 
|   3|0x0000000080300000, 0x0000000080400000, 0x0000000080400000|100%|HS|  |TAMS 0x0000000080400000, 0x0000000080300000| Complete 
|   4|0x0000000080400000, 0x0000000080500000, 0x0000000080500000|100%|HC|  |TAMS 0x0000000080500000, 0x0000000080400000| Complete 
|   5|0x0000000080500000, 0x0000000080600000, 0x0000000080600000|100%|HC|  |TAMS 0x0000000080600000, 0x0000000080500000| Complete 
|   6|0x0000000080600000, 0x0000000080700000, 0x0000000080700000|100%| O|  |TAMS 0x0000000080700000, 0x0000000080600000| Untracked 
|   7|0x0000000080700000, 0x0000000080800000, 0x0000000080800000|100%| O|  |TAMS 0x0000000080800000, 0x0000000080700000| Untracked 
|   8|0x0000000080800000, 0x0000000080900000, 0x0000000080900000|100%| O|  |TAMS 0x0000000080900000, 0x0000000080800000| Untracked 
|   9|0x0000000080900000, 0x0000000080a00000, 0x0000000080a00000|100%| O|  |TAMS 0x0000000080a00000, 0x0000000080900000| Untracked 
|  10|0x0000000080a00000, 0x0000000080b00000, 0x0000000080b00000|100%| O|  |TAMS 0x0000000080b00000, 0x0000000080a00000| Untracked 
|  11|0x0000000080b00000, 0x0000000080c00000, 0x0000000080c00000|100%| O|  |TAMS 0x0000000080c00000, 0x0000000080b00000| Untracked 
|  12|0x0000000080c00000, 0x0000000080d00000, 0x0000000080d00000|100%| O|  |TAMS 0x0000000080d00000, 0x0000000080c00000| Untracked 
|  13|0x0000000080d00000, 0x0000000080e00000, 0x0000000080e00000|100%| O|  |TAMS 0x0000000080e00000, 0x0000000080d00000| Untracked 
|  14|0x0000000080e00000, 0x0000000080f00000, 0x0000000080f00000|100%| O|  |TAMS 0x0000000080f00000, 0x0000000080e00000| Untracked 
|  15|0x0000000080f00000, 0x0000000081000000, 0x0000000081000000|100%| O|  |TAMS 0x0000000081000000, 0x0000000080f00000| Untracked 
|  16|0x0000000081000000, 0x0000000081031c00, 0x0000000081100000| 19%| O|  |TAMS 0x0000000081031c00, 0x0000000081000000| Untracked 
|  17|0x0000000081100000, 0x0000000081100000, 0x0000000081200000|  0%| F|  |TAMS 0x0000000081100000, 0x0000000081100000| Untracked 
|  18|0x0000000081200000, 0x0000000081200000, 0x0000000081300000|  0%| F|  |TAMS 0x0000000081200000, 0x0000000081200000| Untracked 
|  19|0x0000000081300000, 0x0000000081300000, 0x0000000081400000|  0%| F|  |TAMS 0x0000000081300000, 0x0000000081300000| Untracked 
|  20|0x0000000081400000, 0x0000000081400000, 0x0000000081500000|  0%| F|  |TAMS 0x0000000081400000, 0x0000000081400000| Untracked 
|  21|0x0000000081500000, 0x0000000081500000, 0x0000000081600000|  0%| F|  |TAMS 0x0000000081500000, 0x0000000081500000| Untracked 
|  22|0x0000000081600000, 0x0000000081600000, 0x0000000081700000|  0%| F|  |TAMS 0x0000000081600000, 0x0000000081600000| Untracked 
|  23|0x0000000081700000, 0x0000000081700000, 0x0000000081800000|  0%| F|  |TAMS 0x0000000081700000, 0x0000000081700000| Untracked 
|  24|0x0000000081800000, 0x0000000081800000, 0x0000000081900000|  0%| F|  |TAMS 0x0000000081800000, 0x0000000081800000| Untracked 
|  25|0x0000000081900000, 0x0000000081900000, 0x0000000081a00000|  0%| F|  |TAMS 0x0000000081900000, 0x0000000081900000| Untracked 
|  26|0x0000000081a00000, 0x0000000081a00000, 0x0000000081b00000|  0%| F|  |TAMS 0x0000000081a00000, 0x0000000081a00000| Untracked 
|  27|0x0000000081b00000, 0x0000000081b00000, 0x0000000081c00000|  0%| F|  |TAMS 0x0000000081b00000, 0x0000000081b00000| Untracked 
|  28|0x0000000081c00000, 0x0000000081c00000, 0x0000000081d00000|  0%| F|  |TAMS 0x0000000081c00000, 0x0000000081c00000| Untracked 
|  29|0x0000000081d00000, 0x0000000081d00000, 0x0000000081e00000|  0%| F|  |TAMS 0x0000000081d00000, 0x0000000081d00000| Untracked 
|  30|0x0000000081e00000, 0x0000000081e00000, 0x0000000081f00000|  0%| F|  |TAMS 0x0000000081e00000, 0x0000000081e00000| Untracked 
|  31|0x0000000081f00000, 0x0000000081f00000, 0x0000000082000000|  0%| F|  |TAMS 0x0000000081f00000, 0x0000000081f00000| Untracked 
|  32|0x0000000082000000, 0x0000000082000000, 0x0000000082100000|  0%| F|  |TAMS 0x0000000082000000, 0x0000000082000000| Untracked 
|  33|0x0000000082100000, 0x0000000082100000, 0x0000000082200000|  0%| F|  |TAMS 0x0000000082100000, 0x0000000082100000| Untracked 
|  34|0x0000000082200000, 0x0000000082200000, 0x0000000082300000|  0%| F|  |TAMS 0x0000000082200000, 0x0000000082200000| Untracked 
|  35|0x0000000082300000, 0x0000000082300000, 0x0000000082400000|  0%| F|  |TAMS 0x0000000082300000, 0x0000000082300000| Untracked 
|  36|0x0000000082400000, 0x0000000082400000, 0x0000000082500000|  0%| F|  |TAMS 0x0000000082400000, 0x0000000082400000| Untracked 
|  37|0x0000000082500000, 0x0000000082500000, 0x0000000082600000|  0%| F|  |TAMS 0x0000000082500000, 0x0000000082500000| Untracked 
|  38|0x0000000082600000, 0x0000000082600000, 0x0000000082700000|  0%| F|  |TAMS 0x0000000082600000, 0x0000000082600000| Untracked 
|  39|0x0000000082700000, 0x0000000082700000, 0x0000000082800000|  0%| F|  |TAMS 0x0000000082700000, 0x0000000082700000| Untracked 
|  40|0x0000000082800000, 0x0000000082800000, 0x0000000082900000|  0%| F|  |TAMS 0x0000000082800000, 0x0000000082800000| Untracked 
|  41|0x0000000082900000, 0x0000000082900000, 0x0000000082a00000|  0%| F|  |TAMS 0x0000000082900000, 0x0000000082900000| Untracked 
|  42|0x0000000082a00000, 0x0000000082a00000, 0x0000000082b00000|  0%| F|  |TAMS 0x0000000082a00000, 0x0000000082a00000| Untracked 
|  43|0x0000000082b00000, 0x0000000082b00000, 0x0000000082c00000|  0%| F|  |TAMS 0x0000000082b00000, 0x0000000082b00000| Untracked 
|  44|0x0000000082c00000, 0x0000000082c00000, 0x0000000082d00000|  0%| F|  |TAMS 0x0000000082c00000, 0x0000000082c00000| Untracked 
|  45|0x0000000082d00000, 0x0000000082d00000, 0x0000000082e00000|  0%| F|  |TAMS 0x0000000082d00000, 0x0000000082d00000| Untracked 
|  46|0x0000000082e00000, 0x0000000082e00000, 0x0000000082f00000|  0%| F|  |TAMS 0x0000000082e00000, 0x0000000082e00000| Untracked 
|  47|0x0000000082f00000, 0x0000000082f00000, 0x0000000083000000|  0%| F|  |TAMS 0x0000000082f00000, 0x0000000082f00000| Untracked 
|  48|0x0000000083000000, 0x0000000083000000, 0x0000000083100000|  0%| F|  |TAMS 0x0000000083000000, 0x0000000083000000| Untracked 
|  49|0x0000000083100000, 0x0000000083100000, 0x0000000083200000|  0%| F|  |TAMS 0x0000000083100000, 0x0000000083100000| Untracked 
|  50|0x0000000083200000, 0x0000000083200000, 0x0000000083300000|  0%| F|  |TAMS 0x0000000083200000, 0x0000000083200000| Untracked 
|  51|0x0000000083300000, 0x0000000083300000, 0x0000000083400000|  0%| F|  |TAMS 0x0000000083300000, 0x0000000083300000| Untracked 
|  52|0x0000000083400000, 0x0000000083400000, 0x0000000083500000|  0%| F|  |TAMS 0x0000000083400000, 0x0000000083400000| Untracked 
|  53|0x0000000083500000, 0x0000000083500000, 0x0000000083600000|  0%| F|  |TAMS 0x0000000083500000, 0x0000000083500000| Untracked 
|  54|0x0000000083600000, 0x0000000083600000, 0x0000000083700000|  0%| F|  |TAMS 0x0000000083600000, 0x0000000083600000| Untracked 
|  55|0x0000000083700000, 0x0000000083700000, 0x0000000083800000|  0%| F|  |TAMS 0x0000000083700000, 0x0000000083700000| Untracked 
|  56|0x0000000083800000, 0x0000000083800000, 0x0000000083900000|  0%| F|  |TAMS 0x0000000083800000, 0x0000000083800000| Untracked 
|  57|0x0000000083900000, 0x0000000083900000, 0x0000000083a00000|  0%| F|  |TAMS 0x0000000083900000, 0x0000000083900000| Untracked 
|  58|0x0000000083a00000, 0x0000000083a00000, 0x0000000083b00000|  0%| F|  |TAMS 0x0000000083a00000, 0x0000000083a00000| Untracked 
|  59|0x0000000083b00000, 0x0000000083b00000, 0x0000000083c00000|  0%| F|  |TAMS 0x0000000083b00000, 0x0000000083b00000| Untracked 
|  60|0x0000000083c00000, 0x0000000083c00000, 0x0000000083d00000|  0%| F|  |TAMS 0x0000000083c00000, 0x0000000083c00000| Untracked 
|  61|0x0000000083d00000, 0x0000000083d00000, 0x0000000083e00000|  0%| F|  |TAMS 0x0000000083d00000, 0x0000000083d00000| Untracked 
|  62|0x0000000083e00000, 0x0000000083e00000, 0x0000000083f00000|  0%| F|  |TAMS 0x0000000083e00000, 0x0000000083e00000| Untracked 
|  63|0x0000000083f00000, 0x0000000083f00000, 0x0000000084000000|  0%| F|  |TAMS 0x0000000083f00000, 0x0000000083f00000| Untracked 
|  64|0x0000000084000000, 0x0000000084000000, 0x0000000084100000|  0%| F|  |TAMS 0x0000000084000000, 0x0000000084000000| Untracked 
|  65|0x0000000084100000, 0x0000000084100000, 0x0000000084200000|  0%| F|  |TAMS 0x0000000084100000, 0x0000000084100000| Untracked 
|  66|0x0000000084200000, 0x0000000084200000, 0x0000000084300000|  0%| F|  |TAMS 0x0000000084200000, 0x0000000084200000| Untracked 
|  67|0x0000000084300000, 0x0000000084300000, 0x0000000084400000|  0%| F|  |TAMS 0x0000000084300000, 0x0000000084300000| Untracked 
|  68|0x0000000084400000, 0x0000000084400000, 0x0000000084500000|  0%| F|  |TAMS 0x0000000084400000, 0x0000000084400000| Untracked 
|  69|0x0000000084500000, 0x0000000084500000, 0x0000000084600000|  0%| F|  |TAMS 0x0000000084500000, 0x0000000084500000| Untracked 
|  70|0x0000000084600000, 0x0000000084600000, 0x0000000084700000|  0%| F|  |TAMS 0x0000000084600000, 0x0000000084600000| Untracked 
|  71|0x0000000084700000, 0x0000000084700000, 0x0000000084800000|  0%| F|  |TAMS 0x0000000084700000, 0x0000000084700000| Untracked 
|  72|0x0000000084800000, 0x0000000084800000, 0x0000000084900000|  0%| F|  |TAMS 0x0000000084800000, 0x0000000084800000| Untracked 
|  73|0x0000000084900000, 0x0000000084900000, 0x0000000084a00000|  0%| F|  |TAMS 0x0000000084900000, 0x0000000084900000| Untracked 
|  74|0x0000000084a00000, 0x0000000084a00000, 0x0000000084b00000|  0%| F|  |TAMS 0x0000000084a00000, 0x0000000084a00000| Untracked 
|  75|0x0000000084b00000, 0x0000000084b00000, 0x0000000084c00000|  0%| F|  |TAMS 0x0000000084b00000, 0x0000000084b00000| Untracked 
|  76|0x0000000084c00000, 0x0000000084c00000, 0x0000000084d00000|  0%| F|  |TAMS 0x0000000084c00000, 0x0000000084c00000| Untracked 
|  77|0x0000000084d00000, 0x0000000084d00000, 0x0000000084e00000|  0%| F|  |TAMS 0x0000000084d00000, 0x0000000084d00000| Untracked 
|  78|0x0000000084e00000, 0x0000000084e00000, 0x0000000084f00000|  0%| F|  |TAMS 0x0000000084e00000, 0x0000000084e00000| Untracked 
|  79|0x0000000084f00000, 0x0000000084f00000, 0x0000000085000000|  0%| F|  |TAMS 0x0000000084f00000, 0x0000000084f00000| Untracked 
|  80|0x0000000085000000, 0x0000000085000000, 0x0000000085100000|  0%| F|  |TAMS 0x0000000085000000, 0x0000000085000000| Untracked 
|  81|0x0000000085100000, 0x0000000085100000, 0x0000000085200000|  0%| F|  |TAMS 0x0000000085100000, 0x0000000085100000| Untracked 
|  82|0x0000000085200000, 0x0000000085200000, 0x0000000085300000|  0%| F|  |TAMS 0x0000000085200000, 0x0000000085200000| Untracked 
|  83|0x0000000085300000, 0x0000000085300000, 0x0000000085400000|  0%| F|  |TAMS 0x0000000085300000, 0x0000000085300000| Untracked 
|  84|0x0000000085400000, 0x0000000085400000, 0x0000000085500000|  0%| F|  |TAMS 0x0000000085400000, 0x0000000085400000| Untracked 
|  85|0x0000000085500000, 0x0000000085500000, 0x0000000085600000|  0%| F|  |TAMS 0x0000000085500000, 0x0000000085500000| Untracked 
|  86|0x0000000085600000, 0x0000000085600000, 0x0000000085700000|  0%| F|  |TAMS 0x0000000085600000, 0x0000000085600000| Untracked 
|  87|0x0000000085700000, 0x0000000085700000, 0x0000000085800000|  0%| F|  |TAMS 0x0000000085700000, 0x0000000085700000| Untracked 
|  88|0x0000000085800000, 0x0000000085800000, 0x0000000085900000|  0%| F|  |TAMS 0x0000000085800000, 0x0000000085800000| Untracked 
|  89|0x0000000085900000, 0x0000000085900000, 0x0000000085a00000|  0%| F|  |TAMS 0x0000000085900000, 0x0000000085900000| Untracked 
|  90|0x0000000085a00000, 0x0000000085a00000, 0x0000000085b00000|  0%| F|  |TAMS 0x0000000085a00000, 0x0000000085a00000| Untracked 
|  91|0x0000000085b00000, 0x0000000085b00000, 0x0000000085c00000|  0%| F|  |TAMS 0x0000000085b00000, 0x0000000085b00000| Untracked 
|  92|0x0000000085c00000, 0x0000000085c00000, 0x0000000085d00000|  0%| F|  |TAMS 0x0000000085c00000, 0x0000000085c00000| Untracked 
|  93|0x0000000085d00000, 0x0000000085d00000, 0x0000000085e00000|  0%| F|  |TAMS 0x0000000085d00000, 0x0000000085d00000| Untracked 
|  94|0x0000000085e00000, 0x0000000085e00000, 0x0000000085f00000|  0%| F|  |TAMS 0x0000000085e00000, 0x0000000085e00000| Untracked 
|  95|0x0000000085f00000, 0x0000000085f00000, 0x0000000086000000|  0%| F|  |TAMS 0x0000000085f00000, 0x0000000085f00000| Untracked 
|  96|0x0000000086000000, 0x0000000086000000, 0x0000000086100000|  0%| F|  |TAMS 0x0000000086000000, 0x0000000086000000| Untracked 
|  97|0x0000000086100000, 0x0000000086100000, 0x0000000086200000|  0%| F|  |TAMS 0x0000000086100000, 0x0000000086100000| Untracked 
|  98|0x0000000086200000, 0x0000000086200000, 0x0000000086300000|  0%| F|  |TAMS 0x0000000086200000, 0x0000000086200000| Untracked 
|  99|0x0000000086300000, 0x0000000086300000, 0x0000000086400000|  0%| F|  |TAMS 0x0000000086300000, 0x0000000086300000| Untracked 
| 100|0x0000000086400000, 0x0000000086400000, 0x0000000086500000|  0%| F|  |TAMS 0x0000000086400000, 0x0000000086400000| Untracked 
| 101|0x0000000086500000, 0x0000000086500000, 0x0000000086600000|  0%| F|  |TAMS 0x0000000086500000, 0x0000000086500000| Untracked 
| 102|0x0000000086600000, 0x0000000086600000, 0x0000000086700000|  0%| F|  |TAMS 0x0000000086600000, 0x0000000086600000| Untracked 
| 103|0x0000000086700000, 0x0000000086700000, 0x0000000086800000|  0%| F|  |TAMS 0x0000000086700000, 0x0000000086700000| Untracked 
| 104|0x0000000086800000, 0x0000000086800000, 0x0000000086900000|  0%| F|  |TAMS 0x0000000086800000, 0x0000000086800000| Untracked 
| 105|0x0000000086900000, 0x0000000086900000, 0x0000000086a00000|  0%| F|  |TAMS 0x0000000086900000, 0x0000000086900000| Untracked 
| 106|0x0000000086a00000, 0x0000000086a00000, 0x0000000086b00000|  0%| F|  |TAMS 0x0000000086a00000, 0x0000000086a00000| Untracked 
| 107|0x0000000086b00000, 0x0000000086b00000, 0x0000000086c00000|  0%| F|  |TAMS 0x0000000086b00000, 0x0000000086b00000| Untracked 
| 108|0x0000000086c00000, 0x0000000086c00000, 0x0000000086d00000|  0%| F|  |TAMS 0x0000000086c00000, 0x0000000086c00000| Untracked 
| 109|0x0000000086d00000, 0x0000000086d00000, 0x0000000086e00000|  0%| F|  |TAMS 0x0000000086d00000, 0x0000000086d00000| Untracked 
| 110|0x0000000086e00000, 0x0000000086e00000, 0x0000000086f00000|  0%| F|  |TAMS 0x0000000086e00000, 0x0000000086e00000| Untracked 
| 111|0x0000000086f00000, 0x0000000086f00000, 0x0000000087000000|  0%| F|  |TAMS 0x0000000086f00000, 0x0000000086f00000| Untracked 
| 112|0x0000000087000000, 0x0000000087000000, 0x0000000087100000|  0%| F|  |TAMS 0x0000000087000000, 0x0000000087000000| Untracked 
| 113|0x0000000087100000, 0x0000000087100000, 0x0000000087200000|  0%| F|  |TAMS 0x0000000087100000, 0x0000000087100000| Untracked 
| 114|0x0000000087200000, 0x0000000087200000, 0x0000000087300000|  0%| F|  |TAMS 0x0000000087200000, 0x0000000087200000| Untracked 
| 115|0x0000000087300000, 0x0000000087300000, 0x0000000087400000|  0%| F|  |TAMS 0x0000000087300000, 0x0000000087300000| Untracked 
| 116|0x0000000087400000, 0x0000000087400000, 0x0000000087500000|  0%| F|  |TAMS 0x0000000087400000, 0x0000000087400000| Untracked 
| 117|0x0000000087500000, 0x0000000087500000, 0x0000000087600000|  0%| F|  |TAMS 0x0000000087500000, 0x0000000087500000| Untracked 
| 118|0x0000000087600000, 0x0000000087600000, 0x0000000087700000|  0%| F|  |TAMS 0x0000000087600000, 0x0000000087600000| Untracked 
| 119|0x0000000087700000, 0x0000000087700000, 0x0000000087800000|  0%| F|  |TAMS 0x0000000087700000, 0x0000000087700000| Untracked 
| 120|0x0000000087800000, 0x0000000087800000, 0x0000000087900000|  0%| F|  |TAMS 0x0000000087800000, 0x0000000087800000| Untracked 
| 121|0x0000000087900000, 0x0000000087900000, 0x0000000087a00000|  0%| F|  |TAMS 0x0000000087900000, 0x0000000087900000| Untracked 
| 122|0x0000000087a00000, 0x0000000087a00000, 0x0000000087b00000|  0%| F|  |TAMS 0x0000000087a00000, 0x0000000087a00000| Untracked 
| 123|0x0000000087b00000, 0x0000000087b00000, 0x0000000087c00000|  0%| F|  |TAMS 0x0000000087b00000, 0x0000000087b00000| Untracked 
| 124|0x0000000087c00000, 0x0000000087c00000, 0x0000000087d00000|  0%| F|  |TAMS 0x0000000087c00000, 0x0000000087c00000| Untracked 
| 125|0x0000000087d00000, 0x0000000087d00000, 0x0000000087e00000|  0%| F|  |TAMS 0x0000000087d00000, 0x0000000087d00000| Untracked 
| 126|0x0000000087e00000, 0x0000000087e00000, 0x0000000087f00000|  0%| F|  |TAMS 0x0000000087e00000, 0x0000000087e00000| Untracked 
| 127|0x0000000087f00000, 0x0000000087f00000, 0x0000000088000000|  0%| F|  |TAMS 0x0000000087f00000, 0x0000000087f00000| Untracked 
| 128|0x0000000088000000, 0x0000000088000000, 0x0000000088100000|  0%| F|  |TAMS 0x0000000088000000, 0x0000000088000000| Untracked 
| 129|0x0000000088100000, 0x0000000088100000, 0x0000000088200000|  0%| F|  |TAMS 0x0000000088100000, 0x0000000088100000| Untracked 
| 130|0x0000000088200000, 0x0000000088200000, 0x0000000088300000|  0%| F|  |TAMS 0x0000000088200000, 0x0000000088200000| Untracked 
| 131|0x0000000088300000, 0x0000000088300000, 0x0000000088400000|  0%| F|  |TAMS 0x0000000088300000, 0x0000000088300000| Untracked 
| 132|0x0000000088400000, 0x0000000088400000, 0x0000000088500000|  0%| F|  |TAMS 0x0000000088400000, 0x0000000088400000| Untracked 
| 133|0x0000000088500000, 0x0000000088500000, 0x0000000088600000|  0%| F|  |TAMS 0x0000000088500000, 0x0000000088500000| Untracked 
| 134|0x0000000088600000, 0x0000000088600000, 0x0000000088700000|  0%| F|  |TAMS 0x0000000088600000, 0x0000000088600000| Untracked 
| 135|0x0000000088700000, 0x0000000088700000, 0x0000000088800000|  0%| F|  |TAMS 0x0000000088700000, 0x0000000088700000| Untracked 
| 136|0x0000000088800000, 0x0000000088800000, 0x0000000088900000|  0%| F|  |TAMS 0x0000000088800000, 0x0000000088800000| Untracked 
| 137|0x0000000088900000, 0x0000000088900000, 0x0000000088a00000|  0%| F|  |TAMS 0x0000000088900000, 0x0000000088900000| Untracked 
| 138|0x0000000088a00000, 0x0000000088a00000, 0x0000000088b00000|  0%| F|  |TAMS 0x0000000088a00000, 0x0000000088a00000| Untracked 
| 139|0x0000000088b00000, 0x0000000088b00000, 0x0000000088c00000|  0%| F|  |TAMS 0x0000000088b00000, 0x0000000088b00000| Untracked 
| 140|0x0000000088c00000, 0x0000000088c00000, 0x0000000088d00000|  0%| F|  |TAMS 0x0000000088c00000, 0x0000000088c00000| Untracked 
| 141|0x0000000088d00000, 0x0000000088d00000, 0x0000000088e00000|  0%| F|  |TAMS 0x0000000088d00000, 0x0000000088d00000| Untracked 
| 142|0x0000000088e00000, 0x0000000088e00000, 0x0000000088f00000|  0%| F|  |TAMS 0x0000000088e00000, 0x0000000088e00000| Untracked 
| 143|0x0000000088f00000, 0x0000000088f00000, 0x0000000089000000|  0%| F|  |TAMS 0x0000000088f00000, 0x0000000088f00000| Untracked 
| 144|0x0000000089000000, 0x0000000089000000, 0x0000000089100000|  0%| F|  |TAMS 0x0000000089000000, 0x0000000089000000| Untracked 
| 145|0x0000000089100000, 0x0000000089100000, 0x0000000089200000|  0%| F|  |TAMS 0x0000000089100000, 0x0000000089100000| Untracked 
| 146|0x0000000089200000, 0x0000000089200000, 0x0000000089300000|  0%| F|  |TAMS 0x0000000089200000, 0x0000000089200000| Untracked 
| 147|0x0000000089300000, 0x0000000089300000, 0x0000000089400000|  0%| F|  |TAMS 0x0000000089300000, 0x0000000089300000| Untracked 
| 148|0x0000000089400000, 0x0000000089400000, 0x0000000089500000|  0%| F|  |TAMS 0x0000000089400000, 0x0000000089400000| Untracked 
| 149|0x0000000089500000, 0x0000000089500000, 0x0000000089600000|  0%| F|  |TAMS 0x0000000089500000, 0x0000000089500000| Untracked 
| 150|0x0000000089600000, 0x0000000089600000, 0x0000000089700000|  0%| F|  |TAMS 0x0000000089600000, 0x0000000089600000| Untracked 
| 151|0x0000000089700000, 0x0000000089700000, 0x0000000089800000|  0%| F|  |TAMS 0x0000000089700000, 0x0000000089700000| Untracked 
| 152|0x0000000089800000, 0x0000000089800000, 0x0000000089900000|  0%| F|  |TAMS 0x0000000089800000, 0x0000000089800000| Untracked 
| 153|0x0000000089900000, 0x0000000089900000, 0x0000000089a00000|  0%| F|  |TAMS 0x0000000089900000, 0x0000000089900000| Untracked 
| 154|0x0000000089a00000, 0x0000000089a00000, 0x0000000089b00000|  0%| F|  |TAMS 0x0000000089a00000, 0x0000000089a00000| Untracked 
| 155|0x0000000089b00000, 0x0000000089b00000, 0x0000000089c00000|  0%| F|  |TAMS 0x0000000089b00000, 0x0000000089b00000| Untracked 
| 156|0x0000000089c00000, 0x0000000089c00000, 0x0000000089d00000|  0%| F|  |TAMS 0x0000000089c00000, 0x0000000089c00000| Untracked 
| 157|0x0000000089d00000, 0x0000000089d00000, 0x0000000089e00000|  0%| F|  |TAMS 0x0000000089d00000, 0x0000000089d00000| Untracked 
| 158|0x0000000089e00000, 0x0000000089e00000, 0x0000000089f00000|  0%| F|  |TAMS 0x0000000089e00000, 0x0000000089e00000| Untracked 
| 159|0x0000000089f00000, 0x0000000089f00000, 0x000000008a000000|  0%| F|  |TAMS 0x0000000089f00000, 0x0000000089f00000| Untracked 
| 160|0x000000008a000000, 0x000000008a000000, 0x000000008a100000|  0%| F|  |TAMS 0x000000008a000000, 0x000000008a000000| Untracked 
| 161|0x000000008a100000, 0x000000008a100000, 0x000000008a200000|  0%| F|  |TAMS 0x000000008a100000, 0x000000008a100000| Untracked 
| 162|0x000000008a200000, 0x000000008a200000, 0x000000008a300000|  0%| F|  |TAMS 0x000000008a200000, 0x000000008a200000| Untracked 
| 163|0x000000008a300000, 0x000000008a300000, 0x000000008a400000|  0%| F|  |TAMS 0x000000008a300000, 0x000000008a300000| Untracked 
| 164|0x000000008a400000, 0x000000008a400000, 0x000000008a500000|  0%| F|  |TAMS 0x000000008a400000, 0x000000008a400000| Untracked 
| 165|0x000000008a500000, 0x000000008a500000, 0x000000008a600000|  0%| F|  |TAMS 0x000000008a500000, 0x000000008a500000| Untracked 
| 166|0x000000008a600000, 0x000000008a600000, 0x000000008a700000|  0%| F|  |TAMS 0x000000008a600000, 0x000000008a600000| Untracked 
| 167|0x000000008a700000, 0x000000008a700000, 0x000000008a800000|  0%| F|  |TAMS 0x000000008a700000, 0x000000008a700000| Untracked 
| 168|0x000000008a800000, 0x000000008a800000, 0x000000008a900000|  0%| F|  |TAMS 0x000000008a800000, 0x000000008a800000| Untracked 
| 169|0x000000008a900000, 0x000000008a900000, 0x000000008aa00000|  0%| F|  |TAMS 0x000000008a900000, 0x000000008a900000| Untracked 
| 170|0x000000008aa00000, 0x000000008aa00000, 0x000000008ab00000|  0%| F|  |TAMS 0x000000008aa00000, 0x000000008aa00000| Untracked 
| 171|0x000000008ab00000, 0x000000008ab00000, 0x000000008ac00000|  0%| F|  |TAMS 0x000000008ab00000, 0x000000008ab00000| Untracked 
| 172|0x000000008ac00000, 0x000000008ac00000, 0x000000008ad00000|  0%| F|  |TAMS 0x000000008ac00000, 0x000000008ac00000| Untracked 
| 173|0x000000008ad00000, 0x000000008ad00000, 0x000000008ae00000|  0%| F|  |TAMS 0x000000008ad00000, 0x000000008ad00000| Untracked 
| 174|0x000000008ae00000, 0x000000008ae00000, 0x000000008af00000|  0%| F|  |TAMS 0x000000008ae00000, 0x000000008ae00000| Untracked 
| 175|0x000000008af00000, 0x000000008af00000, 0x000000008b000000|  0%| F|  |TAMS 0x000000008af00000, 0x000000008af00000| Untracked 
| 176|0x000000008b000000, 0x000000008b000000, 0x000000008b100000|  0%| F|  |TAMS 0x000000008b000000, 0x000000008b000000| Untracked 
| 177|0x000000008b100000, 0x000000008b100000, 0x000000008b200000|  0%| F|  |TAMS 0x000000008b100000, 0x000000008b100000| Untracked 
| 178|0x000000008b200000, 0x000000008b200000, 0x000000008b300000|  0%| F|  |TAMS 0x000000008b200000, 0x000000008b200000| Untracked 
| 179|0x000000008b300000, 0x000000008b300000, 0x000000008b400000|  0%| F|  |TAMS 0x000000008b300000, 0x000000008b300000| Untracked 
| 180|0x000000008b400000, 0x000000008b400000, 0x000000008b500000|  0%| F|  |TAMS 0x000000008b400000, 0x000000008b400000| Untracked 
| 181|0x000000008b500000, 0x000000008b500000, 0x000000008b600000|  0%| F|  |TAMS 0x000000008b500000, 0x000000008b500000| Untracked 
| 182|0x000000008b600000, 0x000000008b600000, 0x000000008b700000|  0%| F|  |TAMS 0x000000008b600000, 0x000000008b600000| Untracked 
| 183|0x000000008b700000, 0x000000008b700000, 0x000000008b800000|  0%| F|  |TAMS 0x000000008b700000, 0x000000008b700000| Untracked 
| 184|0x000000008b800000, 0x000000008b800000, 0x000000008b900000|  0%| F|  |TAMS 0x000000008b800000, 0x000000008b800000| Untracked 
| 185|0x000000008b900000, 0x000000008b900000, 0x000000008ba00000|  0%| F|  |TAMS 0x000000008b900000, 0x000000008b900000| Untracked 
| 186|0x000000008ba00000, 0x000000008ba00000, 0x000000008bb00000|  0%| F|  |TAMS 0x000000008ba00000, 0x000000008ba00000| Untracked 
| 187|0x000000008bb00000, 0x000000008bb00000, 0x000000008bc00000|  0%| F|  |TAMS 0x000000008bb00000, 0x000000008bb00000| Untracked 
| 188|0x000000008bc00000, 0x000000008bc00000, 0x000000008bd00000|  0%| F|  |TAMS 0x000000008bc00000, 0x000000008bc00000| Untracked 
| 189|0x000000008bd00000, 0x000000008bde5478, 0x000000008be00000| 89%| E|  |TAMS 0x000000008bd00000, 0x000000008bd00000| Complete 
| 190|0x000000008be00000, 0x000000008bf00000, 0x000000008bf00000|100%| E|CS|TAMS 0x000000008be00000, 0x000000008be00000| Complete 
| 191|0x000000008bf00000, 0x000000008c000000, 0x000000008c000000|100%| E|CS|TAMS 0x000000008bf00000, 0x000000008bf00000| Complete 
| 192|0x000000008c000000, 0x000000008c100000, 0x000000008c100000|100%| E|CS|TAMS 0x000000008c000000, 0x000000008c000000| Complete 
| 193|0x000000008c100000, 0x000000008c200000, 0x000000008c200000|100%| E|CS|TAMS 0x000000008c100000, 0x000000008c100000| Complete 
| 194|0x000000008c200000, 0x000000008c300000, 0x000000008c300000|100%| E|CS|TAMS 0x000000008c200000, 0x000000008c200000| Complete 
| 195|0x000000008c300000, 0x000000008c400000, 0x000000008c400000|100%| E|CS|TAMS 0x000000008c300000, 0x000000008c300000| Complete 
| 196|0x000000008c400000, 0x000000008c500000, 0x000000008c500000|100%| E|CS|TAMS 0x000000008c400000, 0x000000008c400000| Complete 
| 197|0x000000008c500000, 0x000000008c600000, 0x000000008c600000|100%| E|CS|TAMS 0x000000008c500000, 0x000000008c500000| Complete 
| 198|0x000000008c600000, 0x000000008c700000, 0x000000008c700000|100%| E|CS|TAMS 0x000000008c600000, 0x000000008c600000| Complete 
| 199|0x000000008c700000, 0x000000008c800000, 0x000000008c800000|100%| E|CS|TAMS 0x000000008c700000, 0x000000008c700000| Complete 
| 200|0x000000008c800000, 0x000000008c900000, 0x000000008c900000|100%| E|CS|TAMS 0x000000008c800000, 0x000000008c800000| Complete 
| 201|0x000000008c900000, 0x000000008ca00000, 0x000000008ca00000|100%| E|CS|TAMS 0x000000008c900000, 0x000000008c900000| Complete 
| 202|0x000000008ca00000, 0x000000008cb00000, 0x000000008cb00000|100%| E|CS|TAMS 0x000000008ca00000, 0x000000008ca00000| Complete 
| 203|0x000000008cb00000, 0x000000008cc00000, 0x000000008cc00000|100%| E|CS|TAMS 0x000000008cb00000, 0x000000008cb00000| Complete 
| 204|0x000000008cc00000, 0x000000008cd00000, 0x000000008cd00000|100%| E|CS|TAMS 0x000000008cc00000, 0x000000008cc00000| Complete 
| 205|0x000000008cd00000, 0x000000008ce00000, 0x000000008ce00000|100%| E|CS|TAMS 0x000000008cd00000, 0x000000008cd00000| Complete 
| 206|0x000000008ce00000, 0x000000008cf00000, 0x000000008cf00000|100%| E|CS|TAMS 0x000000008ce00000, 0x000000008ce00000| Complete 
| 207|0x000000008cf00000, 0x000000008d000000, 0x000000008d000000|100%| E|CS|TAMS 0x000000008cf00000, 0x000000008cf00000| Complete 
| 208|0x000000008d000000, 0x000000008d100000, 0x000000008d100000|100%| E|CS|TAMS 0x000000008d000000, 0x000000008d000000| Complete 
| 209|0x000000008d100000, 0x000000008d200000, 0x000000008d200000|100%| E|CS|TAMS 0x000000008d100000, 0x000000008d100000| Complete 
| 210|0x000000008d200000, 0x000000008d300000, 0x000000008d300000|100%| E|CS|TAMS 0x000000008d200000, 0x000000008d200000| Complete 
| 211|0x000000008d300000, 0x000000008d400000, 0x000000008d400000|100%| E|CS|TAMS 0x000000008d300000, 0x000000008d300000| Complete 
| 212|0x000000008d400000, 0x000000008d500000, 0x000000008d500000|100%| E|CS|TAMS 0x000000008d400000, 0x000000008d400000| Complete 
| 213|0x000000008d500000, 0x000000008d600000, 0x000000008d600000|100%| E|CS|TAMS 0x000000008d500000, 0x000000008d500000| Complete 
| 214|0x000000008d600000, 0x000000008d700000, 0x000000008d700000|100%| E|CS|TAMS 0x000000008d600000, 0x000000008d600000| Complete 
| 215|0x000000008d700000, 0x000000008d800000, 0x000000008d800000|100%| E|CS|TAMS 0x000000008d700000, 0x000000008d700000| Complete 
| 216|0x000000008d800000, 0x000000008d900000, 0x000000008d900000|100%| E|CS|TAMS 0x000000008d800000, 0x000000008d800000| Complete 
| 217|0x000000008d900000, 0x000000008da00000, 0x000000008da00000|100%| E|CS|TAMS 0x000000008d900000, 0x000000008d900000| Complete 
| 218|0x000000008da00000, 0x000000008db00000, 0x000000008db00000|100%| E|CS|TAMS 0x000000008da00000, 0x000000008da00000| Complete 
| 219|0x000000008db00000, 0x000000008dc00000, 0x000000008dc00000|100%| E|CS|TAMS 0x000000008db00000, 0x000000008db00000| Complete 
| 220|0x000000008dc00000, 0x000000008dd00000, 0x000000008dd00000|100%| E|CS|TAMS 0x000000008dc00000, 0x000000008dc00000| Complete 
| 221|0x000000008dd00000, 0x000000008de00000, 0x000000008de00000|100%| E|CS|TAMS 0x000000008dd00000, 0x000000008dd00000| Complete 
| 222|0x000000008de00000, 0x000000008df00000, 0x000000008df00000|100%| E|CS|TAMS 0x000000008de00000, 0x000000008de00000| Complete 
| 223|0x000000008df00000, 0x000000008e000000, 0x000000008e000000|100%| E|CS|TAMS 0x000000008df00000, 0x000000008df00000| Complete 
| 224|0x000000008e000000, 0x000000008e100000, 0x000000008e100000|100%| E|CS|TAMS 0x000000008e000000, 0x000000008e000000| Complete 
| 225|0x000000008e100000, 0x000000008e200000, 0x000000008e200000|100%| E|CS|TAMS 0x000000008e100000, 0x000000008e100000| Complete 
| 226|0x000000008e200000, 0x000000008e300000, 0x000000008e300000|100%| E|CS|TAMS 0x000000008e200000, 0x000000008e200000| Complete 
| 227|0x000000008e300000, 0x000000008e400000, 0x000000008e400000|100%| E|CS|TAMS 0x000000008e300000, 0x000000008e300000| Complete 
| 228|0x000000008e400000, 0x000000008e500000, 0x000000008e500000|100%| E|CS|TAMS 0x000000008e400000, 0x000000008e400000| Complete 
| 229|0x000000008e500000, 0x000000008e600000, 0x000000008e600000|100%| E|CS|TAMS 0x000000008e500000, 0x000000008e500000| Complete 
| 230|0x000000008e600000, 0x000000008e6f9790, 0x000000008e700000| 97%| S|CS|TAMS 0x000000008e600000, 0x000000008e600000| Complete 
| 231|0x000000008e700000, 0x000000008e800000, 0x000000008e800000|100%| E|CS|TAMS 0x000000008e700000, 0x000000008e700000| Complete 
| 232|0x000000008e800000, 0x000000008e900000, 0x000000008e900000|100%| E|CS|TAMS 0x000000008e800000, 0x000000008e800000| Complete 
| 233|0x000000008e900000, 0x000000008ea00000, 0x000000008ea00000|100%| E|CS|TAMS 0x000000008e900000, 0x000000008e900000| Complete 
| 234|0x000000008ea00000, 0x000000008eb00000, 0x000000008eb00000|100%| E|CS|TAMS 0x000000008ea00000, 0x000000008ea00000| Complete 
| 235|0x000000008eb00000, 0x000000008ec00000, 0x000000008ec00000|100%| E|CS|TAMS 0x000000008eb00000, 0x000000008eb00000| Complete 
| 236|0x000000008ec00000, 0x000000008ed00000, 0x000000008ed00000|100%| E|CS|TAMS 0x000000008ec00000, 0x000000008ec00000| Complete 
| 237|0x000000008ed00000, 0x000000008ee00000, 0x000000008ee00000|100%| E|CS|TAMS 0x000000008ed00000, 0x000000008ed00000| Complete 
| 238|0x000000008ee00000, 0x000000008ef00000, 0x000000008ef00000|100%| E|CS|TAMS 0x000000008ee00000, 0x000000008ee00000| Complete 
| 239|0x000000008ef00000, 0x000000008f000000, 0x000000008f000000|100%| E|CS|TAMS 0x000000008ef00000, 0x000000008ef00000| Complete 
| 240|0x000000008f000000, 0x000000008f100000, 0x000000008f100000|100%| E|CS|TAMS 0x000000008f000000, 0x000000008f000000| Complete 
| 241|0x000000008f100000, 0x000000008f200000, 0x000000008f200000|100%| E|CS|TAMS 0x000000008f100000, 0x000000008f100000| Complete 
| 242|0x000000008f200000, 0x000000008f300000, 0x000000008f300000|100%| E|CS|TAMS 0x000000008f200000, 0x000000008f200000| Complete 
| 243|0x000000008f300000, 0x000000008f400000, 0x000000008f400000|100%| E|CS|TAMS 0x000000008f300000, 0x000000008f300000| Complete 
| 244|0x000000008f400000, 0x000000008f500000, 0x000000008f500000|100%| E|CS|TAMS 0x000000008f400000, 0x000000008f400000| Complete 
| 245|0x000000008f500000, 0x000000008f600000, 0x000000008f600000|100%| E|CS|TAMS 0x000000008f500000, 0x000000008f500000| Complete 
| 246|0x000000008f600000, 0x000000008f700000, 0x000000008f700000|100%| E|CS|TAMS 0x000000008f600000, 0x000000008f600000| Complete 
| 247|0x000000008f700000, 0x000000008f800000, 0x000000008f800000|100%| E|CS|TAMS 0x000000008f700000, 0x000000008f700000| Complete 
| 248|0x000000008f800000, 0x000000008f900000, 0x000000008f900000|100%| E|CS|TAMS 0x000000008f800000, 0x000000008f800000| Complete 
| 249|0x000000008f900000, 0x000000008fa00000, 0x000000008fa00000|100%| E|CS|TAMS 0x000000008f900000, 0x000000008f900000| Complete 
| 250|0x000000008fa00000, 0x000000008fb00000, 0x000000008fb00000|100%| E|CS|TAMS 0x000000008fa00000, 0x000000008fa00000| Complete 
| 251|0x000000008fb00000, 0x000000008fc00000, 0x000000008fc00000|100%| E|CS|TAMS 0x000000008fb00000, 0x000000008fb00000| Complete 
| 252|0x000000008fc00000, 0x000000008fd00000, 0x000000008fd00000|100%| E|CS|TAMS 0x000000008fc00000, 0x000000008fc00000| Complete 
| 253|0x000000008fd00000, 0x000000008fe00000, 0x000000008fe00000|100%| E|CS|TAMS 0x000000008fd00000, 0x000000008fd00000| Complete 
| 254|0x000000008fe00000, 0x000000008ff00000, 0x000000008ff00000|100%| E|CS|TAMS 0x000000008fe00000, 0x000000008fe00000| Complete 
| 255|0x000000008ff00000, 0x0000000090000000, 0x0000000090000000|100%| E|CS|TAMS 0x000000008ff00000, 0x000000008ff00000| Complete 

Card table byte_map: [0x000001cef61b0000,0x000001cef65b0000] _byte_map_base: 0x000001cef5db0000

Marking Bits (Prev, Next): (CMBitMap*) 0x000001cef21efc70, (CMBitMap*) 0x000001cef21efc38
 Prev Bits: [0x000001cef89b0000, 0x000001cefa9b0000)
 Next Bits: [0x000001cef69b0000, 0x000001cef89b0000)

Polling page: 0x000001cef1990000

Metaspace:

Usage:
  Non-class:     23.30 MB capacity,    22.79 MB ( 98%) used,   464.84 KB (  2%) free+waste,    54.81 KB ( <1%) overhead. 
      Class:      3.71 MB capacity,     3.46 MB ( 93%) used,   219.80 KB (  6%) free+waste,    27.81 KB ( <1%) overhead. 
       Both:     27.01 MB capacity,    26.26 MB ( 97%) used,   684.64 KB (  2%) free+waste,    82.63 KB ( <1%) overhead. 

Virtual space:
  Non-class space:       24.00 MB reserved,      23.50 MB ( 98%) committed 
      Class space:        1.00 GB reserved,       3.75 MB ( <1%) committed 
             Both:        1.02 GB reserved,      27.25 MB (  3%) committed 

Chunk freelists:
   Non-Class:  12.00 KB
       Class:  13.00 KB
        Both:  25.00 KB

MaxMetaspaceSize: 17179869184.00 GB
CompressedClassSpaceSize: 1.00 GB

CodeHeap 'non-profiled nmethods': size=120064Kb used=1077Kb max_used=1077Kb free=118986Kb
 bounds [0x000001ce87ac0000, 0x000001ce87d30000, 0x000001ce8f000000]
CodeHeap 'profiled nmethods': size=120000Kb used=4817Kb max_used=4817Kb free=115183Kb
 bounds [0x000001ce80590000, 0x000001ce80a50000, 0x000001ce87ac0000]
CodeHeap 'non-nmethods': size=5696Kb used=1164Kb max_used=1210Kb free=4531Kb
 bounds [0x000001ce80000000, 0x000001ce80270000, 0x000001ce80590000]
 total_blobs=2738 nmethods=2232 adapters=417
 compilation: enabled
              stopped_count=0, restarted_count=0
 full_count=0

Compilation events (20 events):
Event: 2.418 Thread 0x000001cefdab7800 2202       3       org.objectweb.asm.Handler::getExceptionTableLength (21 bytes)
Event: 2.418 Thread 0x000001cefdab7800 nmethod 2202 0x000001ce80a30510 code [0x000001ce80a306c0, 0x000001ce80a30858]
Event: 2.419 Thread 0x000001cefdab7800 2203       3       org.objectweb.asm.Frame::pop (53 bytes)
Event: 2.419 Thread 0x000001cefdab7800 nmethod 2203 0x000001ce80a30990 code [0x000001ce80a30be0, 0x000001ce80a31318]
Event: 2.419 Thread 0x000001cefdab7800 2205       3       org.objectweb.asm.ByteVector::putInt (74 bytes)
Event: 2.419 Thread 0x000001cefdab7800 nmethod 2205 0x000001ce80a31610 code [0x000001ce80a317e0, 0x000001ce80a31a28]
Event: 2.419 Thread 0x000001cefdab7800 2204       3       org.objectweb.asm.MethodWriter::visitAbstractType (8 bytes)
Event: 2.419 Thread 0x000001cefdab7800 nmethod 2204 0x000001ce80a31b90 code [0x000001ce80a31d40, 0x000001ce80a31e78]
Event: 2.419 Thread 0x000001cefdab7800 2206       3       org.objectweb.asm.Frame::getLocal (46 bytes)
Event: 2.419 Thread 0x000001cefdab7800 nmethod 2206 0x000001ce80a31f90 code [0x000001ce80a32140, 0x000001ce80a32338]
Event: 2.425 Thread 0x000001cefdab7800 2207       3       java.util.concurrent.ConcurrentLinkedQueue::<init> (21 bytes)
Event: 2.425 Thread 0x000001cefdab7800 nmethod 2207 0x000001ce80a32410 code [0x000001ce80a325e0, 0x000001ce80a329d8]
Event: 2.425 Thread 0x000001cefdab7800 2208       3       java.util.concurrent.ConcurrentLinkedQueue$Node::<init> (5 bytes)
Event: 2.425 Thread 0x000001cefdab7800 nmethod 2208 0x000001ce80a32b90 code [0x000001ce80a32d40, 0x000001ce80a32e98]
Event: 2.425 Thread 0x000001cefdab7800 2209       3       com.google.common.cache.LocalCache::expiresAfterAccess (15 bytes)
Event: 2.425 Thread 0x000001cefdab7800 nmethod 2209 0x000001ce80a32f90 code [0x000001ce80a33140, 0x000001ce80a332b8]
Event: 2.430 Thread 0x000001cefdab7800 2211       3       java.lang.invoke.DirectMethodHandle$Holder::invokeStatic (15 bytes)
Event: 2.430 Thread 0x000001cefdab7800 nmethod 2211 0x000001ce80a33390 code [0x000001ce80a33560, 0x000001ce80a33a98]
Event: 2.430 Thread 0x000001cefdab7800 2212       3       java.lang.reflect.Method::acquireMethodAccessor (44 bytes)
Event: 2.431 Thread 0x000001cefdab7800 nmethod 2212 0x000001ce80a33b90 code [0x000001ce80a33d80, 0x000001ce80a34258]

GC Heap History (8 events):
Event: 0.565 GC heap before
{Heap before GC invocations=0 (full 0):
 garbage-first heap   total 262144K, used 27648K [0x0000000080000000, 0x0000000100000000)
  region size 1024K, 22 young (22528K), 0 survivors (0K)
 Metaspace       used 9917K, capacity 10176K, committed 10368K, reserved 1058816K
  class space    used 1020K, capacity 1073K, committed 1152K, reserved 1048576K
}
Event: 0.567 GC heap after
{Heap after GC invocations=1 (full 0):
 garbage-first heap   total 262144K, used 9490K [0x0000000080000000, 0x0000000100000000)
  region size 1024K, 3 young (3072K), 3 survivors (3072K)
 Metaspace       used 9917K, capacity 10176K, committed 10368K, reserved 1058816K
  class space    used 1020K, capacity 1073K, committed 1152K, reserved 1048576K
}
Event: 0.852 GC heap before
{Heap before GC invocations=1 (full 0):
 garbage-first heap   total 262144K, used 29970K [0x0000000080000000, 0x0000000100000000)
  region size 1024K, 23 young (23552K), 3 survivors (3072K)
 Metaspace       used 11120K, capacity 11390K, committed 11520K, reserved 1058816K
  class space    used 1166K, capacity 1243K, committed 1280K, reserved 1048576K
}
Event: 0.854 GC heap after
{Heap after GC invocations=2 (full 0):
 garbage-first heap   total 262144K, used 10043K [0x0000000080000000, 0x0000000100000000)
  region size 1024K, 1 young (1024K), 1 survivors (1024K)
 Metaspace       used 11120K, capacity 11390K, committed 11520K, reserved 1058816K
  class space    used 1166K, capacity 1243K, committed 1280K, reserved 1048576K
}
Event: 1.813 GC heap before
{Heap before GC invocations=2 (full 0):
 garbage-first heap   total 262144K, used 63291K [0x0000000080000000, 0x0000000100000000)
  region size 1024K, 53 young (54272K), 1 survivors (1024K)
 Metaspace       used 17671K, capacity 18168K, committed 18432K, reserved 1064960K
  class space    used 2078K, capacity 2238K, committed 2304K, reserved 1048576K
}
Event: 1.816 GC heap after
{Heap after GC invocations=3 (full 0):
 garbage-first heap   total 262144K, used 16205K [0x0000000080000000, 0x0000000100000000)
  region size 1024K, 7 young (7168K), 7 survivors (7168K)
 Metaspace       used 17671K, capacity 18168K, committed 18432K, reserved 1064960K
  class space    used 2078K, capacity 2238K, committed 2304K, reserved 1048576K
}
Event: 1.999 GC heap before
{Heap before GC invocations=3 (full 0):
 garbage-first heap   total 262144K, used 40781K [0x0000000080000000, 0x0000000100000000)
  region size 1024K, 32 young (32768K), 7 survivors (7168K)
 Metaspace       used 20566K, capacity 21104K, committed 21248K, reserved 1067008K
  class space    used 2505K, capacity 2690K, committed 2816K, reserved 1048576K
}
Event: 2.004 GC heap after
{Heap after GC invocations=4 (full 0):
 garbage-first heap   total 262144K, used 17580K [0x0000000080000000, 0x0000000100000000)
  region size 1024K, 1 young (1024K), 1 survivors (1024K)
 Metaspace       used 20566K, capacity 21104K, committed 21248K, reserved 1067008K
  class space    used 2505K, capacity 2690K, committed 2816K, reserved 1048576K
}

Deoptimization events (20 events):
Event: 2.037 Thread 0x000001ceff4ab000 Uncommon trap: trap_request=0xffffff4d fr.pc=0x000001ce87af12ac relative=0x00000000000001ec
Event: 2.037 Thread 0x000001ceff4ab000 Uncommon trap: reason=unstable_if action=reinterpret pc=0x000001ce87af12ac method=java.util.HashMap.getNode(ILjava/lang/Object;)Ljava/util/HashMap$Node; @ 129 c2
Event: 2.037 Thread 0x000001ceff4ab000 DEOPT PACKING pc=0x000001ce87af12ac sp=0x000000234f6fbf40
Event: 2.037 Thread 0x000001ceff4ab000 DEOPT UNPACKING pc=0x000001ce800278af sp=0x000000234f6fbec8 mode 2
Event: 2.042 Thread 0x000001ceff4ab000 Uncommon trap: trap_request=0xffffff4d fr.pc=0x000001ce87b3e2ac relative=0x0000000000000b0c
Event: 2.042 Thread 0x000001ceff4ab000 Uncommon trap: reason=unstable_if action=reinterpret pc=0x000001ce87b3e2ac method=java.util.Properties$LineReader.readLine()I @ 249 c2
Event: 2.042 Thread 0x000001ceff4ab000 DEOPT PACKING pc=0x000001ce87b3e2ac sp=0x000000234f6fbf50
Event: 2.042 Thread 0x000001ceff4ab000 DEOPT UNPACKING pc=0x000001ce800278af sp=0x000000234f6fbee0 mode 2
Event: 2.155 Thread 0x000001ceff4ab000 Uncommon trap: trap_request=0xffffff4d fr.pc=0x000001ce87b31754 relative=0x0000000000000094
Event: 2.155 Thread 0x000001ceff4ab000 Uncommon trap: reason=unstable_if action=reinterpret pc=0x000001ce87b31754 method=java.util.LinkedHashMap.afterNodeInsertion(Z)V @ 1 c2
Event: 2.155 Thread 0x000001ceff4ab000 DEOPT PACKING pc=0x000001ce87b31754 sp=0x000000234f6fc990
Event: 2.155 Thread 0x000001ceff4ab000 DEOPT UNPACKING pc=0x000001ce800278af sp=0x000000234f6fc910 mode 2
Event: 2.157 Thread 0x000001ceff4ab000 Uncommon trap: trap_request=0xffffff4d fr.pc=0x000001ce87b13300 relative=0x0000000000000240
Event: 2.157 Thread 0x000001ceff4ab000 Uncommon trap: reason=unstable_if action=reinterpret pc=0x000001ce87b13300 method=java.util.concurrent.ConcurrentHashMap.get(Ljava/lang/Object;)Ljava/lang/Object; @ 76 c2
Event: 2.157 Thread 0x000001ceff4ab000 DEOPT PACKING pc=0x000001ce87b13300 sp=0x000000234f6faac0
Event: 2.157 Thread 0x000001ceff4ab000 DEOPT UNPACKING pc=0x000001ce800278af sp=0x000000234f6faa28 mode 2
Event: 2.330 Thread 0x000001ceff4ab000 Uncommon trap: trap_request=0xffffff7e fr.pc=0x000001ce87bb49b0 relative=0x0000000000000150
Event: 2.330 Thread 0x000001ceff4ab000 Uncommon trap: reason=predicate action=maybe_recompile pc=0x000001ce87bb49b0 method=com.google.common.base.CharMatcher.indexIn(Ljava/lang/CharSequence;I)I @ 19 c2
Event: 2.330 Thread 0x000001ceff4ab000 DEOPT PACKING pc=0x000001ce87bb49b0 sp=0x000000234f6fbac0
Event: 2.330 Thread 0x000001ceff4ab000 DEOPT UNPACKING pc=0x000001ce800278af sp=0x000000234f6fba50 mode 2

Classes redefined (0 events):
No events

Internal exceptions (20 events):
Event: 1.957 Thread 0x000001ceff4ab000 Exception <a 'java/lang/NoSuchMethodError'{0x000000008eb0d1a0}: 'java.lang.Object java.lang.invoke.DirectMethodHandle$Holder.invokeSpecial(java.lang.Object, java.lang.Object, java.lang.Object, java.lang.Object, int)'> (0x000000008eb0d1a0) thrown at [./src/hotspot/share/interpreter/linkResolver.cpp, line 773]
Event: 1.957 Thread 0x000001ceff4ab000 Exception <a 'java/lang/NoSuchMethodError'{0x000000008eb10b88}: 'java.lang.Object java.lang.invoke.Invokers$Holder.linkToTargetMethod(java.lang.Object, java.lang.Object, int, java.lang.Object)'> (0x000000008eb10b88) thrown at [./src/hotspot/share/interpreter/linkResolver.cpp, line 773]
Event: 2.011 Thread 0x000001ceff4ab000 Exception <a 'java/lang/NoSuchMethodError'{0x000000008ffdc298}: 'int java.lang.invoke.DirectMethodHandle$Holder.invokeSpecialIFC(java.lang.Object, java.lang.Object, java.lang.Object, java.lang.Object)'> (0x000000008ffdc298) thrown at [./src/hotspot/share/interpreter/linkResolver.cpp, line 773]
Event: 2.012 Thread 0x000001ceff4ab000 Exception <a 'java/lang/NoSuchMethodError'{0x000000008ffea058}: 'java.lang.Object java.lang.invoke.DirectMethodHandle$Holder.invokeInterface(java.lang.Object, java.lang.Object, java.lang.Object)'> (0x000000008ffea058) thrown at [./src/hotspot/share/interpreter/linkResolver.cpp, line 773]
Event: 2.012 Thread 0x000001ceff4ab000 Exception <a 'java/lang/IncompatibleClassChangeError'{0x000000008ffed530}: Found class java.lang.Object, but interface was expected> (0x000000008ffed530) thrown at [./src/hotspot/share/interpreter/linkResolver.cpp, line 839]
Event: 2.017 Thread 0x000001ceff4ab000 Exception <a 'java/lang/NoSuchMethodError'{0x000000008fea3a60}: 'void java.lang.invoke.DirectMethodHandle$Holder.invokeStatic(java.lang.Object, java.lang.Object, java.lang.Object, java.lang.Object, java.lang.Object)'> (0x000000008fea3a60) thrown at [./src/hotspot/share/interpreter/linkResolver.cpp, line 773]
Event: 2.056 Thread 0x000001ceff4ab000 Exception <a 'java/lang/NoSuchMethodError'{0x000000008f941c00}: 'void java.lang.invoke.DirectMethodHandle$Holder.invokeSpecial(java.lang.Object, java.lang.Object)'> (0x000000008f941c00) thrown at [./src/hotspot/share/interpreter/linkResolver.cpp, line 773]
Event: 2.076 Thread 0x000001ceff4ab000 Exception <a 'java/lang/NoSuchMethodError'{0x000000008f776390}: 'java.lang.Object java.lang.invoke.DirectMethodHandle$Holder.invokeSpecial(java.lang.Object, java.lang.Object, java.lang.Object, java.lang.Object, java.lang.Object, java.lang.Object, java.lang.Object, java.lang.Object, java.lang.Object)'> (0x000000008f776390) thrown at [./src/hotspot/share/interpreter/linkResolver.cpp, line 773]
Event: 2.119 Thread 0x000001ceff4ab000 Exception <a 'java/lang/NoSuchMethodError'{0x000000008ed12ad0}: 'java.lang.Object java.lang.invoke.DirectMethodHandle$Holder.invokeVirtual(java.lang.Object, java.lang.Object, java.lang.Object, java.lang.Object)'> (0x000000008ed12ad0) thrown at [./src/hotspot/share/interpreter/linkResolver.cpp, line 773]
Event: 2.132 Thread 0x000001ceff4ab000 Exception <a 'java/lang/NoSuchMethodError'{0x000000008ebdad78}: 'java.lang.Object java.lang.invoke.Invokers$Holder.invoker(java.lang.Object, java.lang.Object, java.lang.Object, java.lang.Object, java.lang.Object)'> (0x000000008ebdad78) thrown at [./src/hotspot/share/interpreter/linkResolver.cpp, line 773]
Event: 2.180 Thread 0x000001ceff4ab000 Exception <a 'java/lang/NoSuchMethodError'{0x000000008e529e30}: 'void java.lang.invoke.DirectMethodHandle$Holder.invokeSpecial(java.lang.Object, java.lang.Object, java.lang.Object, java.lang.Object, java.lang.Object, java.lang.Object)'> (0x000000008e529e30) thrown at [./src/hotspot/share/interpreter/linkResolver.cpp, line 773]
Event: 2.186 Thread 0x000001ceff4ab000 Exception <a 'java/lang/NoSuchMethodError'{0x000000008e58f600}: 'void java.lang.invoke.DirectMethodHandle$Holder.invokeSpecial(java.lang.Object, java.lang.Object, java.lang.Object, java.lang.Object, java.lang.Object, java.lang.Object, java.lang.Object)'> (0x000000008e58f600) thrown at [./src/hotspot/share/interpreter/linkResolver.cpp, line 773]
Event: 2.187 Thread 0x000001ceff4ab000 Exception <a 'java/lang/NoSuchMethodError'{0x000000008e597848}: 'java.lang.Object java.lang.invoke.Invokers$Holder.linkToTargetMethod(java.lang.Object, java.lang.Object, java.lang.Object, java.lang.Object, java.lang.Object, java.lang.Object)'> (0x000000008e597848) thrown at [./src/hotspot/share/interpreter/linkResolver.cpp, line 773]
Event: 2.285 Thread 0x000001ceff4ab000 Exception <a 'java/lang/NoSuchMethodError'{0x000000008d743998}: 'void java.lang.invoke.DirectMethodHandle$Holder.invokeStaticInit(java.lang.Object, java.lang.Object)'> (0x000000008d743998) thrown at [./src/hotspot/share/interpreter/linkResolver.cpp, line 773]
Event: 2.347 Thread 0x000001ceff4ab000 Exception <a 'java/lang/NoSuchMethodError'{0x000000008d1c73c8}: 'void java.lang.invoke.DirectMethodHandle$Holder.invokeStatic(java.lang.Object, java.lang.Object, java.lang.Object, java.lang.Object)'> (0x000000008d1c73c8) thrown at [./src/hotspot/share/interpreter/linkResolver.cpp, line 773]
Event: 2.349 Thread 0x000001ceff4ab000 Exception <a 'java/lang/NoSuchMethodError'{0x000000008d1dae28}: 'int java.lang.invoke.DirectMethodHandle$Holder.invokeInterface(java.lang.Object, java.lang.Object)'> (0x000000008d1dae28) thrown at [./src/hotspot/share/interpreter/linkResolver.cpp, line 773]
Event: 2.428 Thread 0x000001ceff4ab000 Exception <a 'java/lang/NoSuchMethodError'{0x000000008c5155c0}: 'java.lang.Object java.lang.invoke.DirectMethodHandle$Holder.invokeSpecialIFC(java.lang.Object, java.lang.Object, java.lang.Object, java.lang.Object)'> (0x000000008c5155c0) thrown at [./src/hotspot/share/interpreter/linkResolver.cpp, line 773]
Event: 2.432 Thread 0x000001ceff4ab000 Exception <a 'java/lang/NoSuchMethodError'{0x000000008c5f9580}: 'java.lang.Object java.lang.invoke.DirectMethodHandle$Holder.invokeSpecial(java.lang.Object, java.lang.Object, java.lang.Object, java.lang.Object, java.lang.Object, java.lang.Object, java.lang.Object, java.lang.Object, java.lang.Object, java.lang.Object, java.lang.Object, java.lang.Object, java.lang.Object)'> (0x000000008c5f9580) thrown at [./src/hotspot/share/interpreter/linkResolver.cpp, line 773]
Event: 2.433 Thread 0x000001ceff4ab000 Exception <a 'java/lang/NoSuchMethodError'{0x000000008c40afd0}: 'java.lang.Object java.lang.invoke.DirectMethodHandle$Holder.invokeSpecial(java.lang.Object, java.lang.Object, java.lang.Object, java.lang.Object, java.lang.Object, java.lang.Object, java.lang.Object, java.lang.Object, java.lang.Object, java.lang.Object, java.lang.Object, java.lang.Object)'> (0x000000008c40afd0) thrown at [./src/hotspot/share/interpreter/linkResolver.cpp, line 773]
Event: 2.433 Thread 0x000001ceff4ab000 Exception <a 'java/lang/NoSuchMethodError'{0x000000008c4100f8}: 'java.lang.Object java.lang.invoke.Invokers$Holder.linkToTargetMethod(java.lang.Object, java.lang.Object, java.lang.Object, java.lang.Object, java.lang.Object, java.lang.Object, java.lang.Object, java.lang.Object, java.lang.Object, java.lang.Object, java.lang.Object)'> (0x000000008c4100f8) thrown at [./src/hotspot/share/interpreter/linkResolver.cpp, line 773]

Events (20 events):
Event: 2.433 loading class org/gradle/api/internal/artifacts/ivyservice/ArtifactCacheMetadata
Event: 2.433 loading class org/gradle/api/internal/artifacts/ivyservice/ArtifactCacheMetadata done
Event: 2.433 loading class org/gradle/api/internal/artifacts/DependencyManagementBuildScopeServices
Event: 2.433 loading class org/gradle/api/internal/artifacts/DependencyManagementBuildScopeServices done
Event: 2.433 Executing VM operation: RevokeBias
Event: 2.433 Executing VM operation: RevokeBias done
Event: 2.433 Executing VM operation: RevokeBias
Event: 2.433 Executing VM operation: RevokeBias done
Event: 2.434 loading class org/gradle/api/internal/artifacts/ivyservice/modulecache/dynamicversions/ModuleVersionsCache$CachedModuleVersionList
Event: 2.434 loading class org/gradle/api/internal/artifacts/ivyservice/modulecache/dynamicversions/ModuleVersionsCache$CachedModuleVersionList done
Event: 2.434 loading class org/gradle/api/internal/artifacts/ivyservice/modulecache/ModuleMetadataCache$CachedMetadata
Event: 2.434 loading class org/gradle/api/internal/artifacts/ivyservice/modulecache/ModuleMetadataCache$CachedMetadata done
Event: 2.434 loading class org/gradle/api/internal/artifacts/ivyservice/modulecache/ModuleMetadataStore
Event: 2.434 loading class org/gradle/api/internal/artifacts/ivyservice/modulecache/ModuleMetadataStore done
Event: 2.435 loading class org/gradle/api/internal/artifacts/ivyservice/modulecache/ModuleMetadataSerializer
Event: 2.435 loading class org/gradle/api/internal/artifacts/ivyservice/modulecache/ModuleMetadataSerializer done
Event: 2.435 loading class org/gradle/api/internal/artifacts/ModuleComponentSelectorSerializer
Event: 2.435 loading class org/gradle/api/internal/artifacts/ModuleComponentSelectorSerializer done
Event: 2.436 loading class org/gradle/api/internal/artifacts/ivyservice/modulecache/artifacts/CachedArtifacts
Event: 2.436 loading class org/gradle/api/internal/artifacts/ivyservice/modulecache/artifacts/CachedArtifacts done


Dynamic libraries:
0x00007ff630c50000 - 0x00007ff630c5a000 	C:\Program Files\Android\Android Studio1\jre\bin\java.exe
0x00007ffd1d9f0000 - 0x00007ffd1dbe5000 	C:\Windows\SYSTEM32\ntdll.dll
0x00007ffd1bb80000 - 0x00007ffd1bc3e000 	C:\Windows\System32\KERNEL32.DLL
0x00007ffd1b1b0000 - 0x00007ffd1b478000 	C:\Windows\System32\KERNELBASE.dll
0x00007ffd1b940000 - 0x00007ffd1ba40000 	C:\Windows\System32\ucrtbase.dll
0x00007ffd02b90000 - 0x00007ffd02ba7000 	C:\Program Files\Android\Android Studio1\jre\bin\VCRUNTIME140.dll
0x00007ffd065c0000 - 0x00007ffd065d9000 	C:\Program Files\Android\Android Studio1\jre\bin\jli.dll
0x00007ffd1bc40000 - 0x00007ffd1bde1000 	C:\Windows\System32\USER32.dll
0x00007ffd1b750000 - 0x00007ffd1b772000 	C:\Windows\System32\win32u.dll
0x00007ffd1c230000 - 0x00007ffd1c25b000 	C:\Windows\System32\GDI32.dll
0x00007ffd1b640000 - 0x00007ffd1b74b000 	C:\Windows\System32\gdi32full.dll
0x00007ffd07370000 - 0x00007ffd0760a000 	C:\Windows\WinSxS\amd64_microsoft.windows.common-controls_6595b64144ccf1df_6.0.19041.1110_none_60b5254171f9507e\COMCTL32.dll
0x00007ffd1b110000 - 0x00007ffd1b1ad000 	C:\Windows\System32\msvcp_win.dll
0x00007ffd1bdf0000 - 0x00007ffd1be8e000 	C:\Windows\System32\msvcrt.dll
0x00007ffd1cf00000 - 0x00007ffd1cf30000 	C:\Windows\System32\IMM32.DLL
0x00007ffce9e60000 - 0x00007ffce9efd000 	C:\Program Files\Android\Android Studio1\jre\bin\msvcp140.dll
0x00007ffcb47d0000 - 0x00007ffcb529f000 	C:\Program Files\Android\Android Studio1\jre\bin\server\jvm.dll
0x00007ffd1d7c0000 - 0x00007ffd1d86c000 	C:\Windows\System32\ADVAPI32.dll
0x00007ffd1d8f0000 - 0x00007ffd1d98b000 	C:\Windows\System32\sechost.dll
0x00007ffd1be90000 - 0x00007ffd1bfba000 	C:\Windows\System32\RPCRT4.dll
0x00007ffd1cae0000 - 0x00007ffd1cae8000 	C:\Windows\System32\PSAPI.DLL
0x00007ffd130c0000 - 0x00007ffd130c9000 	C:\Windows\SYSTEM32\WSOCK32.dll
0x00007ffd14b70000 - 0x00007ffd14b7a000 	C:\Windows\SYSTEM32\VERSION.dll
0x00007ffd109e0000 - 0x00007ffd10a07000 	C:\Windows\SYSTEM32\WINMM.dll
0x00007ffd1c160000 - 0x00007ffd1c1cb000 	C:\Windows\System32\WS2_32.dll
0x00007ffd19030000 - 0x00007ffd19042000 	C:\Windows\SYSTEM32\kernel.appcore.dll
0x00007ffd0f840000 - 0x00007ffd0f851000 	C:\Program Files\Android\Android Studio1\jre\bin\verify.dll
0x00007ffd0ef70000 - 0x00007ffd0f154000 	C:\Windows\SYSTEM32\DBGHELP.DLL
0x00007ffd04090000 - 0x00007ffd040bc000 	C:\Windows\SYSTEM32\dbgcore.DLL
0x00007ffd1b830000 - 0x00007ffd1b8b3000 	C:\Windows\System32\bcryptPrimitives.dll
0x00007ffceee80000 - 0x00007ffceeea9000 	C:\Program Files\Android\Android Studio1\jre\bin\java.dll
0x00007ffd0f3a0000 - 0x00007ffd0f3ab000 	C:\Program Files\Android\Android Studio1\jre\bin\jimage.dll
0x00007ffd084d0000 - 0x00007ffd084e8000 	C:\Program Files\Android\Android Studio1\jre\bin\zip.dll
0x00007ffd1c3a0000 - 0x00007ffd1cadf000 	C:\Windows\System32\SHELL32.dll
0x00007ffd19230000 - 0x00007ffd199c0000 	C:\Windows\SYSTEM32\windows.storage.dll
0x00007ffd1d460000 - 0x00007ffd1d7b5000 	C:\Windows\System32\combase.dll
0x00007ffd1ab60000 - 0x00007ffd1ab8e000 	C:\Windows\SYSTEM32\Wldp.dll
0x00007ffd1d3b0000 - 0x00007ffd1d45d000 	C:\Windows\System32\SHCORE.dll
0x00007ffd1c100000 - 0x00007ffd1c155000 	C:\Windows\System32\shlwapi.dll
0x00007ffd1b050000 - 0x00007ffd1b06f000 	C:\Windows\SYSTEM32\profapi.dll
0x00007ffcf3750000 - 0x00007ffcf376a000 	C:\Program Files\Android\Android Studio1\jre\bin\net.dll
0x00007ffd13e10000 - 0x00007ffd13f1c000 	C:\Windows\SYSTEM32\WINHTTP.dll
0x00007ffd1a8c0000 - 0x00007ffd1a92a000 	C:\Windows\system32\mswsock.dll
0x00007ffcf3ec0000 - 0x00007ffcf3ed4000 	C:\Program Files\Android\Android Studio1\jre\bin\nio.dll
0x00007ffd005c0000 - 0x00007ffd005e7000 	C:\Users\dhekd\.gradle\native\8bec1ad78214c89d9ad589b4d07fe93259594b29d510b10fafb7a158f7737e5d\windows-amd64\native-platform.dll
0x00007ffcea4b0000 - 0x00007ffcea5ed000 	C:\Users\dhekd\.gradle\native\53dbd7edfb1c66fb8903c78663c9afc45aea4f116125fa6feffd364cf09443e8\windows-amd64\native-platform-file-events.dll
0x00007ffd0d230000 - 0x00007ffd0d23a000 	C:\Program Files\Android\Android Studio1\jre\bin\management.dll
0x00007ffd0c050000 - 0x00007ffd0c05c000 	C:\Program Files\Android\Android Studio1\jre\bin\management_ext.dll
0x00007ffd1aab0000 - 0x00007ffd1aac8000 	C:\Windows\SYSTEM32\CRYPTSP.dll
0x00007ffd1a1d0000 - 0x00007ffd1a204000 	C:\Windows\system32\rsaenh.dll
0x00007ffd1b910000 - 0x00007ffd1b937000 	C:\Windows\System32\bcrypt.dll
0x00007ffd1afd0000 - 0x00007ffd1affe000 	C:\Windows\SYSTEM32\USERENV.dll
0x00007ffd1aad0000 - 0x00007ffd1aadc000 	C:\Windows\SYSTEM32\CRYPTBASE.dll
0x00007ffd1a560000 - 0x00007ffd1a59b000 	C:\Windows\SYSTEM32\IPHLPAPI.DLL
0x00007ffd1cc20000 - 0x00007ffd1cc28000 	C:\Windows\System32\NSI.dll
0x00007ffd14e40000 - 0x00007ffd14e57000 	C:\Windows\SYSTEM32\dhcpcsvc6.DLL
0x00007ffd14c10000 - 0x00007ffd14c2d000 	C:\Windows\SYSTEM32\dhcpcsvc.DLL
0x00007ffd1a5a0000 - 0x00007ffd1a66b000 	C:\Windows\SYSTEM32\DNSAPI.dll

dbghelp: loaded successfully - version: 4.0.5 - missing functions: none
symbol engine: initialized successfully - sym options: 0x614 - pdb path: .;C:\Program Files\Android\Android Studio1\jre\bin;C:\Windows\SYSTEM32;C:\Windows\WinSxS\amd64_microsoft.windows.common-controls_6595b64144ccf1df_6.0.19041.1110_none_60b5254171f9507e;C:\Program Files\Android\Android Studio1\jre\bin\server;C:\Users\dhekd\.gradle\native\8bec1ad78214c89d9ad589b4d07fe93259594b29d510b10fafb7a158f7737e5d\windows-amd64;C:\Users\dhekd\.gradle\native\53dbd7edfb1c66fb8903c78663c9afc45aea4f116125fa6feffd364cf09443e8\windows-amd64

VM Arguments:
jvm_args: --add-opens=java.base/java.util=ALL-UNNAMED --add-opens=java.base/java.lang=ALL-UNNAMED --add-opens=java.base/java.lang.invoke=ALL-UNNAMED --add-opens=java.base/java.util=ALL-UNNAMED --add-opens=java.prefs/java.util.prefs=ALL-UNNAMED --add-opens=java.prefs/java.util.prefs=ALL-UNNAMED --add-opens=java.base/java.nio.charset=ALL-UNNAMED --add-opens=java.base/java.net=ALL-UNNAMED --add-opens=java.base/java.util.concurrent.atomic=ALL-UNNAMED -Xmx2048m -Dfile.encoding=UTF-8 -Duser.country=KR -Duser.language=ko -Duser.variant 
java_command: org.gradle.launcher.daemon.bootstrap.GradleDaemon 7.0.2
java_class_path (initial): C:\Users\dhekd\.gradle\wrapper\dists\gradle-7.0.2-bin\857tjihv64xamwrf0h14cai3r\gradle-7.0.2\lib\gradle-launcher-7.0.2.jar
Launcher Type: SUN_STANDARD

[Global flags]
     intx CICompilerCount                          = 3                                         {product} {ergonomic}
     uint ConcGCThreads                            = 2                                         {product} {ergonomic}
     uint G1ConcRefinementThreads                  = 6                                         {product} {ergonomic}
   size_t G1HeapRegionSize                         = 1048576                                   {product} {ergonomic}
    uintx GCDrainStackTargetSize                   = 64                                        {product} {ergonomic}
   size_t InitialHeapSize                          = 268435456                                 {product} {ergonomic}
   size_t MarkStackSize                            = 4194304                                   {product} {ergonomic}
   size_t MaxHeapSize                              = 2147483648                                {product} {command line}
   size_t MaxNewSize                               = 1287651328                                {product} {ergonomic}
   size_t MinHeapDeltaBytes                        = 1048576                                   {product} {ergonomic}
    uintx NonNMethodCodeHeapSize                   = 5830732                                {pd product} {ergonomic}
    uintx NonProfiledCodeHeapSize                  = 122913754                              {pd product} {ergonomic}
    uintx ProfiledCodeHeapSize                     = 122913754                              {pd product} {ergonomic}
    uintx ReservedCodeCacheSize                    = 251658240                              {pd product} {ergonomic}
     bool SegmentedCodeCache                       = true                                      {product} {ergonomic}
     bool UseCompressedClassPointers               = true                                 {lp64_product} {ergonomic}
     bool UseCompressedOops                        = true                                 {lp64_product} {ergonomic}
     bool UseG1GC                                  = true                                      {product} {ergonomic}
     bool UseLargePagesIndividualAllocation        = false                                  {pd product} {ergonomic}

Logging:
Log output configuration:
 #0: stdout all=warning uptime,level,tags
 #1: stderr all=off uptime,level,tags

Environment Variables:
JAVA_HOME=C:\Program Files\Java\jdk-17.0.1
PATH=C:\Program Files\NVIDIA GPU Computing Toolkit\CUDA\v11.2\bin;C:\Program Files\NVIDIA GPU Computing Toolkit\CUDA\v11.2\libnvvp;C:\Program Files\Common Files\Oracle\Java\javapath;"C:\Program Files (x86)\Common Files\Oracle\Java\javapath;C:\Program Files\MySQL\MySQL Server 8.0\bin";C:\WINDOWS\system32;C:\WINDOWS;C:\WINDOWS\System32\Wbem;C:\WINDOWS\System32\WindowsPowerShell\v1.0\;C:\WINDOWS\System32\OpenSSH\;C:\Program Files (x86)\Common Files\Acronis\VirtualFile\;C:\Program Files (x86)\Common Files\Acronis\VirtualFile64\;C:\Program Files (x86)\Common Files\Acronis\SnapAPI\;C:\WINDOWS\system32;C:\WINDOWS;C:\WINDOWS\System32\Wbem;C:\WINDOWS\System32\WindowsPowerShell\v1.0\;C:\WINDOWS\System32\OpenSSH\;C:\Program Files\Microsoft SQL Server\130\Tools\Binn\;C:\Program Files (x86)\Microsoft SQL Server\100\Tools\Binn\;C:\Program Files (x86)\Microsoft SQL Server\100\DTS\Binn\;C:\Program Files (x86)\Microsoft SQL Server\100\Tools\Binn\VSShell\Common7\IDE\;C:\Program Files\MySQL\MySQL Server 8.0\bin;C:\Program Files\NVIDIA Corporation\NVIDIA NvDLISR;C:\Program Files\NVIDIA Corporation\Nsight Compute 2020.3.0\;C:\Program Files (x86)\NVIDIA Corporation\PhysX\Common;C:\Program Files\Git\cmd;C:\Program Files\MySQL\MySQL Shell 8.0\bin\;E:\anaconda3;E:\anaconda3\Library\mingw-w64\bin;E:\anaconda3\Library\usr\bin;E:\anaconda3\Library\bin;E:\anaconda3\Scripts;C:\Users\dhekd\AppData\Local\Microsoft\WindowsApps;C:\Users\dhekd\AppData\Local\afreeca;C:\Program Files\Java\jdk-13.0.1\bin;C:\Program Files\Java\jre1.8.0_281\lib;C:\Users\dhekd\AppData\Local\GitHubDesktop\bin;C:\Program Files\Bandizip\
USERNAME=사용자
LANG=KO
OS=Windows_NT
PROCESSOR_IDENTIFIER=Intel64 Family 6 Model 158 Stepping 10, GenuineIntel



---------------  S Y S T E M  ---------------

OS: Windows 10 , 64 bit Build 19041 (10.0.19041.1348)
OS uptime: 1 days 10:45 hours

CPU:total 6 (initial active 6) (6 cores per cpu, 1 threads per core) family 6 model 158 stepping 10 microcode 0xb4, cmov, cx8, fxsr, mmx, sse, sse2, sse3, ssse3, sse4.1, sse4.2, popcnt, avx, avx2, aes, clmul, erms, 3dnowpref, lzcnt, tsc, tscinvbit, bmi1, bmi2, adx, fma

Memory: 4k page, system-wide physical 16326M (5245M free)
TotalPageFile size 25134M (AvailPageFile size 5M)
current process WorkingSet (physical memory assigned to process): 211M, peak: 211M
current process commit charge ("private bytes"): 419M, peak: 420M

vm_info: OpenJDK 64-Bit Server VM (11.0.10+0-b96-7249189) for windows-amd64 JRE (11.0.10+0-b96-7249189), built on Mar 31 2021 21:44:00 by "builder" with MS VC++ 14.0 (VS2015)

END.
